2025-10-03 19:46:52.205 [info] Native locator: Refresh started
2025-10-03 19:46:52.279 [info] Native locator: Refresh started
2025-10-03 19:46:54.825 [info] > pyenv which python
2025-10-03 19:46:54.825 [info] cwd: .
2025-10-03 19:46:55.495 [info] Native locator: Refresh finished in 3661 ms
2025-10-03 19:46:55.497 [info] Python interpreter path: ./venv/bin/python
2025-10-03 19:46:56.710 [info] Starting Pylance language server.
2025-10-03 21:08:07.599 [info] Discover tests for workspace name: book_manager - uri: /home/abhinav/Desktop/first_project/book_manager/first_app/views.py
2025-10-03 21:15:14.484 [info] Discover tests for workspace name: book_manager - uri: /home/abhinav/Desktop/first_project/book_manager/first_app/views.py
2025-10-03 21:15:20.491 [info] Discover tests for workspace name: book_manager - uri: /home/abhinav/Desktop/first_project/book_manager/first_app/views.py
2025-10-03 21:15:26.957 [info] Send text to terminal: source /home/abhinav/Desktop/first_project/book_manager/venv/bin/activate
2025-10-03 21:22:09.494 [info] Discover tests for workspace name: book_manager - uri: /home/abhinav/Desktop/first_project/book_manager/first_app/models.py
2025-10-03 21:22:41.983 [info] Discover tests for workspace name: book_manager - uri: /home/abhinav/Desktop/first_project/book_manager/first_app/urls.py
2025-10-03 21:22:48.448 [info] Discover tests for workspace name: book_manager - uri: /home/abhinav/Desktop/first_project/book_manager/first_app/urls.py
2025-10-03 21:26:35.912 [info] Discover tests for workspace name: book_manager - uri: /home/abhinav/Desktop/first_project/book_manager/first_app/views.py
2025-10-03 21:27:26.092 [info] Discover tests for workspace name: book_manager - uri: /home/abhinav/Desktop/first_project/book_manager/first_app/views.py
2025-10-03 21:27:33.319 [info] Discover tests for workspace name: book_manager - uri: /home/abhinav/Desktop/first_project/book_manager/first_app/views.py
2025-10-03 21:28:46.820 [info] Discover tests for workspace name: book_manager - uri: /home/abhinav/Desktop/first_project/book_manager/first_app/views.py
2025-10-03 21:29:00.357 [info] Discover tests for workspace name: book_manager - uri: /home/abhinav/Desktop/first_project/book_manager/first_app/views.py
2025-10-03 21:29:29.287 [info] Discover tests for workspace name: book_manager - uri: /home/abhinav/Desktop/first_project/book_manager/first_app/views.py
