2025-08-05 12:42:07 Loading main app package /tmp/.mount_ObsidiTxEHWa/resources/obsidian.asar
2025-08-05 12:42:08 Checking for update using Github
2025-08-05 12:42:08 Success.
2025-08-05 12:42:08 Latest version is 1.8.10
2025-08-05 12:42:08 App is up to date.
2025-08-05 12:42:14 Loading main app package /tmp/.mount_ObsidibhYXtx/resources/obsidian.asar
2025-08-05 12:42:15 Checking for update using Github
2025-08-05 12:42:15 Success.
2025-08-05 12:42:15 Latest version is 1.8.10
2025-08-05 12:42:15 App is up to date.
2025-08-05 13:42:14 Checking for update using Github
2025-08-05 13:42:14 Success.
2025-08-05 13:42:14 Latest version is 1.8.10
2025-08-05 13:42:14 App is up to date.
2025-08-05 15:42:40 Checking for update using Github
2025-08-05 15:42:40 Success.
2025-08-05 15:42:40 Latest version is 1.8.10
2025-08-05 15:42:40 App is up to date.
2025-08-05 16:42:40 Checking for update using Github
2025-08-05 16:42:40 Success.
2025-08-05 16:42:40 Latest version is 1.8.10
2025-08-05 16:42:40 App is up to date.
2025-08-09 15:06:55 Loading main app package /tmp/.mount_ObsidimoveFv/resources/obsidian.asar
2025-08-09 15:06:56 Checking for update using Github
2025-08-09 15:06:56 Success.
2025-08-09 15:06:56 Latest version is 1.8.10
2025-08-09 15:06:56 App is up to date.
2025-08-09 16:06:55 Checking for update using Github
2025-08-09 16:06:55 Success.
2025-08-09 16:06:55 Latest version is 1.8.10
2025-08-09 16:06:55 App is up to date.
2025-08-09 17:06:55 Checking for update using Github
2025-08-09 17:06:55 Success.
2025-08-09 17:06:55 Latest version is 1.8.10
2025-08-09 17:06:55 App is up to date.
2025-08-09 18:06:55 Checking for update using Github
2025-08-09 18:06:57 Success.
2025-08-09 18:06:57 Latest version is 1.8.10
2025-08-09 18:06:57 App is up to date.
2025-08-10 11:17:58 Loading main app package /tmp/.mount_Obsidi2lCIb8/resources/obsidian.asar
2025-08-10 11:17:58 Checking for update using Github
2025-08-10 11:17:59 Success.
2025-08-10 11:17:59 Latest version is 1.8.10
2025-08-10 11:17:59 App is up to date.
2025-08-10 12:17:58 Checking for update using Github
2025-08-10 12:17:58 Success.
2025-08-10 12:17:58 Latest version is 1.8.10
2025-08-10 12:17:58 App is up to date.
2025-08-10 13:17:58 Checking for update using Github
2025-08-10 13:17:59 Success.
2025-08-10 13:17:59 Latest version is 1.8.10
2025-08-10 13:17:59 App is up to date.
2025-08-11 17:58:10 Loading main app package /tmp/.mount_ObsidiaWXQj0/resources/obsidian.asar
2025-08-11 17:58:11 Checking for update using Github
2025-08-11 17:58:11 Success.
2025-08-11 17:58:11 Latest version is 1.8.10
2025-08-11 17:58:11 App is up to date.
2025-08-11 18:58:10 Checking for update using Github
2025-08-11 18:58:11 Success.
2025-08-11 18:58:11 Latest version is 1.8.10
2025-08-11 18:58:11 App is up to date.
2025-08-13 08:07:40 Loading main app package /tmp/.mount_ObsidixXEVNE/resources/obsidian.asar
2025-08-13 08:07:41 Checking for update using Github
2025-08-13 08:07:42 Success.
2025-08-13 08:07:42 Latest version is 1.8.10
2025-08-13 08:07:42 App is up to date.
2025-08-15 17:15:35 Loading main app package /tmp/.mount_ObsidiuFhMdm/resources/obsidian.asar
2025-08-15 17:15:35 Checking for update using Github
2025-08-15 17:15:36 Success.
2025-08-15 17:15:36 Latest version is 1.8.10
2025-08-15 17:15:36 App is up to date.
2025-08-15 17:39:22 Loading main app package /tmp/.mount_ObsidiliiXOM/resources/obsidian.asar
2025-08-15 17:39:23 Checking for update using Github
2025-08-15 17:39:24 Success.
2025-08-15 17:39:24 Latest version is 1.8.10
2025-08-15 17:39:24 App is up to date.
2025-08-15 17:42:48 Loading main app package /tmp/.mount_obsidiSihXmK/resources/obsidian.asar
2025-08-15 17:42:48 Checking for update using Github
2025-08-15 17:42:48 Success.
2025-08-15 17:42:48 Latest version is 1.8.10
2025-08-15 17:42:48 App is up to date.
2025-08-15 17:43:40 Loading main app package /tmp/.mount_obsidiF9AU6n/resources/obsidian.asar
2025-08-15 17:43:40 Checking for update using Github
2025-08-15 17:43:40 Success.
2025-08-15 17:43:40 Latest version is 1.8.10
2025-08-15 17:43:40 App is up to date.
2025-08-15 17:46:43 Loading main app package /tmp/.mount_obsidio7xnNB/resources/obsidian.asar
2025-08-15 17:46:44 Checking for update using Github
2025-08-15 17:46:45 Success.
2025-08-15 17:46:45 Latest version is 1.8.10
2025-08-15 17:46:45 App is up to date.
2025-08-15 21:41:56 Loading main app package /tmp/.mount_obsididpQAJ0/resources/obsidian.asar
2025-08-15 21:41:57 Checking for update using Github
2025-08-15 21:41:57 Success.
2025-08-15 21:41:57 Latest version is 1.8.10
2025-08-15 21:41:57 App is up to date.
2025-08-16 04:20:48 Loading main app package /tmp/.mount_obsidimEbIOR/resources/obsidian.asar
2025-08-16 04:20:48 Checking for update using Github
2025-08-16 04:20:48 Success.
2025-08-16 04:20:48 Latest version is 1.8.10
2025-08-16 04:20:48 App is up to date.
2025-08-16 09:41:16 Loading main app package /tmp/.mount_obsidizTxLNj/resources/obsidian.asar
2025-08-16 09:41:17 Checking for update using Github
2025-08-16 09:41:17 Success.
2025-08-16 09:41:17 Latest version is 1.8.10
2025-08-16 09:41:17 App is up to date.
2025-08-16 16:20:11 Loading main app package /tmp/.mount_obsidiulHBOs/resources/obsidian.asar
2025-08-16 16:20:12 Checking for update using Github
2025-08-16 16:20:12 Success.
2025-08-16 16:20:12 Latest version is 1.8.10
2025-08-16 16:20:12 App is up to date.
2025-08-16 16:20:54 Loading main app package /tmp/.mount_obsidiE4JDqQ/resources/obsidian.asar
2025-08-16 16:20:54 Checking for update using Github
2025-08-16 16:20:54 Success.
2025-08-16 16:20:54 Latest version is 1.8.10
2025-08-16 16:20:54 App is up to date.
2025-08-16 17:31:41 Loading main app package /tmp/.mount_obsidiKIDUc3/resources/obsidian.asar
2025-08-16 17:31:42 Checking for update using Github
2025-08-16 17:31:43 Success.
2025-08-16 17:31:43 Latest version is 1.8.10
2025-08-16 17:31:43 App is up to date.
2025-08-16 18:49:27 Loading main app package /tmp/.mount_obsidiWJubtz/resources/obsidian.asar
2025-08-16 18:49:28 Checking for update using Github
2025-08-16 18:49:29 Success.
2025-08-16 18:49:29 Latest version is 1.8.10
2025-08-16 18:49:29 App is up to date.
2025-08-17 11:57:41 Loading main app package /tmp/.mount_obsidiGDf1dl/resources/obsidian.asar
2025-08-17 11:57:41 Checking for update using Github
2025-08-17 11:57:42 Success.
2025-08-17 11:57:42 Latest version is 1.8.10
2025-08-17 11:57:42 App is up to date.
2025-08-17 17:50:12 Loading main app package /tmp/.mount_obsidi6WIM8b/resources/obsidian.asar
2025-08-17 17:50:13 Checking for update using Github
2025-08-17 17:50:43 Failed to check for update using Github (net::ERR_TIMED_OUT)
2025-08-17 17:50:43 Checking for update using obsidian.md
2025-08-17 17:50:43 Failed to check for update using obsidian.md (Unexpected end of JSON input)
2025-08-17 18:02:25 Loading main app package /tmp/.mount_obsidiRGhgB3/resources/obsidian.asar
2025-08-17 18:02:25 Checking for update using Github
2025-08-17 18:02:26 Success.
2025-08-17 18:02:26 Latest version is 1.8.10
2025-08-17 18:02:26 App is up to date.
2025-08-19 15:40:39 Loading main app package /tmp/.mount_obsidiEjQCBy/resources/obsidian.asar
2025-08-19 15:40:39 Checking for update using Github
2025-08-19 15:40:40 Success.
2025-08-19 15:40:40 Latest version is 1.9.10
2025-08-19 15:40:40 Downloading update from https://github.com/obsidianmd/obsidian-releases/releases/download/v1.9.10/obsidian-1.9.10.asar.gz
2025-08-19 15:41:12 Verifying hash & signature. Size= 9033422
2025-08-19 15:41:12 Saving file
2025-08-19 15:41:12 Update complete.
2025-08-19 16:40:39 Checking for update using Github
2025-08-19 16:40:39 Success.
2025-08-19 16:40:39 Latest version is 1.9.10
2025-08-19 16:40:39 An update is already downloaded.
2025-08-19 17:40:39 Checking for update using Github
2025-08-19 17:40:40 Success.
2025-08-19 17:40:40 Latest version is 1.9.10
2025-08-19 17:40:40 An update is already downloaded.
2025-08-21 15:20:44 Loading updated app package /home/abhinav/.config/obsidian/obsidian-1.9.10.asar
2025-08-21 15:20:45 Checking for update using Github
2025-08-21 15:20:45 Success.
2025-08-21 15:20:45 Latest version is 1.9.10
2025-08-21 15:20:45 App is up to date.
2025-08-23 17:56:28 Loading updated app package /home/abhinav/.config/obsidian/obsidian-1.9.10.asar
2025-08-23 17:56:29 Checking for update using Github
2025-08-23 17:56:29 Success.
2025-08-23 17:56:29 Latest version is 1.9.10
2025-08-23 17:56:29 App is up to date.
2025-08-24 13:23:00 Loading updated app package /home/abhinav/.config/obsidian/obsidian-1.9.10.asar
2025-08-24 13:23:01 Checking for update using Github
2025-08-24 13:23:01 Success.
2025-08-24 13:23:01 Latest version is 1.9.10
2025-08-24 13:23:01 App is up to date.
2025-08-24 17:34:57 Loading updated app package /home/abhinav/.config/obsidian/obsidian-1.9.10.asar
2025-08-24 17:34:57 Checking for update using Github
2025-08-24 17:34:58 Success.
2025-08-24 17:34:58 Latest version is 1.9.10
2025-08-24 17:34:58 App is up to date.
2025-08-28 02:47:29 Loading updated app package /home/abhinav/.config/obsidian/obsidian-1.9.10.asar
2025-08-28 02:47:30 Checking for update using Github
2025-08-28 02:47:32 Success.
2025-08-28 02:47:32 Latest version is 1.9.12
2025-08-28 02:47:32 Downloading update from https://github.com/obsidianmd/obsidian-releases/releases/download/v1.9.12/obsidian-1.9.12.asar.gz
2025-08-28 02:47:40 Verifying hash & signature. Size= 9033321
2025-08-28 02:47:40 Saving file
2025-08-28 02:47:41 Update complete.
2025-08-28 18:23:35 Loading updated app package /home/abhinav/.config/obsidian/obsidian-1.9.12.asar
2025-08-28 18:23:35 Checking for update using Github
2025-08-28 18:23:36 Success.
2025-08-28 18:23:36 Latest version is 1.9.12
2025-08-28 18:23:36 App is up to date.
2025-08-29 18:46:47 Loading updated app package /home/abhinav/.config/obsidian/obsidian-1.9.12.asar
2025-08-29 18:46:47 Checking for update using Github
2025-08-29 18:46:47 Success.
2025-08-29 18:46:47 Latest version is 1.9.12
2025-08-29 18:46:47 App is up to date.
2025-08-30 05:52:13 Loading updated app package /home/abhinav/.config/obsidian/obsidian-1.9.12.asar
2025-08-30 05:52:14 Checking for update using Github
2025-08-30 05:52:14 Success.
2025-08-30 05:52:14 Latest version is 1.9.12
2025-08-30 05:52:14 App is up to date.
2025-08-30 06:52:13 Checking for update using Github
2025-08-30 06:52:13 Success.
2025-08-30 06:52:13 Latest version is 1.9.12
2025-08-30 06:52:13 App is up to date.
2025-08-30 07:52:13 Checking for update using Github
2025-08-30 07:52:13 Success.
2025-08-30 07:52:13 Latest version is 1.9.12
2025-08-30 07:52:13 App is up to date.
2025-08-30 09:21:20 Checking for update using Github
2025-08-30 09:21:20 Success.
2025-08-30 09:21:20 Latest version is 1.9.12
2025-08-30 09:21:20 App is up to date.
2025-08-30 10:21:20 Checking for update using Github
2025-08-30 10:21:34 Success.
2025-08-30 10:21:34 Latest version is 1.9.12
2025-08-30 10:21:34 App is up to date.
2025-09-04 15:43:55 Loading updated app package /home/abhinav/.config/obsidian/obsidian-1.9.12.asar
2025-09-04 15:43:56 Checking for update using Github
2025-09-04 15:43:56 Success.
2025-09-04 15:43:56 Latest version is 1.9.12
2025-09-04 15:43:56 App is up to date.
2025-09-08 15:20:58 Loading updated app package /home/abhinav/.config/obsidian/obsidian-1.9.12.asar
2025-09-08 15:20:59 Checking for update using Github
2025-09-08 15:20:59 Success.
2025-09-08 15:20:59 Latest version is 1.9.12
2025-09-08 15:20:59 App is up to date.
2025-09-09 20:08:10 Loading updated app package /home/abhinav/.config/obsidian/obsidian-1.9.12.asar
2025-09-09 20:08:10 Checking for update using Github
2025-09-09 20:08:11 Success.
2025-09-09 20:08:11 Latest version is 1.9.12
2025-09-09 20:08:11 App is up to date.
2025-09-11 13:41:16 Loading updated app package /home/abhinav/.config/obsidian/obsidian-1.9.12.asar
2025-09-11 13:41:16 Checking for update using Github
2025-09-11 13:41:17 Success.
2025-09-11 13:41:17 Latest version is 1.9.12
2025-09-11 13:41:17 App is up to date.
2025-09-15 07:22:42 Loading updated app package /home/abhinav/.config/obsidian/obsidian-1.9.12.asar
2025-09-15 07:22:42 Checking for update using Github
2025-09-15 07:22:43 Success.
2025-09-15 07:22:43 Latest version is 1.9.12
2025-09-15 07:22:43 App is up to date.
2025-09-24 08:01:57 Loading updated app package /home/abhinav/.config/obsidian/obsidian-1.9.12.asar
2025-09-24 08:01:58 Checking for update using Github
2025-09-24 08:01:58 Success.
2025-09-24 08:01:58 Latest version is 1.9.12
2025-09-24 08:01:58 App is up to date.
2025-09-27 06:02:15 Loading updated app package /home/abhinav/.config/obsidian/obsidian-1.9.12.asar
2025-09-27 06:02:15 Checking for update using Github
2025-09-27 06:02:16 Success.
2025-09-27 06:02:16 Latest version is 1.9.12
2025-09-27 06:02:16 App is up to date.
2025-09-27 07:02:15 Checking for update using Github
2025-09-27 07:02:15 Success.
2025-09-27 07:02:15 Latest version is 1.9.12
2025-09-27 07:02:15 App is up to date.
2025-09-28 17:47:47 Loading updated app package /home/abhinav/.config/obsidian/obsidian-1.9.12.asar
2025-09-28 17:47:48 Checking for update using Github
2025-09-28 17:47:48 Success.
2025-09-28 17:47:48 Latest version is 1.9.12
2025-09-28 17:47:48 App is up to date.
2025-09-28 18:47:47 Checking for update using Github
2025-09-28 18:47:48 Success.
2025-09-28 18:47:48 Latest version is 1.9.12
2025-09-28 18:47:48 App is up to date.
2025-09-29 07:27:43 Loading updated app package /home/abhinav/.config/obsidian/obsidian-1.9.12.asar
2025-09-29 07:27:43 Checking for update using Github
2025-09-29 07:27:43 Success.
2025-09-29 07:27:43 Latest version is 1.9.12
2025-09-29 07:27:43 App is up to date.
2025-09-30 17:01:57 Loading updated app package /home/abhinav/.config/obsidian/obsidian-1.9.12.asar
2025-09-30 17:01:58 Checking for update using Github
2025-09-30 17:01:58 Success.
2025-09-30 17:01:58 Latest version is 1.9.12
2025-09-30 17:01:58 App is up to date.
2025-09-30 18:01:57 Checking for update using Github
2025-09-30 18:01:58 Success.
2025-09-30 18:01:58 Latest version is 1.9.12
2025-09-30 18:01:58 App is up to date.
2025-09-30 19:01:57 Checking for update using Github
2025-09-30 19:01:57 Success.
2025-09-30 19:01:57 Latest version is 1.9.12
2025-09-30 19:01:57 App is up to date.
2025-10-03 20:09:48 Loading updated app package /home/abhinav/.config/obsidian/obsidian-1.9.12.asar
2025-10-03 20:09:49 Checking for update using Github
2025-10-03 20:09:50 Success.
2025-10-03 20:09:50 Latest version is 1.9.14
2025-10-03 20:09:50 Downloading update from https://github.com/obsidianmd/obsidian-releases/releases/download/v1.9.14/obsidian-1.9.14.asar.gz
2025-10-03 20:09:54 Verifying hash & signature. Size= 9033685
2025-10-03 20:09:54 Saving file
2025-10-03 20:09:54 Update complete.
