2025-09-30 18:35:29.922 [error] [/home/abhinav/.vscode/extensions/ms-python.vscode-python-envs-1.6.0-linux-x64]: Extension is not compatible with Code 1.103.2. Extension requires: ^1.104.0-20250815.
2025-09-30 18:35:29.926 [error] [/home/abhinav/.vscode/extensions/ms-python.vscode-python-envs-1.8.0-linux-x64]: Extension is not compatible with Code 1.103.2. Extension requires: ^1.104.0-20250815.
2025-09-30 18:35:29.953 [error] [/home/abhinav/.vscode/extensions/ms-python.vscode-python-envs-1.6.0-linux-x64]: Extension is not compatible with Code 1.103.2. Extension requires: ^1.104.0-20250815.
2025-09-30 18:35:29.955 [error] [/home/abhinav/.vscode/extensions/ms-python.vscode-python-envs-1.8.0-linux-x64]: Extension is not compatible with Code 1.103.2. Extension requires: ^1.104.0-20250815.
2025-09-30 18:35:29.964 [error] [/home/abhinav/.vscode/extensions/ms-python.vscode-python-envs-1.6.0-linux-x64]: Extension is not compatible with Code 1.103.2. Extension requires: ^1.104.0-20250815.
2025-09-30 18:35:29.966 [error] [/home/abhinav/.vscode/extensions/ms-python.vscode-python-envs-1.8.0-linux-x64]: Extension is not compatible with Code 1.103.2. Extension requires: ^1.104.0-20250815.
2025-09-30 18:35:29.974 [error] [/home/abhinav/.vscode/extensions/ms-python.vscode-python-envs-1.6.0-linux-x64]: Extension is not compatible with Code 1.103.2. Extension requires: ^1.104.0-20250815.
2025-09-30 18:35:29.974 [error] [/home/abhinav/.vscode/extensions/ms-python.vscode-python-envs-1.8.0-linux-x64]: Extension is not compatible with Code 1.103.2. Extension requires: ^1.104.0-20250815.
2025-09-30 18:35:30.059 [error] [/home/abhinav/.vscode/extensions/ms-python.vscode-python-envs-1.6.0-linux-x64]: Extension is not compatible with Code 1.103.2. Extension requires: ^1.104.0-20250815.
2025-09-30 18:35:30.060 [error] [/home/abhinav/.vscode/extensions/ms-python.vscode-python-envs-1.8.0-linux-x64]: Extension is not compatible with Code 1.103.2. Extension requires: ^1.104.0-20250815.
2025-09-30 18:35:30.277 [error] [/home/abhinav/.vscode/extensions/ms-python.vscode-python-envs-1.6.0-linux-x64]: Extension is not compatible with Code 1.103.2. Extension requires: ^1.104.0-20250815.
2025-09-30 18:35:30.279 [error] [/home/abhinav/.vscode/extensions/ms-python.vscode-python-envs-1.8.0-linux-x64]: Extension is not compatible with Code 1.103.2. Extension requires: ^1.104.0-20250815.
2025-09-30 18:35:30.567 [error] [/home/abhinav/.vscode/extensions/ms-python.vscode-python-envs-1.6.0-linux-x64]: Extension is not compatible with Code 1.103.2. Extension requires: ^1.104.0-20250815.
2025-09-30 18:35:30.569 [error] [/home/abhinav/.vscode/extensions/ms-python.vscode-python-envs-1.8.0-linux-x64]: Extension is not compatible with Code 1.103.2. Extension requires: ^1.104.0-20250815.
2025-09-30 18:35:30.680 [error] [/home/abhinav/.vscode/extensions/ms-python.vscode-python-envs-1.6.0-linux-x64]: Extension is not compatible with Code 1.103.2. Extension requires: ^1.104.0-20250815.
2025-09-30 18:35:30.680 [error] [/home/abhinav/.vscode/extensions/ms-python.vscode-python-envs-1.8.0-linux-x64]: Extension is not compatible with Code 1.103.2. Extension requires: ^1.104.0-20250815.
2025-09-30 18:35:30.845 [error] [/home/abhinav/.vscode/extensions/ms-python.vscode-python-envs-1.6.0-linux-x64]: Extension is not compatible with Code 1.103.2. Extension requires: ^1.104.0-20250815.
2025-09-30 18:35:30.845 [error] [/home/abhinav/.vscode/extensions/ms-python.vscode-python-envs-1.8.0-linux-x64]: Extension is not compatible with Code 1.103.2. Extension requires: ^1.104.0-20250815.
2025-09-30 18:35:30.981 [error] [/home/abhinav/.vscode/extensions/ms-python.vscode-python-envs-1.6.0-linux-x64]: Extension is not compatible with Code 1.103.2. Extension requires: ^1.104.0-20250815.
2025-09-30 18:35:30.982 [error] [/home/abhinav/.vscode/extensions/ms-python.vscode-python-envs-1.8.0-linux-x64]: Extension is not compatible with Code 1.103.2. Extension requires: ^1.104.0-20250815.
2025-09-30 18:35:31.060 [error] [/home/abhinav/.vscode/extensions/ms-python.vscode-python-envs-1.6.0-linux-x64]: Extension is not compatible with Code 1.103.2. Extension requires: ^1.104.0-20250815.
2025-09-30 18:35:31.061 [error] [/home/abhinav/.vscode/extensions/ms-python.vscode-python-envs-1.8.0-linux-x64]: Extension is not compatible with Code 1.103.2. Extension requires: ^1.104.0-20250815.
2025-09-30 18:35:31.426 [error] [/home/abhinav/.vscode/extensions/ms-python.vscode-python-envs-1.6.0-linux-x64]: Extension is not compatible with Code 1.103.2. Extension requires: ^1.104.0-20250815.
2025-09-30 18:35:31.427 [error] [/home/abhinav/.vscode/extensions/ms-python.vscode-python-envs-1.8.0-linux-x64]: Extension is not compatible with Code 1.103.2. Extension requires: ^1.104.0-20250815.
2025-09-30 18:35:32.185 [error] [/home/abhinav/.vscode/extensions/ms-python.vscode-python-envs-1.6.0-linux-x64]: Extension is not compatible with Code 1.103.2. Extension requires: ^1.104.0-20250815.
2025-09-30 18:35:32.186 [error] [/home/abhinav/.vscode/extensions/ms-python.vscode-python-envs-1.8.0-linux-x64]: Extension is not compatible with Code 1.103.2. Extension requires: ^1.104.0-20250815.
2025-09-30 18:35:32.799 [error] [/home/abhinav/.vscode/extensions/ms-python.vscode-python-envs-1.6.0-linux-x64]: Extension is not compatible with Code 1.103.2. Extension requires: ^1.104.0-20250815.
2025-09-30 18:35:32.801 [error] [/home/abhinav/.vscode/extensions/ms-python.vscode-python-envs-1.8.0-linux-x64]: Extension is not compatible with Code 1.103.2. Extension requires: ^1.104.0-20250815.
2025-09-30 18:35:33.008 [error] [/home/abhinav/.vscode/extensions/ms-python.vscode-python-envs-1.6.0-linux-x64]: Extension is not compatible with Code 1.103.2. Extension requires: ^1.104.0-20250815.
2025-09-30 18:35:33.011 [error] [/home/abhinav/.vscode/extensions/ms-python.vscode-python-envs-1.8.0-linux-x64]: Extension is not compatible with Code 1.103.2. Extension requires: ^1.104.0-20250815.
2025-09-30 18:35:33.023 [error] [/home/abhinav/.vscode/extensions/ms-python.vscode-python-envs-1.6.0-linux-x64]: Extension is not compatible with Code 1.103.2. Extension requires: ^1.104.0-20250815.
2025-09-30 18:35:33.024 [error] [/home/abhinav/.vscode/extensions/ms-python.vscode-python-envs-1.8.0-linux-x64]: Extension is not compatible with Code 1.103.2. Extension requires: ^1.104.0-20250815.
2025-09-30 18:35:34.169 [error] [/home/abhinav/.vscode/extensions/ms-python.vscode-python-envs-1.6.0-linux-x64]: Extension is not compatible with Code 1.103.2. Extension requires: ^1.104.0-20250815.
2025-09-30 18:35:34.169 [error] [/home/abhinav/.vscode/extensions/ms-python.vscode-python-envs-1.8.0-linux-x64]: Extension is not compatible with Code 1.103.2. Extension requires: ^1.104.0-20250815.
2025-09-30 18:35:35.734 [info] Getting Manifest... ms-python.vscode-pylance
2025-09-30 18:35:36.293 [info] Installing extension: ms-python.vscode-pylance {"productVersion":{"version":"1.103.2","date":"2025-08-20T16:45:34.255Z"},"pinned":false,"operation":3,"isApplicationScoped":false,"profileLocation":{"$mid":1,"external":"vscode-userdata:/home/abhinav/.vscode/extensions/extensions.json","path":"/home/abhinav/.vscode/extensions/extensions.json","scheme":"vscode-userdata"}}
2025-09-30 18:35:36.310 [error] [/home/abhinav/.vscode/extensions/ms-python.vscode-python-envs-1.6.0-linux-x64]: Extension is not compatible with Code 1.103.2. Extension requires: ^1.104.0-20250815.
2025-09-30 18:35:36.312 [error] [/home/abhinav/.vscode/extensions/ms-python.vscode-python-envs-1.8.0-linux-x64]: Extension is not compatible with Code 1.103.2. Extension requires: ^1.104.0-20250815.
2025-09-30 18:35:36.329 [error] [/home/abhinav/.vscode/extensions/ms-python.vscode-python-envs-1.6.0-linux-x64]: Extension is not compatible with Code 1.103.2. Extension requires: ^1.104.0-20250815.
2025-09-30 18:35:36.330 [error] [/home/abhinav/.vscode/extensions/ms-python.vscode-python-envs-1.8.0-linux-x64]: Extension is not compatible with Code 1.103.2. Extension requires: ^1.104.0-20250815.
2025-09-30 18:35:44.588 [info] Extension signature verification result for ms-python.vscode-pylance: Success. Internal Code: 0. Executed: true. Duration: 1306ms.
2025-09-30 18:35:47.603 [info] Extracted extension to file:///home/abhinav/.vscode/extensions/ms-python.vscode-pylance-2025.8.3: ms-python.vscode-pylance
2025-09-30 18:35:47.807 [info] Renamed to /home/abhinav/.vscode/extensions/ms-python.vscode-pylance-2025.8.3
2025-09-30 18:35:47.836 [info] Marked extension as removed ms-python.vscode-pylance-2025.8.2
2025-09-30 18:35:47.837 [error] [/home/abhinav/.vscode/extensions/ms-python.vscode-python-envs-1.6.0-linux-x64]: Extension is not compatible with Code 1.103.2. Extension requires: ^1.104.0-20250815.
2025-09-30 18:35:47.838 [error] [/home/abhinav/.vscode/extensions/ms-python.vscode-python-envs-1.8.0-linux-x64]: Extension is not compatible with Code 1.103.2. Extension requires: ^1.104.0-20250815.
2025-09-30 18:35:47.844 [info] Extension installed successfully: ms-python.vscode-pylance vscode-userdata:/home/abhinav/.vscode/extensions/extensions.json
2025-09-30 18:35:47.925 [error] [/home/abhinav/.vscode/extensions/ms-python.vscode-python-envs-1.6.0-linux-x64]: Extension is not compatible with Code 1.103.2. Extension requires: ^1.104.0-20250815.
2025-09-30 18:35:47.927 [error] [/home/abhinav/.vscode/extensions/ms-python.vscode-python-envs-1.8.0-linux-x64]: Extension is not compatible with Code 1.103.2. Extension requires: ^1.104.0-20250815.
2025-09-30 18:36:00.712 [info] Getting Manifest... ms-python.vscode-python-envs
2025-09-30 18:36:00.757 [info] Installing extension: ms-python.vscode-python-envs {"productVersion":{"version":"1.104.2","date":"2025-09-24T11:20:35.483Z"},"pinned":false,"operation":3,"isApplicationScoped":false,"profileLocation":{"$mid":1,"external":"vscode-userdata:/home/abhinav/.vscode/extensions/extensions.json","path":"/home/abhinav/.vscode/extensions/extensions.json","scheme":"vscode-userdata"}}
2025-09-30 18:36:00.842 [error] [/home/abhinav/.vscode/extensions/ms-python.vscode-python-envs-1.6.0-linux-x64]: Extension is not compatible with Code 1.103.2. Extension requires: ^1.104.0-20250815.
2025-09-30 18:36:00.843 [error] [/home/abhinav/.vscode/extensions/ms-python.vscode-python-envs-1.8.0-linux-x64]: Extension is not compatible with Code 1.103.2. Extension requires: ^1.104.0-20250815.
2025-09-30 18:36:00.847 [error] Error while installing the extension ms-python.vscode-python-envs Cannot read the extension from /home/abhinav/.vscode/extensions/ms-python.vscode-python-envs-1.8.0-linux-x64 vscode-userdata:/home/abhinav/.vscode/extensions/extensions.json
2025-09-30 18:38:11.844 [error] [/home/abhinav/.vscode/extensions/ms-python.vscode-python-envs-1.6.0-linux-x64]: Extension is not compatible with Code 1.103.2. Extension requires: ^1.104.0-20250815.
2025-09-30 18:38:11.846 [error] [/home/abhinav/.vscode/extensions/ms-python.vscode-python-envs-1.8.0-linux-x64]: Extension is not compatible with Code 1.103.2. Extension requires: ^1.104.0-20250815.
2025-09-30 18:38:11.924 [error] [/home/abhinav/.vscode/extensions/ms-python.vscode-python-envs-1.6.0-linux-x64]: Extension is not compatible with Code 1.103.2. Extension requires: ^1.104.0-20250815.
2025-09-30 18:38:11.925 [error] [/home/abhinav/.vscode/extensions/ms-python.vscode-python-envs-1.8.0-linux-x64]: Extension is not compatible with Code 1.103.2. Extension requires: ^1.104.0-20250815.
2025-09-30 18:43:12.855 [error] [/home/abhinav/.vscode/extensions/ms-python.vscode-python-envs-1.6.0-linux-x64]: Extension is not compatible with Code 1.103.2. Extension requires: ^1.104.0-20250815.
2025-09-30 18:43:12.857 [error] [/home/abhinav/.vscode/extensions/ms-python.vscode-python-envs-1.8.0-linux-x64]: Extension is not compatible with Code 1.103.2. Extension requires: ^1.104.0-20250815.
2025-09-30 18:44:02.719 [error] [/home/abhinav/.vscode/extensions/ms-python.vscode-python-envs-1.6.0-linux-x64]: Extension is not compatible with Code 1.103.2. Extension requires: ^1.104.0-20250815.
2025-09-30 18:44:02.722 [error] [/home/abhinav/.vscode/extensions/ms-python.vscode-python-envs-1.8.0-linux-x64]: Extension is not compatible with Code 1.103.2. Extension requires: ^1.104.0-20250815.
