2025-09-24 00:43:57.472 [info] Reading sessions from keychain...
2025-09-24 00:43:57.472 [info] Getting sessions for all scopes...
2025-09-24 00:43:57.472 [info] Got stored sessions!
2025-09-24 00:43:57.472 [info] Got 1 verified sessions.
2025-09-24 00:43:57.472 [info] Got 1 sessions for ...
2025-09-24 00:43:57.472 [info] Getting sessions for all scopes...
2025-09-24 00:43:57.472 [info] Got 1 sessions for ...
2025-09-24 00:43:57.472 [info] Getting sessions for all scopes...
2025-09-24 00:43:57.472 [info] Got 1 sessions for ...
2025-09-24 00:43:57.472 [info] Getting sessions for all scopes...
2025-09-24 00:43:57.472 [info] Got 1 sessions for ...
2025-09-24 00:43:57.472 [info] Getting sessions for all scopes...
2025-09-24 00:43:57.472 [info] Got 1 sessions for ...
2025-09-24 00:43:57.472 [info] Getting sessions for all scopes...
2025-09-24 00:43:57.472 [info] Got 1 sessions for ...
2025-09-24 00:43:57.472 [info] Getting sessions for all scopes...
2025-09-24 00:43:57.472 [info] Got 1 sessions for ...
2025-09-24 00:43:57.472 [info] Getting sessions for all scopes...
2025-09-24 00:43:57.472 [info] Got 1 sessions for ...
2025-09-24 00:43:57.472 [info] Getting sessions for user:email...
2025-09-24 00:43:57.472 [info] Got 1 sessions for user:email...
2025-09-24 00:43:57.595 [info] Getting sessions for all scopes...
2025-09-24 00:43:57.596 [info] Got 1 sessions for ...
2025-09-24 00:43:57.596 [info] Getting sessions for all scopes...
2025-09-24 00:43:57.596 [info] Got 1 sessions for ...
2025-09-24 00:43:57.596 [info] Getting sessions for all scopes...
2025-09-24 00:43:57.596 [info] Got 1 sessions for ...
2025-09-24 00:43:57.596 [info] Getting sessions for all scopes...
2025-09-24 00:43:57.596 [info] Got 1 sessions for ...
2025-09-24 00:43:57.596 [info] Getting sessions for all scopes...
2025-09-24 00:43:57.596 [info] Got 1 sessions for ...
2025-09-24 00:43:57.597 [info] Getting sessions for all scopes...
2025-09-24 00:43:57.597 [info] Got 1 sessions for ...
2025-09-24 00:43:57.723 [info] Getting sessions for all scopes...
2025-09-24 00:43:57.723 [info] Got 1 sessions for ...
2025-09-24 00:44:00.755 [info] Getting sessions for all scopes...
2025-09-24 00:44:00.755 [info] Got 1 sessions for ...
2025-09-24 00:44:00.755 [info] Getting sessions for all scopes...
2025-09-24 00:44:00.755 [info] Got 1 sessions for ...
2025-09-24 00:44:00.755 [info] Getting sessions for all scopes...
2025-09-24 00:44:00.756 [info] Got 1 sessions for ...
2025-09-24 00:44:01.116 [info] Getting sessions for all scopes...
2025-09-24 00:44:01.116 [info] Got 1 sessions for ...
2025-09-24 00:44:01.116 [info] Getting sessions for all scopes...
2025-09-24 00:44:01.116 [info] Got 1 sessions for ...
2025-09-24 00:44:01.690 [info] Getting sessions for read:user,repo,user:email,workflow...
2025-09-24 00:44:01.690 [info] Got 0 sessions for read:user,repo,user:email,workflow...
2025-09-24 00:44:01.692 [info] Getting sessions for all scopes...
2025-09-24 00:44:01.692 [info] Got 1 sessions for ...
2025-09-24 00:44:01.710 [info] Getting sessions for all scopes...
2025-09-24 00:44:01.710 [info] Got 1 sessions for ...
2025-09-24 00:44:01.710 [info] Getting sessions for read:user,repo,user:email,workflow...
2025-09-24 00:44:01.710 [info] Got 0 sessions for read:user,repo,user:email,workflow...
2025-09-24 00:44:01.712 [info] Getting sessions for user:email...
2025-09-24 00:44:01.712 [info] Got 1 sessions for user:email...
2025-09-24 00:44:01.713 [info] Getting sessions for read:user,repo,user:email,workflow...
2025-09-24 00:44:01.713 [info] Got 0 sessions for read:user,repo,user:email,workflow...
2025-09-24 00:44:01.717 [info] Getting sessions for read:user...
2025-09-24 00:44:01.717 [info] Got 0 sessions for read:user...
2025-09-24 00:44:01.718 [info] Getting sessions for all scopes...
2025-09-24 00:44:01.718 [info] Got 1 sessions for ...
2025-09-24 00:44:01.718 [info] Getting sessions for all scopes...
2025-09-24 00:44:01.718 [info] Got 1 sessions for ...
2025-09-24 00:44:01.719 [info] Getting sessions for user:email...
2025-09-24 00:44:01.719 [info] Got 1 sessions for user:email...
2025-09-24 00:44:01.724 [info] Getting sessions for read:user,repo,user:email,workflow...
2025-09-24 00:44:01.724 [info] Got 0 sessions for read:user,repo,user:email,workflow...
2025-09-24 00:44:01.725 [info] Getting sessions for user:email...
2025-09-24 00:44:01.725 [info] Got 1 sessions for user:email...
2025-09-24 00:44:02.747 [info] Getting sessions for all scopes...
2025-09-24 00:44:02.747 [info] Got 1 sessions for ...
2025-09-24 00:44:02.747 [info] Getting sessions for all scopes...
2025-09-24 00:44:02.747 [info] Got 1 sessions for ...
2025-09-24 00:44:02.749 [info] Getting sessions for read:user,repo,user:email,workflow...
2025-09-24 00:44:02.749 [info] Got 0 sessions for read:user,repo,user:email,workflow...
2025-09-24 00:44:02.750 [info] Getting sessions for user:email...
2025-09-24 00:44:02.750 [info] Got 1 sessions for user:email...
2025-09-24 00:44:03.400 [info] Getting sessions for all scopes...
2025-09-24 00:44:03.400 [info] Got 1 sessions for ...
2025-09-24 00:44:03.400 [info] Getting sessions for all scopes...
2025-09-24 00:44:03.400 [info] Got 1 sessions for ...
2025-09-24 00:44:03.413 [info] Getting sessions for read:user,repo,user:email,workflow...
2025-09-24 00:44:03.413 [info] Got 0 sessions for read:user,repo,user:email,workflow...
2025-09-24 00:44:03.414 [info] Getting sessions for user:email...
2025-09-24 00:44:03.414 [info] Got 1 sessions for user:email...
2025-09-24 00:44:03.415 [info] Getting sessions for read:user,repo,user:email,workflow...
2025-09-24 00:44:03.415 [info] Got 0 sessions for read:user,repo,user:email,workflow...
2025-09-24 00:44:03.416 [info] Getting sessions for all scopes...
2025-09-24 00:44:03.416 [info] Got 1 sessions for ...
2025-09-24 00:44:03.416 [info] Getting sessions for read:user,repo,user:email,workflow...
2025-09-24 00:44:03.417 [info] Got 0 sessions for read:user,repo,user:email,workflow...
2025-09-24 00:44:03.418 [info] Getting sessions for user:email...
2025-09-24 00:44:03.418 [info] Got 1 sessions for user:email...
2025-09-24 00:44:03.517 [info] Getting sessions for all scopes...
2025-09-24 00:44:03.517 [info] Got 1 sessions for ...
2025-09-24 00:44:03.532 [info] Getting sessions for read:user,repo,user:email,workflow...
2025-09-24 00:44:03.532 [info] Got 0 sessions for read:user,repo,user:email,workflow...
2025-09-24 00:44:03.537 [info] Getting sessions for user:email...
2025-09-24 00:44:03.537 [info] Got 1 sessions for user:email...
2025-09-24 00:44:03.541 [info] Getting sessions for all scopes...
2025-09-24 00:44:03.541 [info] Got 1 sessions for ...
2025-09-24 00:44:03.545 [info] Getting sessions for all scopes...
2025-09-24 00:44:03.545 [info] Got 1 sessions for ...
2025-09-24 00:44:05.408 [info] Getting sessions for all scopes...
2025-09-24 00:44:05.408 [info] Got 1 sessions for ...
