2025-09-30 18:35:31.839 [info] Reading sessions from keychain...
2025-09-30 18:35:31.839 [info] Got stored sessions!
2025-09-30 18:35:31.839 [info] Got 1 verified sessions.
2025-09-30 18:35:31.839 [info] Getting sessions for all scopes...
2025-09-30 18:35:31.839 [info] Got 1 sessions for ...
2025-09-30 18:35:31.839 [info] Getting sessions for all scopes...
2025-09-30 18:35:31.839 [info] Got 1 sessions for ...
2025-09-30 18:35:31.839 [info] Getting sessions for all scopes...
2025-09-30 18:35:31.839 [info] Got 1 sessions for ...
2025-09-30 18:35:31.839 [info] Getting sessions for all scopes...
2025-09-30 18:35:31.839 [info] Got 1 sessions for ...
2025-09-30 18:35:31.839 [info] Getting sessions for user:email...
2025-09-30 18:35:31.839 [info] Got 1 sessions for user:email...
2025-09-30 18:35:31.839 [info] Getting sessions for all scopes...
2025-09-30 18:35:31.839 [info] Got 1 sessions for ...
2025-09-30 18:35:31.839 [info] Getting sessions for all scopes...
2025-09-30 18:35:31.839 [info] Got 1 sessions for ...
2025-09-30 18:35:31.839 [info] Getting sessions for all scopes...
2025-09-30 18:35:31.839 [info] Got 1 sessions for ...
2025-09-30 18:35:31.839 [info] Getting sessions for all scopes...
2025-09-30 18:35:31.839 [info] Got 1 sessions for ...
2025-09-30 18:35:31.839 [info] Getting sessions for all scopes...
2025-09-30 18:35:31.839 [info] Got 1 sessions for ...
2025-09-30 18:35:31.839 [info] Getting sessions for all scopes...
2025-09-30 18:35:31.839 [info] Got 1 sessions for ...
2025-09-30 18:35:31.964 [info] Getting sessions for all scopes...
2025-09-30 18:35:31.964 [info] Got 1 sessions for ...
2025-09-30 18:35:31.966 [info] Getting sessions for all scopes...
2025-09-30 18:35:31.966 [info] Got 1 sessions for ...
2025-09-30 18:35:31.966 [info] Getting sessions for all scopes...
2025-09-30 18:35:31.966 [info] Got 1 sessions for ...
2025-09-30 18:35:31.966 [info] Getting sessions for all scopes...
2025-09-30 18:35:31.966 [info] Got 1 sessions for ...
2025-09-30 18:35:31.967 [info] Getting sessions for all scopes...
2025-09-30 18:35:31.967 [info] Got 1 sessions for ...
2025-09-30 18:35:31.967 [info] Getting sessions for all scopes...
2025-09-30 18:35:31.967 [info] Got 1 sessions for ...
2025-09-30 18:35:32.420 [info] Getting sessions for all scopes...
2025-09-30 18:35:32.420 [info] Got 1 sessions for ...
2025-09-30 18:35:32.420 [info] Getting sessions for all scopes...
2025-09-30 18:35:32.420 [info] Got 1 sessions for ...
2025-09-30 18:35:32.420 [info] Getting sessions for all scopes...
2025-09-30 18:35:32.420 [info] Got 1 sessions for ...
2025-09-30 18:35:35.424 [info] Getting sessions for all scopes...
2025-09-30 18:35:35.424 [info] Got 1 sessions for ...
2025-09-30 18:35:35.424 [info] Getting sessions for all scopes...
2025-09-30 18:35:35.424 [info] Got 1 sessions for ...
2025-09-30 18:35:35.900 [info] Getting sessions for read:user,repo,user:email,workflow...
2025-09-30 18:35:35.900 [info] Got 0 sessions for read:user,repo,user:email,workflow...
2025-09-30 18:35:35.900 [info] Getting sessions for all scopes...
2025-09-30 18:35:35.900 [info] Got 1 sessions for ...
2025-09-30 18:35:35.902 [info] Getting sessions for all scopes...
2025-09-30 18:35:35.902 [info] Got 1 sessions for ...
2025-09-30 18:35:35.902 [info] Getting sessions for read:user,repo,user:email,workflow...
2025-09-30 18:35:35.902 [info] Got 0 sessions for read:user,repo,user:email,workflow...
2025-09-30 18:35:35.903 [info] Getting sessions for user:email...
2025-09-30 18:35:35.903 [info] Got 1 sessions for user:email...
2025-09-30 18:35:35.904 [info] Getting sessions for read:user,repo,user:email,workflow...
2025-09-30 18:35:35.904 [info] Got 0 sessions for read:user,repo,user:email,workflow...
2025-09-30 18:35:35.908 [info] Getting sessions for read:user...
2025-09-30 18:35:35.908 [info] Got 0 sessions for read:user...
2025-09-30 18:35:35.908 [info] Getting sessions for all scopes...
2025-09-30 18:35:35.908 [info] Got 1 sessions for ...
2025-09-30 18:35:35.909 [info] Getting sessions for user:email...
2025-09-30 18:35:35.909 [info] Got 1 sessions for user:email...
2025-09-30 18:35:35.912 [info] Getting sessions for read:user,repo,user:email,workflow...
2025-09-30 18:35:35.912 [info] Got 0 sessions for read:user,repo,user:email,workflow...
2025-09-30 18:35:35.914 [info] Getting sessions for user:email...
2025-09-30 18:35:35.914 [info] Got 1 sessions for user:email...
2025-09-30 18:35:36.095 [info] Getting sessions for all scopes...
2025-09-30 18:35:36.095 [info] Got 1 sessions for ...
2025-09-30 18:35:36.095 [info] Getting sessions for all scopes...
2025-09-30 18:35:36.095 [info] Got 1 sessions for ...
2025-09-30 18:35:36.100 [info] Getting sessions for read:user,repo,user:email,workflow...
2025-09-30 18:35:36.100 [info] Got 0 sessions for read:user,repo,user:email,workflow...
2025-09-30 18:35:36.199 [info] Getting sessions for all scopes...
2025-09-30 18:35:36.199 [info] Got 1 sessions for ...
2025-09-30 18:35:36.200 [info] Getting sessions for user:email...
2025-09-30 18:35:36.200 [info] Got 1 sessions for user:email...
2025-09-30 18:35:36.925 [info] Getting sessions for all scopes...
2025-09-30 18:35:36.925 [info] Got 1 sessions for ...
2025-09-30 18:35:36.926 [info] Getting sessions for read:user,repo,user:email,workflow...
2025-09-30 18:35:36.926 [info] Got 0 sessions for read:user,repo,user:email,workflow...
2025-09-30 18:35:36.927 [info] Getting sessions for user:email...
2025-09-30 18:35:36.927 [info] Got 1 sessions for user:email...
2025-09-30 18:35:37.843 [info] Getting sessions for all scopes...
2025-09-30 18:35:37.843 [info] Got 1 sessions for ...
2025-09-30 18:35:37.843 [info] Getting sessions for all scopes...
2025-09-30 18:35:37.843 [info] Got 1 sessions for ...
2025-09-30 18:35:37.864 [info] Getting sessions for read:user,repo,user:email,workflow...
2025-09-30 18:35:37.864 [info] Got 0 sessions for read:user,repo,user:email,workflow...
2025-09-30 18:35:37.866 [info] Getting sessions for user:email...
2025-09-30 18:35:37.866 [info] Got 1 sessions for user:email...
2025-09-30 18:35:37.866 [info] Getting sessions for read:user,repo,user:email,workflow...
2025-09-30 18:35:37.866 [info] Got 0 sessions for read:user,repo,user:email,workflow...
2025-09-30 18:35:37.868 [info] Getting sessions for all scopes...
2025-09-30 18:35:37.868 [info] Got 1 sessions for ...
2025-09-30 18:35:37.870 [info] Getting sessions for read:user,repo,user:email,workflow...
2025-09-30 18:35:37.870 [info] Got 0 sessions for read:user,repo,user:email,workflow...
2025-09-30 18:35:37.872 [info] Getting sessions for user:email...
2025-09-30 18:35:37.872 [info] Got 1 sessions for user:email...
2025-09-30 18:35:37.967 [info] Getting sessions for all scopes...
2025-09-30 18:35:37.967 [info] Got 1 sessions for ...
2025-09-30 18:35:37.969 [info] Getting sessions for read:user,repo,user:email,workflow...
2025-09-30 18:35:37.969 [info] Got 0 sessions for read:user,repo,user:email,workflow...
2025-09-30 18:35:37.970 [info] Getting sessions for user:email...
2025-09-30 18:35:37.970 [info] Got 1 sessions for user:email...
2025-09-30 18:35:37.979 [info] Getting sessions for all scopes...
2025-09-30 18:35:37.979 [info] Got 1 sessions for ...
2025-09-30 18:35:37.980 [info] Getting sessions for all scopes...
2025-09-30 18:35:37.980 [info] Got 1 sessions for ...
2025-09-30 18:35:39.727 [info] Getting sessions for all scopes...
2025-09-30 18:35:39.727 [info] Got 1 sessions for ...
2025-09-30 18:35:43.930 [info] Getting sessions for all scopes...
2025-09-30 18:35:43.930 [info] Got 1 sessions for ...
2025-09-30 18:35:43.930 [info] Getting sessions for read:user,repo,user:email,workflow...
2025-09-30 18:35:43.930 [info] Got 0 sessions for read:user,repo,user:email,workflow...
2025-09-30 18:35:43.931 [info] Getting sessions for user:email...
2025-09-30 18:35:43.931 [info] Got 1 sessions for user:email...
2025-09-30 18:35:45.070 [info] Getting sessions for all scopes...
2025-09-30 18:35:45.070 [info] Got 1 sessions for ...
2025-09-30 18:35:45.072 [info] Getting sessions for read:user,repo,user:email,workflow...
2025-09-30 18:35:45.072 [info] Got 0 sessions for read:user,repo,user:email,workflow...
2025-09-30 18:35:45.073 [info] Getting sessions for user:email...
2025-09-30 18:35:45.073 [info] Got 1 sessions for user:email...
2025-09-30 18:35:45.924 [info] Getting sessions for all scopes...
2025-09-30 18:35:45.924 [info] Got 1 sessions for ...
2025-09-30 18:35:45.925 [info] Getting sessions for read:user,repo,user:email,workflow...
2025-09-30 18:35:45.925 [info] Got 0 sessions for read:user,repo,user:email,workflow...
2025-09-30 18:35:45.926 [info] Getting sessions for user:email...
2025-09-30 18:35:45.926 [info] Got 1 sessions for user:email...
