2025-09-25 13:49:09.326 [info] [AutoSync] Using settings sync service https://vscode-sync.trafficmanager.net/
2025-09-25 13:49:09.326 [info] [AutoSync] Enabled.
2025-09-25 13:49:09.326 [info] [AutoSync] Suspended until auth token is available.
2025-09-25 13:49:11.185 [info] [AutoSync] Triggered by Interval
2025-09-25 13:49:11.185 [info] Sync started.
2025-09-25 13:49:11.494 [info] Request failed https://vscode-sync.trafficmanager.net/v1/manifest
2025-09-25 13:49:11.494 [error] RequestFailed (UserDataSyncError) syncResource:unknown operationId:unknown: Connection refused for the request 'https://vscode-sync.trafficmanager.net/v1/manifest'.
    at fu.D (file:///usr/share/code/resources/app/out/vs/code/electron-utility/sharedProcess/sharedProcessMain.js:102:23017)
    at async fu.manifest (file:///usr/share/code/resources/app/out/vs/code/electron-utility/sharedProcess/sharedProcessMain.js:102:20091)
    at async Hu.createSyncTask (file:///usr/share/code/resources/app/out/vs/code/electron-utility/sharedProcess/sharedProcessMain.js:102:134505)
    at async rd.I (file:///usr/share/code/resources/app/out/vs/code/electron-utility/sharedProcess/sharedProcessMain.js:109:9216)
    at async rd.H (file:///usr/share/code/resources/app/out/vs/code/electron-utility/sharedProcess/sharedProcessMain.js:109:8860)
2025-09-25 13:49:11.494 [error] RequestFailed (UserDataSyncError) syncResource:unknown operationId:unknown: Connection refused for the request 'https://vscode-sync.trafficmanager.net/v1/manifest'.
    at fu.D (file:///usr/share/code/resources/app/out/vs/code/electron-utility/sharedProcess/sharedProcessMain.js:102:23017)
    at async fu.manifest (file:///usr/share/code/resources/app/out/vs/code/electron-utility/sharedProcess/sharedProcessMain.js:102:20091)
    at async Hu.createSyncTask (file:///usr/share/code/resources/app/out/vs/code/electron-utility/sharedProcess/sharedProcessMain.js:102:134505)
    at async rd.I (file:///usr/share/code/resources/app/out/vs/code/electron-utility/sharedProcess/sharedProcessMain.js:109:9216)
    at async rd.H (file:///usr/share/code/resources/app/out/vs/code/electron-utility/sharedProcess/sharedProcessMain.js:109:8860)
2025-09-25 13:50:20.986 [info] [AutoSync] Triggered by Activity
2025-09-25 13:50:20.986 [info] Sync started.
