2025-10-04 01:22:28.543 [info] [main] Log level: Info
2025-10-04 01:22:28.543 [info] [main] Validating found git in: "git"
2025-10-04 01:22:28.543 [info] [main] Using git "2.51.0" from "git"
2025-10-04 01:22:28.543 [info] [Model][doInitialScan] Initial repository scan started
2025-10-04 01:22:28.543 [info] > git rev-parse --show-toplevel [58ms]
2025-10-04 01:22:28.543 [info] fatal: not a git repository (or any parent up to mount point /)
Stopping at filesystem boundary (GIT_DISCOVERY_ACROSS_FILESYSTEM not set).
2025-10-04 01:22:28.543 [info] > git rev-parse --show-toplevel [38ms]
2025-10-04 01:22:28.543 [info] fatal: not a git repository (or any parent up to mount point /)
Stopping at filesystem boundary (GIT_DISCOVERY_ACROSS_FILESYSTEM not set).
2025-10-04 01:22:28.544 [info] > git rev-parse --show-toplevel [3ms]
2025-10-04 01:22:28.544 [info] fatal: not a git repository (or any parent up to mount point /)
Stopping at filesystem boundary (GIT_DISCOVERY_ACROSS_FILESYSTEM not set).
2025-10-04 01:22:28.551 [info] > git rev-parse --show-toplevel [2ms]
2025-10-04 01:22:28.551 [info] fatal: not a git repository (or any parent up to mount point /)
Stopping at filesystem boundary (GIT_DISCOVERY_ACROSS_FILESYSTEM not set).
2025-10-04 01:22:28.556 [info] > git rev-parse --show-toplevel [2ms]
2025-10-04 01:22:28.556 [info] fatal: not a git repository (or any parent up to mount point /)
Stopping at filesystem boundary (GIT_DISCOVERY_ACROSS_FILESYSTEM not set).
2025-10-04 01:22:30.652 [info] > git rev-parse --show-toplevel [2032ms]
2025-10-04 01:22:30.652 [info] fatal: not a git repository (or any parent up to mount point /)
Stopping at filesystem boundary (GIT_DISCOVERY_ACROSS_FILESYSTEM not set).
2025-10-04 01:22:30.654 [info] [Model][doInitialScan] Initial repository scan completed - repositories (0), closed repositories (0), parent repositories (0), unsafe repositories (0)
2025-10-04 01:22:30.940 [info] > git rev-parse --show-toplevel [182ms]
2025-10-04 01:22:30.940 [info] fatal: not a git repository (or any parent up to mount point /)
Stopping at filesystem boundary (GIT_DISCOVERY_ACROSS_FILESYSTEM not set).
2025-10-04 01:26:26.171 [info] > git rev-parse --show-toplevel [4ms]
2025-10-04 01:26:26.171 [info] fatal: not a git repository (or any parent up to mount point /)
Stopping at filesystem boundary (GIT_DISCOVERY_ACROSS_FILESYSTEM not set).
2025-10-04 01:26:46.131 [info] > git rev-parse --show-toplevel [2ms]
2025-10-04 01:26:46.131 [info] fatal: not a git repository (or any parent up to mount point /)
Stopping at filesystem boundary (GIT_DISCOVERY_ACROSS_FILESYSTEM not set).
2025-10-04 01:26:47.483 [info] > git rev-parse --show-toplevel [4ms]
2025-10-04 01:26:47.483 [info] fatal: not a git repository (or any parent up to mount point /)
Stopping at filesystem boundary (GIT_DISCOVERY_ACROSS_FILESYSTEM not set).
2025-10-04 01:27:26.062 [info] > git rev-parse --show-toplevel [3ms]
2025-10-04 01:27:26.062 [info] fatal: not a git repository (or any parent up to mount point /)
Stopping at filesystem boundary (GIT_DISCOVERY_ACROSS_FILESYSTEM not set).
2025-10-04 01:27:31.006 [info] > git rev-parse --show-toplevel [3ms]
2025-10-04 01:27:31.006 [info] fatal: not a git repository (or any parent up to mount point /)
Stopping at filesystem boundary (GIT_DISCOVERY_ACROSS_FILESYSTEM not set).
2025-10-04 01:27:37.472 [info] > git rev-parse --show-toplevel [3ms]
2025-10-04 01:27:37.473 [info] fatal: not a git repository (or any parent up to mount point /)
Stopping at filesystem boundary (GIT_DISCOVERY_ACROSS_FILESYSTEM not set).
2025-10-04 01:34:09.001 [info] > git rev-parse --show-toplevel [3ms]
2025-10-04 01:34:09.001 [info] fatal: not a git repository (or any parent up to mount point /)
Stopping at filesystem boundary (GIT_DISCOVERY_ACROSS_FILESYSTEM not set).
2025-10-04 01:34:10.495 [info] > git rev-parse --show-toplevel [2ms]
2025-10-04 01:34:10.495 [info] fatal: not a git repository (or any parent up to mount point /)
Stopping at filesystem boundary (GIT_DISCOVERY_ACROSS_FILESYSTEM not set).
