2025-09-24 00:43:57.809 [info] [main] Log level: Info
2025-09-24 00:43:57.809 [info] [main] Validating found git in: "git"
2025-09-24 00:43:57.809 [info] [main] Using git "2.51.0" from "git"
2025-09-24 00:43:57.809 [info] [Model][doInitialScan] Initial repository scan started
2025-09-24 00:43:57.809 [info] > git rev-parse --show-toplevel [16ms]
2025-09-24 00:43:57.809 [info] fatal: not a git repository (or any parent up to mount point /)
Stopping at filesystem boundary (GIT_DISCOVERY_ACROSS_FILESYSTEM not set).
2025-09-24 00:43:57.809 [info] > git rev-parse --show-toplevel [2ms]
2025-09-24 00:43:57.809 [info] fatal: not a git repository (or any parent up to mount point /)
Stopping at filesystem boundary (GIT_DISCOVERY_ACROSS_FILESYSTEM not set).
2025-09-24 00:43:57.809 [info] > git rev-parse --show-toplevel [2ms]
2025-09-24 00:43:57.809 [info] fatal: not a git repository (or any parent up to mount point /)
Stopping at filesystem boundary (GIT_DISCOVERY_ACROSS_FILESYSTEM not set).
2025-09-24 00:43:57.809 [info] > git rev-parse --show-toplevel [2ms]
2025-09-24 00:43:57.809 [info] fatal: not a git repository (or any parent up to mount point /)
Stopping at filesystem boundary (GIT_DISCOVERY_ACROSS_FILESYSTEM not set).
2025-09-24 00:43:57.809 [info] [Model][doInitialScan] Initial repository scan completed - repositories (0), closed repositories (0), parent repositories (0), unsafe repositories (0)
2025-09-24 00:43:57.809 [info] > git rev-parse --show-toplevel [2ms]
2025-09-24 00:43:57.809 [info] fatal: not a git repository (or any parent up to mount point /)
Stopping at filesystem boundary (GIT_DISCOVERY_ACROSS_FILESYSTEM not set).
2025-09-24 00:43:57.938 [info] > git rev-parse --show-toplevel [4ms]
2025-09-24 00:43:57.938 [info] fatal: not a git repository (or any parent up to mount point /)
Stopping at filesystem boundary (GIT_DISCOVERY_ACROSS_FILESYSTEM not set).
2025-09-24 00:44:01.055 [info] > git rev-parse --show-toplevel [239ms]
2025-09-24 00:44:01.055 [info] fatal: not a git repository (or any parent up to mount point /)
Stopping at filesystem boundary (GIT_DISCOVERY_ACROSS_FILESYSTEM not set).
2025-09-24 00:44:01.710 [info] > git rev-parse --show-toplevel [6ms]
2025-09-24 00:44:01.710 [info] fatal: not a git repository (or any parent up to mount point /)
Stopping at filesystem boundary (GIT_DISCOVERY_ACROSS_FILESYSTEM not set).
2025-09-24 00:44:05.042 [info] > git rev-parse --show-toplevel [7ms]
2025-09-24 00:44:05.042 [info] fatal: not a git repository (or any parent up to mount point /)
Stopping at filesystem boundary (GIT_DISCOVERY_ACROSS_FILESYSTEM not set).
2025-09-24 00:44:05.860 [info] > git rev-parse --show-toplevel [5ms]
2025-09-24 00:44:05.860 [info] fatal: not a git repository (or any parent up to mount point /)
Stopping at filesystem boundary (GIT_DISCOVERY_ACROSS_FILESYSTEM not set).
2025-09-24 00:44:06.907 [info] > git rev-parse --show-toplevel [5ms]
2025-09-24 00:44:06.907 [info] fatal: not a git repository (or any parent up to mount point /)
Stopping at filesystem boundary (GIT_DISCOVERY_ACROSS_FILESYSTEM not set).
2025-09-24 00:44:07.992 [info] > git rev-parse --show-toplevel [4ms]
2025-09-24 00:44:07.992 [info] fatal: not a git repository (or any parent up to mount point /)
Stopping at filesystem boundary (GIT_DISCOVERY_ACROSS_FILESYSTEM not set).
2025-09-24 00:44:09.239 [info] > git rev-parse --show-toplevel [3ms]
2025-09-24 00:44:09.239 [info] fatal: not a git repository (or any parent up to mount point /)
Stopping at filesystem boundary (GIT_DISCOVERY_ACROSS_FILESYSTEM not set).
2025-09-24 00:44:10.331 [info] > git rev-parse --show-toplevel [3ms]
2025-09-24 00:44:10.331 [info] fatal: not a git repository (or any parent up to mount point /)
Stopping at filesystem boundary (GIT_DISCOVERY_ACROSS_FILESYSTEM not set).
2025-09-24 00:44:11.285 [info] > git rev-parse --show-toplevel [5ms]
2025-09-24 00:44:11.285 [info] fatal: not a git repository (or any parent up to mount point /)
Stopping at filesystem boundary (GIT_DISCOVERY_ACROSS_FILESYSTEM not set).
2025-09-24 00:44:12.020 [info] > git rev-parse --show-toplevel [3ms]
2025-09-24 00:44:12.020 [info] fatal: not a git repository (or any parent up to mount point /)
Stopping at filesystem boundary (GIT_DISCOVERY_ACROSS_FILESYSTEM not set).
2025-09-24 00:46:01.382 [info] > git rev-parse --show-toplevel [4ms]
2025-09-24 00:46:01.382 [info] fatal: not a git repository (or any parent up to mount point /)
Stopping at filesystem boundary (GIT_DISCOVERY_ACROSS_FILESYSTEM not set).
