2025-09-24 00:43:57.809 [info] Starting Python Locator /home/abhinav/.vscode/extensions/ms-python.python-2025.14.0-linux-x64/python-env-tools/bin/pet server
2025-09-24 00:43:57.809 [info] Discovered env: /home/abhinav/Desktop/first_project/book_manager/venv/bin/python
2025-09-24 00:43:57.809 [info] Discovered env: /bin/python
2025-09-24 00:43:57.809 [info] Discovered env: /usr/bin/python
2025-09-24 00:43:57.809 [info] Env ("/sbin/python") in Path resolved as ResolvedPythonEnv { executable: "/sbin/python", prefix: "/usr", version: "3.13.5.final.0", is64_bit: true, symlinks: Some(["/sbin/python"]) } and reported as Some(GlobalPaths)
2025-09-24 00:43:57.809 [info] Discovered env: /sbin/python
2025-09-24 00:43:57.809 [info] Env ("/usr/sbin/python") in Path resolved as ResolvedPythonEnv { executable: "/usr/sbin/python", prefix: "/usr", version: "3.13.5.final.0", is64_bit: true, symlinks: Some(["/usr/sbin/python"]) } and reported as Some(GlobalPaths)
2025-09-24 00:43:57.809 [info] Discovered env: /usr/sbin/python
2025-09-24 00:43:57.809 [info] Env ("/sbin/python3") in Path resolved as ResolvedPythonEnv { executable: "/sbin/python3", prefix: "/usr", version: "3.13.5.final.0", is64_bit: true, symlinks: Some(["/sbin/python3"]) } and reported as Some(GlobalPaths)
2025-09-24 00:43:57.809 [info] Discovered env: /sbin/python3
2025-09-24 00:43:57.809 [info] Env ("/usr/sbin/python3") in Path resolved as ResolvedPythonEnv { executable: "/usr/sbin/python3", prefix: "/usr", version: "3.13.5.final.0", is64_bit: true, symlinks: Some(["/usr/sbin/python3"]) } and reported as Some(GlobalPaths)
2025-09-24 00:43:57.809 [info] Discovered env: /usr/sbin/python3
2025-09-24 00:43:57.809 [info] Env ("/sbin/python3.13") in Path resolved as ResolvedPythonEnv { executable: "/sbin/python3.13", prefix: "/usr", version: "3.13.5.final.0", is64_bit: true, symlinks: Some(["/sbin/python3.13"]) } and reported as Some(GlobalPaths)
2025-09-24 00:43:57.809 [info] Discovered env: /sbin/python3.13
2025-09-24 00:43:57.809 [info] Env ("/usr/sbin/python3.13") in Path resolved as ResolvedPythonEnv { executable: "/usr/sbin/python3.13", prefix: "/usr", version: "3.13.5.final.0", is64_bit: true, symlinks: Some(["/usr/sbin/python3.13"]) } and reported as Some(GlobalPaths)
2025-09-24 00:43:57.809 [info] Discovered env: /usr/sbin/python3.13
2025-09-24 00:43:57.809 [info] Locator Conda took 159.980699ms
2025-09-24 00:43:57.809 [info] Locator Homebrew took 136.731µs
2025-09-24 00:43:57.809 [info] Locator LinuxGlobal took 161.219196ms
2025-09-24 00:43:57.809 [info] Locator PipEnv took 70.97µs
2025-09-24 00:43:57.809 [info] Locator Pixi took 40.017µs
2025-09-24 00:43:57.809 [info] Locator Poetry took 948.43µs
2025-09-24 00:43:57.809 [info] Locator PyEnv took 451.161µs
2025-09-24 00:43:57.809 [info] Locator Venv took 42.962µs
2025-09-24 00:43:57.809 [info] Locator VirtualEnv took 160.245µs
2025-09-24 00:43:57.809 [info] Locator VirtualEnvWrapper took 47.255µs
2025-09-24 00:43:57.809 [info] Locator GlobalVirtualEnvs took 1.923771ms
2025-09-24 00:43:57.809 [info] Locator Locators took 169.199176ms
2025-09-24 00:43:57.809 [info] Locator Path took 290.686985ms
2025-09-24 00:43:57.809 [info] Locator Workspaces took 26.416603ms
2025-09-24 00:43:57.809 [info] Refresh completed in 290ms
2025-09-24 00:43:57.950 [info] Discovered env: /home/abhinav/Desktop/first_project/book_manager/venv/bin/python
2025-09-24 00:44:01.713 [info] Discovered env: /usr/bin/python
2025-09-24 00:44:01.719 [info] Discovered env: /bin/python
2025-09-24 00:44:01.729 [info] Env ("/sbin/python") in Path resolved as ResolvedPythonEnv { executable: "/sbin/python", prefix: "/usr", version: "3.13.5.final.0", is64_bit: true, symlinks: Some(["/sbin/python"]) } and reported as Some(GlobalPaths)
2025-09-24 00:44:01.868 [info] Discovered env: /sbin/python
2025-09-24 00:44:01.909 [info] Env ("/usr/sbin/python") in Path resolved as ResolvedPythonEnv { executable: "/usr/sbin/python", prefix: "/usr", version: "3.13.5.final.0", is64_bit: true, symlinks: Some(["/usr/sbin/python"]) } and reported as Some(GlobalPaths)
2025-09-24 00:44:01.909 [info] Discovered env: /usr/sbin/python
2025-09-24 00:44:01.910 [info] Env ("/usr/sbin/python3") in Path resolved as ResolvedPythonEnv { executable: "/usr/sbin/python3", prefix: "/usr", version: "3.13.5.final.0", is64_bit: true, symlinks: Some(["/usr/sbin/python3"]) } and reported as Some(GlobalPaths)
2025-09-24 00:44:01.910 [info] Discovered env: /usr/sbin/python3
2025-09-24 00:44:01.910 [info] Env ("/sbin/python3") in Path resolved as ResolvedPythonEnv { executable: "/sbin/python3", prefix: "/usr", version: "3.13.5.final.0", is64_bit: true, symlinks: Some(["/sbin/python3"]) } and reported as Some(GlobalPaths)
2025-09-24 00:44:01.910 [info] Discovered env: /sbin/python3
2025-09-24 00:44:01.910 [info] Env ("/usr/sbin/python3.13") in Path resolved as ResolvedPythonEnv { executable: "/usr/sbin/python3.13", prefix: "/usr", version: "3.13.5.final.0", is64_bit: true, symlinks: Some(["/usr/sbin/python3.13"]) } and reported as Some(GlobalPaths)
2025-09-24 00:44:01.910 [info] Discovered env: /usr/sbin/python3.13
2025-09-24 00:44:01.910 [info] Env ("/sbin/python3.13") in Path resolved as ResolvedPythonEnv { executable: "/sbin/python3.13", prefix: "/usr", version: "3.13.5.final.0", is64_bit: true, symlinks: Some(["/sbin/python3.13"]) } and reported as Some(GlobalPaths)
2025-09-24 00:44:01.910 [info] Discovered env: /sbin/python3.13
2025-09-24 00:44:01.911 [info] Locator Conda took 91.2319ms
2025-09-24 00:44:01.911 [info] Locator Homebrew took 232.666µs
2025-09-24 00:44:01.911 [info] Locator LinuxGlobal took 146.066099ms
2025-09-24 00:44:01.911 [info] Locator PipEnv took 17.251µs
2025-09-24 00:44:01.911 [info] Locator Pixi took 32.466µs
2025-09-24 00:44:01.911 [info] Locator Poetry took 136.637µs
2025-09-24 00:44:01.911 [info] Locator PyEnv took 178.63µs
2025-09-24 00:44:01.911 [info] Locator Venv took 24.049µs
2025-09-24 00:44:01.911 [info] Locator VirtualEnv took 35.482µs
2025-09-24 00:44:01.911 [info] Locator VirtualEnvWrapper took 42.143µs
2025-09-24 00:44:01.911 [info] Locator GlobalVirtualEnvs took 173.905µs
2025-09-24 00:44:01.911 [info] Locator Locators took 146.905246ms
2025-09-24 00:44:01.911 [info] Locator Path took 260.554536ms
2025-09-24 00:44:01.911 [info] Locator Workspaces took 4.287536ms
2025-09-24 00:44:01.911 [info] Refresh completed in 260ms
2025-09-24 00:44:01.975 [info] Resolved Python Environment /home/abhinav/Desktop/first_project/book_manager/venv/bin/python
2025-09-24 00:45:13.704 [info] Resolved Python Environment /home/abhinav/Desktop/first_project/book_manager/venv/bin/python
2025-09-24 00:46:01.384 [info] Resolved Python Environment /home/abhinav/Desktop/first_project/book_manager/venv/bin/python
