2025-09-24 20:58:59.902 [info] Extension host with pid 135135 started
2025-09-24 20:58:59.903 [info] Skipping acquiring lock for /home/abhinav/.config/Code/User/workspaceStorage/862f4490fa10f7e7caf56ccca5477f4e.
2025-09-24 20:59:00.254 [info] ExtensionService#_doActivateExtension vscode.github-authentication, startup: false, activationEvent: 'onAuthenticationRequest:github'
2025-09-24 20:59:00.285 [info] ExtensionService#_doActivateExtension vscode.emmet, startup: false, activationEvent: 'onLanguage'
2025-09-24 20:59:00.317 [info] ExtensionService#_doActivateExtension ms-python.python, startup: false, activationEvent: 'onLanguage:python', root cause: ms-python.debugpy
2025-09-24 20:59:00.542 [info] ExtensionService#_doActivateExtension ms-python.vscode-pylance, startup: false, activationEvent: 'onLanguage:python'
2025-09-24 20:59:01.061 [info] ExtensionService#_doActivateExtension ms-python.vscode-python-envs, startup: false, activationEvent: 'onLanguage:python'
2025-09-24 20:59:01.197 [info] Extension host terminating: renderer closed the MessagePort
2025-09-24 20:59:01.203 [error] ProxyResolver#resolveProxy undefined Canceled: Canceled
	at rl (file:///usr/share/code/resources/app/out/vs/workbench/api/node/extensionHostProcess.js:7:1394)
	at file:///usr/share/code/resources/app/out/vs/workbench/api/node/extensionHostProcess.js:29:116493
	at Array.forEach (<anonymous>)
	at C4.dispose (file:///usr/share/code/resources/app/out/vs/workbench/api/node/extensionHostProcess.js:29:116433)
	at LZ.terminate (file:///usr/share/code/resources/app/out/vs/workbench/api/node/extensionHostProcess.js:116:10194)
	at E3.terminate (file:///usr/share/code/resources/app/out/vs/workbench/api/node/extensionHostProcess.js:118:914)
	at ws (file:///usr/share/code/resources/app/out/vs/workbench/api/node/extensionHostProcess.js:388:10154)
	at MessagePortMain.<anonymous> (file:///usr/share/code/resources/app/out/vs/workbench/api/node/extensionHostProcess.js:388:6693)
	at MessagePortMain.emit (node:events:518:28)
	at MessagePortMain._internalPort.emit (node:electron/js2c/utility_init:2:2949) 
2025-09-24 20:59:01.206 [info] Extension host with pid 135135 exiting with code 0
