2025-10-03 19:46:48.983 [warning] Via 'product.json#extensionEnabledApiProposals' extension 'ms-vsliveshare.vsliveshare' wants API proposal 'notebookCellExecutionState' but that proposal DOES NOT EXIST. Likely, the proposal has been finalized (check 'vscode.d.ts') or was abandoned.
2025-10-03 19:46:48.998 [warning] Via 'product.json#extensionEnabledApiProposals' extension 'ms-python.gather' wants API proposal 'notebookCellExecutionState' but that proposal DOES NOT EXIST. Likely, the proposal has been finalized (check 'vscode.d.ts') or was abandoned.
2025-10-03 19:46:48.998 [warning] Via 'product.json#extensionEnabledApiProposals' extension 'ms-python.vscode-pylance' wants API proposal 'mcpConfigurationProvider' but that proposal DOES NOT EXIST. Likely, the proposal has been finalized (check 'vscode.d.ts') or was abandoned.
2025-10-03 19:46:49.413 [info] Started local extension host with pid 37071.
2025-10-03 19:46:50.045 [error] [/home/abhinav/.vscode/extensions/ms-python.vscode-python-envs-1.6.0-linux-x64]: Extension is not compatible with Code 1.103.2. Extension requires: ^1.104.0-20250815.
2025-10-03 19:46:50.046 [error] [/home/abhinav/.vscode/extensions/ms-python.vscode-python-envs-1.8.0-linux-x64]: Extension is not compatible with Code 1.103.2. Extension requires: ^1.104.0-20250815.
2025-10-03 19:46:54.522 [error] [Extension Host] (node:37071) ExperimentalWarning: SQLite is an experimental feature and might change at any time
(Use `exe --trace-warnings ...` to show where the warning was created)
2025-10-03 19:46:56.054 [error] [UriError]: Scheme contains illegal characters.: Error: [UriError]: Scheme contains illegal characters.
    at R7 (file:///usr/share/code/resources/app/out/main.js:30:63994)
    at new sd (file:///usr/share/code/resources/app/out/main.js:30:67374)
    at new Ur (file:///usr/share/code/resources/app/out/main.js:30:68812)
    at sd.revive (file:///usr/share/code/resources/app/out/main.js:30:68589)
    at G4.call (file:///usr/share/code/resources/app/out/main.js:85:104940)
    at If.s (file:///usr/share/code/resources/app/out/main.js:31:14859)
    at If.q (file:///usr/share/code/resources/app/out/main.js:31:14382)
    at Yo.value (file:///usr/share/code/resources/app/out/main.js:31:13784)
    at D.C (file:///usr/share/code/resources/app/out/main.js:30:2373)
    at D (file:///usr/share/code/resources/app/out/main.js:30:2443)
    at D.fire (file:///usr/share/code/resources/app/out/main.js:30:2660)
    at Yo.value (file:///usr/share/code/resources/app/out/main.js:28:4852)
    at D.C (file:///usr/share/code/resources/app/out/main.js:30:2373)
    at D.fire (file:///usr/share/code/resources/app/out/main.js:30:2591)
    at Yo.value (file:///usr/share/code/resources/app/out/main.js:28:5040)
    at D.C (file:///usr/share/code/resources/app/out/main.js:30:2373)
    at D.fire (file:///usr/share/code/resources/app/out/main.js:30:2591)
    at z (file:///usr/share/code/resources/app/out/main.js:28:7334)
    at IpcMainImpl.i (file:///usr/share/code/resources/app/out/main.js:33:21024)
    at IpcMainImpl.emit (node:events:518:28)
    at Session.<anonymous> (node:electron/js2c/browser_init:2:106370)
    at Session.emit (node:events:518:28)
2025-10-03 19:46:57.200 [info] Settings Sync: Account status changed from uninitialized to available
2025-10-03 19:47:03.234 [info] [perf] Render performance baseline is 24ms
2025-10-03 19:47:20.375 [info] Auto updating outdated extensions. ms-python.vscode-python-envs
2025-10-03 19:47:21.535 [error] Cannot read the extension from /home/abhinav/.vscode/extensions/ms-python.vscode-python-envs-1.8.0-linux-x64: ScanningExtension: Cannot read the extension from /home/abhinav/.vscode/extensions/ms-python.vscode-python-envs-1.8.0-linux-x64
    at Mh.scanLocalExtension (file:///usr/share/code/resources/app/out/vs/code/electron-utility/sharedProcess/sharedProcessMain.js:74:75043)
2025-10-03 21:15:21.958 [error] TreeError [DebugRepl] Tree input not set: Error: TreeError [DebugRepl] Tree input not set
    at Lg.C (vscode-file://vscode-app/usr/share/code/resources/app/out/vs/workbench/workbench.desktop.main.js:422:29219)
    at Lg.updateChildren (vscode-file://vscode-app/usr/share/code/resources/app/out/vs/workbench/workbench.desktop.main.js:422:29000)
    at yae.value (vscode-file://vscode-app/usr/share/code/resources/app/out/vs/workbench/workbench.desktop.main.js:2521:33728)
    at I.C (vscode-file://vscode-app/usr/share/code/resources/app/out/vs/workbench/workbench.desktop.main.js:29:2392)
    at I.D (vscode-file://vscode-app/usr/share/code/resources/app/out/vs/workbench/workbench.desktop.main.js:29:2462)
    at I.fire (vscode-file://vscode-app/usr/share/code/resources/app/out/vs/workbench/workbench.desktop.main.js:29:2680)
    at JIe.setVisible (vscode-file://vscode-app/usr/share/code/resources/app/out/vs/workbench/workbench.desktop.main.js:559:2730)
    at vscode-file://vscode-app/usr/share/code/resources/app/out/vs/workbench/workbench.desktop.main.js:585:13938
    at Array.map (<anonymous>)
    at Vd.setVisible (vscode-file://vscode-app/usr/share/code/resources/app/out/vs/workbench/workbench.desktop.main.js:585:13929)
2025-10-03 21:22:09.270 [error] An unknown error occurred. Please consult the log for more details.
2025-10-03 21:27:01.591 [error] spawn truecolor ENOENT: Error: spawn truecolor ENOENT
    at ChildProcess._handle.onexit (node:internal/child_process:285:19)
    at onErrorNT (node:internal/child_process:483:16)
    at process.processTicksAndRejections (node:internal/process/task_queues:90:21)
