2025-09-25 13:49:11.433 [info] Reading sessions from keychain...
2025-09-25 13:49:11.433 [info] Getting sessions for all scopes...
2025-09-25 13:49:11.434 [info] Got stored sessions!
2025-09-25 13:49:11.434 [info] Got 1 verified sessions.
2025-09-25 13:49:11.434 [info] Got 1 sessions for ...
2025-09-25 13:49:11.434 [info] Getting sessions for all scopes...
2025-09-25 13:49:11.434 [info] Got 1 sessions for ...
2025-09-25 13:49:11.434 [info] Getting sessions for all scopes...
2025-09-25 13:49:11.434 [info] Got 1 sessions for ...
2025-09-25 13:49:11.434 [info] Getting sessions for all scopes...
2025-09-25 13:49:11.434 [info] Got 1 sessions for ...
2025-09-25 13:49:11.434 [info] Getting sessions for user:email...
2025-09-25 13:49:11.434 [info] Got 1 sessions for user:email...
2025-09-25 13:49:11.434 [info] Getting sessions for all scopes...
2025-09-25 13:49:11.434 [info] Got 1 sessions for ...
2025-09-25 13:49:11.434 [info] Getting sessions for all scopes...
2025-09-25 13:49:11.434 [info] Got 1 sessions for ...
2025-09-25 13:49:11.434 [info] Getting sessions for all scopes...
2025-09-25 13:49:11.434 [info] Got 1 sessions for ...
2025-09-25 13:49:11.434 [info] Getting sessions for all scopes...
2025-09-25 13:49:11.434 [info] Got 1 sessions for ...
2025-09-25 13:49:11.434 [info] Getting sessions for all scopes...
2025-09-25 13:49:11.434 [info] Got 1 sessions for ...
2025-09-25 13:49:11.434 [info] Getting sessions for all scopes...
2025-09-25 13:49:11.434 [info] Got 1 sessions for ...
2025-09-25 13:49:11.434 [info] Getting sessions for all scopes...
2025-09-25 13:49:11.434 [info] Got 1 sessions for ...
2025-09-25 13:49:11.434 [info] Getting sessions for all scopes...
2025-09-25 13:49:11.434 [info] Got 1 sessions for ...
2025-09-25 13:49:11.434 [info] Getting sessions for all scopes...
2025-09-25 13:49:11.434 [info] Got 1 sessions for ...
2025-09-25 13:49:11.434 [info] Getting sessions for all scopes...
2025-09-25 13:49:11.434 [info] Got 1 sessions for ...
2025-09-25 13:49:11.434 [info] Getting sessions for all scopes...
2025-09-25 13:49:11.434 [info] Got 1 sessions for ...
2025-09-25 13:49:11.434 [info] Getting sessions for all scopes...
2025-09-25 13:49:11.434 [info] Got 1 sessions for ...
2025-09-25 13:49:13.981 [info] Getting sessions for all scopes...
2025-09-25 13:49:13.981 [info] Got 1 sessions for ...
2025-09-25 13:49:13.981 [info] Getting sessions for all scopes...
2025-09-25 13:49:13.981 [info] Got 1 sessions for ...
2025-09-25 13:49:13.982 [info] Getting sessions for all scopes...
2025-09-25 13:49:13.982 [info] Got 1 sessions for ...
2025-09-25 13:49:14.215 [info] Getting sessions for all scopes...
2025-09-25 13:49:14.215 [info] Got 1 sessions for ...
2025-09-25 13:49:14.215 [info] Getting sessions for all scopes...
2025-09-25 13:49:14.215 [info] Got 1 sessions for ...
2025-09-25 13:49:14.758 [info] Getting sessions for all scopes...
2025-09-25 13:49:14.758 [info] Got 1 sessions for ...
2025-09-25 13:49:14.762 [info] Getting sessions for read:user,repo,user:email,workflow...
2025-09-25 13:49:14.762 [info] Got 0 sessions for read:user,repo,user:email,workflow...
2025-09-25 13:49:14.763 [info] Getting sessions for all scopes...
2025-09-25 13:49:14.763 [info] Got 1 sessions for ...
2025-09-25 13:49:14.763 [info] Getting sessions for read:user,repo,user:email,workflow...
2025-09-25 13:49:14.763 [info] Got 0 sessions for read:user,repo,user:email,workflow...
2025-09-25 13:49:14.766 [info] Getting sessions for user:email...
2025-09-25 13:49:14.766 [info] Got 1 sessions for user:email...
2025-09-25 13:49:14.766 [info] Getting sessions for read:user,repo,user:email,workflow...
2025-09-25 13:49:14.766 [info] Got 0 sessions for read:user,repo,user:email,workflow...
2025-09-25 13:49:14.766 [info] Getting sessions for read:user...
2025-09-25 13:49:14.766 [info] Got 0 sessions for read:user...
2025-09-25 13:49:14.768 [info] Getting sessions for all scopes...
2025-09-25 13:49:14.768 [info] Got 1 sessions for ...
2025-09-25 13:49:14.768 [info] Getting sessions for user:email...
2025-09-25 13:49:14.768 [info] Got 1 sessions for user:email...
2025-09-25 13:49:14.771 [info] Getting sessions for read:user,repo,user:email,workflow...
2025-09-25 13:49:14.771 [info] Got 0 sessions for read:user,repo,user:email,workflow...
2025-09-25 13:49:14.942 [info] Getting sessions for user:email...
2025-09-25 13:49:14.942 [info] Got 1 sessions for user:email...
2025-09-25 13:49:14.944 [info] Getting sessions for all scopes...
2025-09-25 13:49:14.944 [info] Got 1 sessions for ...
2025-09-25 13:49:14.945 [info] Getting sessions for read:user,repo,user:email,workflow...
2025-09-25 13:49:14.945 [info] Got 0 sessions for read:user,repo,user:email,workflow...
2025-09-25 13:49:14.946 [info] Getting sessions for user:email...
2025-09-25 13:49:14.946 [info] Got 1 sessions for user:email...
2025-09-25 13:49:15.052 [info] Getting sessions for all scopes...
2025-09-25 13:49:15.052 [info] Got 1 sessions for ...
2025-09-25 13:49:15.055 [info] Getting sessions for all scopes...
2025-09-25 13:49:15.055 [info] Got 1 sessions for ...
2025-09-25 13:49:15.061 [info] Getting sessions for read:user,repo,user:email,workflow...
2025-09-25 13:49:15.061 [info] Got 0 sessions for read:user,repo,user:email,workflow...
2025-09-25 13:49:15.069 [info] Getting sessions for user:email...
2025-09-25 13:49:15.069 [info] Got 1 sessions for user:email...
2025-09-25 13:49:21.999 [info] Getting sessions for all scopes...
2025-09-25 13:49:22.000 [info] Got 1 sessions for ...
2025-09-25 13:49:22.001 [info] Getting sessions for read:user,repo,user:email,workflow...
2025-09-25 13:49:22.001 [info] Got 0 sessions for read:user,repo,user:email,workflow...
2025-09-25 13:49:22.003 [info] Getting sessions for user:email...
2025-09-25 13:49:22.003 [info] Got 1 sessions for user:email...
2025-09-25 13:49:22.919 [info] Getting sessions for all scopes...
2025-09-25 13:49:22.919 [info] Got 1 sessions for ...
2025-09-25 13:49:22.919 [info] Getting sessions for all scopes...
2025-09-25 13:49:22.919 [info] Got 1 sessions for ...
2025-09-25 13:49:22.940 [info] Getting sessions for read:user,repo,user:email,workflow...
2025-09-25 13:49:22.940 [info] Got 0 sessions for read:user,repo,user:email,workflow...
2025-09-25 13:49:22.942 [info] Getting sessions for user:email...
2025-09-25 13:49:22.942 [info] Got 1 sessions for user:email...
2025-09-25 13:49:22.942 [info] Getting sessions for read:user,repo,user:email,workflow...
2025-09-25 13:49:22.943 [info] Got 0 sessions for read:user,repo,user:email,workflow...
2025-09-25 13:49:22.945 [info] Getting sessions for all scopes...
2025-09-25 13:49:22.945 [info] Got 1 sessions for ...
2025-09-25 13:49:22.946 [info] Getting sessions for read:user,repo,user:email,workflow...
2025-09-25 13:49:22.946 [info] Got 0 sessions for read:user,repo,user:email,workflow...
2025-09-25 13:49:22.947 [info] Getting sessions for user:email...
2025-09-25 13:49:22.947 [info] Got 1 sessions for user:email...
2025-09-25 13:49:23.011 [info] Getting sessions for all scopes...
2025-09-25 13:49:23.011 [info] Got 1 sessions for ...
2025-09-25 13:49:23.027 [info] Getting sessions for read:user,repo,user:email,workflow...
2025-09-25 13:49:23.027 [info] Got 0 sessions for read:user,repo,user:email,workflow...
2025-09-25 13:49:23.028 [info] Getting sessions for user:email...
2025-09-25 13:49:23.028 [info] Got 1 sessions for user:email...
2025-09-25 13:49:23.031 [info] Getting sessions for all scopes...
2025-09-25 13:49:23.031 [info] Got 1 sessions for ...
2025-09-25 13:49:23.032 [info] Getting sessions for all scopes...
2025-09-25 13:49:23.032 [info] Got 1 sessions for ...
2025-09-25 13:49:31.195 [info] Getting sessions for all scopes...
2025-09-25 13:49:31.195 [info] Got 1 sessions for ...
2025-09-25 13:49:35.610 [info] Getting sessions for all scopes...
2025-09-25 13:49:35.610 [info] Got 1 sessions for ...
2025-09-25 13:49:35.612 [info] Getting sessions for read:user,repo,user:email,workflow...
2025-09-25 13:49:35.612 [info] Got 0 sessions for read:user,repo,user:email,workflow...
2025-09-25 13:49:35.614 [info] Getting sessions for user:email...
2025-09-25 13:49:35.614 [info] Got 1 sessions for user:email...
2025-09-25 13:49:37.653 [info] Getting sessions for all scopes...
2025-09-25 13:49:37.654 [info] Got 1 sessions for ...
2025-09-25 13:49:37.655 [info] Getting sessions for read:user,repo,user:email,workflow...
2025-09-25 13:49:37.655 [info] Got 0 sessions for read:user,repo,user:email,workflow...
2025-09-25 13:49:37.656 [info] Getting sessions for user:email...
2025-09-25 13:49:37.656 [info] Got 1 sessions for user:email...
2025-09-25 13:49:41.128 [info] Getting sessions for all scopes...
2025-09-25 13:49:41.128 [info] Got 1 sessions for ...
2025-09-25 13:49:41.129 [info] Getting sessions for read:user,repo,user:email,workflow...
2025-09-25 13:49:41.129 [info] Got 0 sessions for read:user,repo,user:email,workflow...
2025-09-25 13:49:41.129 [info] Getting sessions for user:email...
2025-09-25 13:49:41.129 [info] Got 1 sessions for user:email...
