2025-09-24 00:43:38.966 [info] Reading sessions from keychain...
2025-09-24 00:43:38.966 [info] Getting sessions for all scopes...
2025-09-24 00:43:38.966 [info] Got stored sessions!
2025-09-24 00:43:38.966 [info] Got 1 verified sessions.
2025-09-24 00:43:38.966 [info] Got 1 sessions for ...
2025-09-24 00:43:38.966 [info] Getting sessions for all scopes...
2025-09-24 00:43:38.966 [info] Got 1 sessions for ...
2025-09-24 00:43:38.966 [info] Getting sessions for all scopes...
2025-09-24 00:43:38.966 [info] Got 1 sessions for ...
2025-09-24 00:43:38.966 [info] Getting sessions for all scopes...
2025-09-24 00:43:38.966 [info] Got 1 sessions for ...
2025-09-24 00:43:38.966 [info] Getting sessions for all scopes...
2025-09-24 00:43:38.966 [info] Got 1 sessions for ...
2025-09-24 00:43:38.966 [info] Getting sessions for all scopes...
2025-09-24 00:43:38.966 [info] Got 1 sessions for ...
2025-09-24 00:43:38.966 [info] Getting sessions for all scopes...
2025-09-24 00:43:38.966 [info] Got 1 sessions for ...
2025-09-24 00:43:38.966 [info] Getting sessions for all scopes...
2025-09-24 00:43:38.966 [info] Got 1 sessions for ...
2025-09-24 00:43:38.966 [info] Getting sessions for all scopes...
2025-09-24 00:43:38.966 [info] Got 1 sessions for ...
2025-09-24 00:43:38.966 [info] Getting sessions for all scopes...
2025-09-24 00:43:38.966 [info] Got 1 sessions for ...
2025-09-24 00:43:38.966 [info] Getting sessions for all scopes...
2025-09-24 00:43:38.966 [info] Got 1 sessions for ...
2025-09-24 00:43:38.966 [info] Getting sessions for all scopes...
2025-09-24 00:43:38.966 [info] Got 1 sessions for ...
2025-09-24 00:43:38.966 [info] Getting sessions for all scopes...
2025-09-24 00:43:38.966 [info] Got 1 sessions for ...
2025-09-24 00:43:39.114 [info] Getting sessions for all scopes...
2025-09-24 00:43:39.114 [info] Got 1 sessions for ...
2025-09-24 00:43:42.017 [info] Getting sessions for user:email...
2025-09-24 00:43:42.017 [info] Got 1 sessions for user:email...
2025-09-24 00:43:42.020 [info] Getting sessions for all scopes...
2025-09-24 00:43:42.020 [info] Got 1 sessions for ...
2025-09-24 00:43:42.031 [info] Getting sessions for all scopes...
2025-09-24 00:43:42.031 [info] Got 1 sessions for ...
2025-09-24 00:43:42.031 [info] Getting sessions for all scopes...
2025-09-24 00:43:42.031 [info] Got 1 sessions for ...
2025-09-24 00:43:42.031 [info] Getting sessions for all scopes...
2025-09-24 00:43:42.031 [info] Got 1 sessions for ...
2025-09-24 00:43:42.121 [info] Getting sessions for all scopes...
2025-09-24 00:43:42.121 [info] Got 1 sessions for ...
2025-09-24 00:43:42.122 [info] Getting sessions for all scopes...
2025-09-24 00:43:42.122 [info] Got 1 sessions for ...
2025-09-24 00:43:42.652 [info] Getting sessions for read:user,repo,user:email,workflow...
2025-09-24 00:43:42.652 [info] Got 0 sessions for read:user,repo,user:email,workflow...
2025-09-24 00:43:42.653 [info] Getting sessions for all scopes...
2025-09-24 00:43:42.653 [info] Got 1 sessions for ...
2025-09-24 00:43:42.654 [info] Getting sessions for all scopes...
2025-09-24 00:43:42.654 [info] Got 1 sessions for ...
2025-09-24 00:43:42.654 [info] Getting sessions for read:user,repo,user:email,workflow...
2025-09-24 00:43:42.654 [info] Got 0 sessions for read:user,repo,user:email,workflow...
2025-09-24 00:43:42.655 [info] Getting sessions for user:email...
2025-09-24 00:43:42.655 [info] Got 1 sessions for user:email...
2025-09-24 00:43:42.655 [info] Getting sessions for read:user,repo,user:email,workflow...
2025-09-24 00:43:42.655 [info] Got 0 sessions for read:user,repo,user:email,workflow...
2025-09-24 00:43:42.659 [info] Getting sessions for read:user...
2025-09-24 00:43:42.659 [info] Got 0 sessions for read:user...
2025-09-24 00:43:42.661 [info] Getting sessions for all scopes...
2025-09-24 00:43:42.661 [info] Got 1 sessions for ...
2025-09-24 00:43:42.662 [info] Getting sessions for user:email...
2025-09-24 00:43:42.662 [info] Got 1 sessions for user:email...
2025-09-24 00:43:42.666 [info] Getting sessions for read:user,repo,user:email,workflow...
2025-09-24 00:43:42.667 [info] Got 0 sessions for read:user,repo,user:email,workflow...
2025-09-24 00:43:42.670 [info] Getting sessions for user:email...
2025-09-24 00:43:42.670 [info] Got 1 sessions for user:email...
2025-09-24 00:43:42.672 [info] Getting sessions for all scopes...
2025-09-24 00:43:42.672 [info] Got 1 sessions for ...
2025-09-24 00:43:42.821 [info] Getting sessions for read:user,repo,user:email,workflow...
2025-09-24 00:43:42.821 [info] Got 0 sessions for read:user,repo,user:email,workflow...
2025-09-24 00:43:42.822 [info] Getting sessions for user:email...
2025-09-24 00:43:42.822 [info] Got 1 sessions for user:email...
2025-09-24 00:43:43.280 [info] Getting sessions for all scopes...
2025-09-24 00:43:43.280 [info] Got 1 sessions for ...
2025-09-24 00:43:43.292 [info] Getting sessions for read:user,repo,user:email,workflow...
2025-09-24 00:43:43.292 [info] Got 0 sessions for read:user,repo,user:email,workflow...
2025-09-24 00:43:43.294 [info] Getting sessions for user:email...
2025-09-24 00:43:43.294 [info] Got 1 sessions for user:email...
2025-09-24 00:43:44.111 [info] Getting sessions for all scopes...
2025-09-24 00:43:44.111 [info] Got 1 sessions for ...
2025-09-24 00:43:44.112 [info] Getting sessions for read:user,repo,user:email,workflow...
2025-09-24 00:43:44.112 [info] Got 0 sessions for read:user,repo,user:email,workflow...
2025-09-24 00:43:44.113 [info] Getting sessions for user:email...
2025-09-24 00:43:44.113 [info] Got 1 sessions for user:email...
2025-09-24 00:43:45.581 [info] Getting sessions for all scopes...
2025-09-24 00:43:45.581 [info] Got 1 sessions for ...
2025-09-24 00:43:45.581 [info] Getting sessions for all scopes...
2025-09-24 00:43:45.581 [info] Got 1 sessions for ...
2025-09-24 00:43:45.601 [info] Getting sessions for read:user,repo,user:email,workflow...
2025-09-24 00:43:45.601 [info] Got 0 sessions for read:user,repo,user:email,workflow...
2025-09-24 00:43:45.602 [info] Getting sessions for user:email...
2025-09-24 00:43:45.602 [info] Got 1 sessions for user:email...
2025-09-24 00:43:45.603 [info] Getting sessions for read:user,repo,user:email,workflow...
2025-09-24 00:43:45.603 [info] Got 0 sessions for read:user,repo,user:email,workflow...
2025-09-24 00:43:45.604 [info] Getting sessions for all scopes...
2025-09-24 00:43:45.604 [info] Got 1 sessions for ...
2025-09-24 00:43:45.605 [info] Getting sessions for read:user,repo,user:email,workflow...
2025-09-24 00:43:45.605 [info] Got 0 sessions for read:user,repo,user:email,workflow...
2025-09-24 00:43:45.606 [info] Getting sessions for user:email...
2025-09-24 00:43:45.606 [info] Got 1 sessions for user:email...
2025-09-24 00:43:45.685 [info] Getting sessions for all scopes...
2025-09-24 00:43:45.685 [info] Got 1 sessions for ...
2025-09-24 00:43:45.686 [info] Getting sessions for read:user,repo,user:email,workflow...
2025-09-24 00:43:45.686 [info] Got 0 sessions for read:user,repo,user:email,workflow...
2025-09-24 00:43:45.687 [info] Getting sessions for user:email...
2025-09-24 00:43:45.687 [info] Got 1 sessions for user:email...
2025-09-24 00:43:45.690 [info] Getting sessions for all scopes...
2025-09-24 00:43:45.690 [info] Got 1 sessions for ...
2025-09-24 00:43:45.691 [info] Getting sessions for all scopes...
2025-09-24 00:43:45.691 [info] Got 1 sessions for ...
