20:43:34 [vokoscreenNG] Desktop session is a Wayland session
20:43:34 [vokoscreenNG] Version: 4.6.0
20:43:34 [vokoscreenNG] Locale: en_US
20:43:34 [vokoscreenNG] Log from: 2025-08-15 20:43:34
20:43:34 [vokoscreenNG] Country: United States
20:43:34 [vokoscreenNG] Qt: 6.9.1
20:43:34 [vokoscreenNG] GStreamer 1.26.5
20:43:34 [vokoscreenNG] PulseAudio library version: 17.0.0
20:43:34 [vokoscreenNG] Pipewire version: 1.4.7
20:43:34 [vokoscreenNG] Operating system: Fedora Linux 42 (KDE Plasma Desktop Edition)
20:43:34 [vokoscreenNG] CPU Architecture: x86_64
20:43:34 [vokoscreenNG] Count CPU: 8
20:43:34 [vokoscreenNG] vokoscreenNG running as: wayland client
20:43:34 [vokoscreenNG] vokoscreenNG running on: wayland
20:43:34 [vokoscreenNG] Desktop: Hyprland
20:43:34 [vokoscreenNG] Icon-Theme: hicolor
20:43:34 [vokoscreenNG] Styles: QList(Breeze, Windows, Fusion)
20:43:34 [vokoscreenNG] Qt-PluginsPath:      /usr/lib64/qt6/plugins
20:43:34 [vokoscreenNG] Qt-TranslationsPath: /usr/share/qt6/translations
20:43:34 [vokoscreenNG] Qt-LibraryPath:      /usr/lib64
20:43:34 [vokoscreenNG] Log: /home/abhinav/.config/vokoscreenNG/log/2025-08-15_20-43-34.log
20:43:34 [vokoscreenNG] Default Videopath: /home/abhinav/Videos

20:43:34 [vokoscreenNG] --- GStreamer elements ---
20:43:34 [vokoscreenNG] + pipewiresrc
20:43:34 [vokoscreenNG] + pulsesrc
20:43:34 [vokoscreenNG] + queue
20:43:34 [vokoscreenNG] + capsfilter
20:43:34 [vokoscreenNG] + videoconvert
20:43:34 [vokoscreenNG] + videorate
20:43:34 [vokoscreenNG] + audioconvert
20:43:34 [vokoscreenNG] + audiorate
20:43:34 [vokoscreenNG] + filesink
20:43:34 [vokoscreenNG] + videoscale
20:43:34 [vokoscreenNG] + h264parse
20:43:34 [vokoscreenNG] + audiomixer
20:43:34 [vokoscreenNG] + videocrop

20:43:34 [vokoscreenNG] Formats, video- and audio codec are only for record, not for the player
20:43:34 [vokoscreenNG] Video formats:
20:43:34 [vokoscreenNG] + matroskamux (mkv)

20:43:34 [vokoscreenNG] Format was changed, codecs are inserted:
20:43:34 [vokoscreenNG] + openh264enc

20:43:34 [vokoscreenNG] Video encoder:
20:43:34 [vokoscreenNG] + openh264enc

20:43:34 [vokoscreenNG] Audio encoder:
20:43:34 [vokoscreenNG] + opusenc
20:43:34 [vokoscreenNG] + lamemp3enc
20:43:34 [vokoscreenNG] [Audio] Found: Monitor of Tiger Lake-LP Smart Sound Technology Audio Controller HDMI / DisplayPort 3 Output Device: alsa_output.pci-0000_00_1f.3-platform-skl_hda_dsp_generic.HiFi__HDMI3__sink.monitor
20:43:34 [vokoscreenNG] [Audio] Found: Monitor of Tiger Lake-LP Smart Sound Technology Audio Controller HDMI / DisplayPort 2 Output Device: alsa_output.pci-0000_00_1f.3-platform-skl_hda_dsp_generic.HiFi__HDMI2__sink.monitor
20:43:34 [vokoscreenNG] [Audio] Found: Monitor of Tiger Lake-LP Smart Sound Technology Audio Controller HDMI / DisplayPort 1 Output Device: alsa_output.pci-0000_00_1f.3-platform-skl_hda_dsp_generic.HiFi__HDMI1__sink.monitor
20:43:34 [vokoscreenNG] [Audio] Found: Monitor of Tiger Lake-LP Smart Sound Technology Audio Controller Speaker Device: alsa_output.pci-0000_00_1f.3-platform-skl_hda_dsp_generic.HiFi__Speaker__sink.monitor
20:43:34 [vokoscreenNG] [Audio] Found: Tiger Lake-LP Smart Sound Technology Audio Controller Stereo Microphone Device: alsa_input.pci-0000_00_1f.3-platform-skl_hda_dsp_generic.HiFi__Mic2__source
20:43:34 [vokoscreenNG] [Audio] Found: Tiger Lake-LP Smart Sound Technology Audio Controller Digital Microphone Device: alsa_input.pci-0000_00_1f.3-platform-skl_hda_dsp_generic.HiFi__Mic1__source
20:43:34 [vokoscreenNG] [Audio] Found: Buds Pro Device: bluez_input.2C:BE:EB:A7:92:22
20:43:34 [vokoscreenNG] [Audio] Found: Monitor of Buds Pro Device: bluez_output.2C_BE_EB_A7_92_22.1.monitor


20:43:35 [vokoscreenNG] This screen is the primary screen:  eDP-1
20:43:35 [vokoscreenNG] DevicePixelRatio: 1  (Normal displays is 1, Retina display is 2)
20:43:35 [vokoscreenNG] myDevicePixelRatio: 1
20:43:35 [vokoscreenNG] Screen Resolution width : 1366
20:43:35 [vokoscreenNG] Screen Resolution height : 768
20:43:35 [vokoscreenNG] Vertical refresh rate of the screen in Hz: 60.002
20:43:35 [vokoscreenNG] Screen orientation QFlags<Qt::ScreenOrientation>(LandscapeOrientation)
20:43:35 [vokoscreenNG] Color depth of the screen:  32
20:43:35 [vokoscreenNG] Model from screen:  0x1535
20:43:35 [vokoscreenNG] Manufactur from screen:  Chimei Innolux Corporation
20:43:35 [vokoscreenNG] SerialNumber from screen:  
20:43:35 [vokoscreenNG] [Camera added:] 78 HP TrueVision HD Camera: HP Tru

20:44:40 [vokoscreenNG] Start portal window
20:44:40 [vokoscreenNG] Mouse cursor is not recording
20:44:40 [vokoscreenNG] request path /org/freedesktop/portal/desktop/request/1_312/
20:44:44 [vokoscreenNG] SecondWaitBeforeRecording: 1


20:44:44 [vokoscreenNG] Free disk space at the beginning of the recording: 392226 MB

20:44:44 [vokoscreenNG] Separated audio tracks: false

20:44:44 [vokoscreenNG] Start record with: pipewiresrc fd=75 path=151 do-timestamp=true ! videoconvert ! videorate ! queue max-size-bytes=1073741824 max-size-time=10000000000 max-size-buffers=1000 ! video/x-raw, framerate=60/1 ! openh264enc qp-min=23 qp-max=23 usage-type=camera complexity=low multi-thread=0 slice-mode=auto ! h264parse ! queue ! mux. pulsesrc device=bluez_input.2C:BE:EB:A7:92:22 ! audioconvert ! audiorate ! audio/x-raw, channels=2 ! queue max-size-bytes=1000000 max-size-time=10000000000 max-size-buffers=1000 ! opusenc ! queue ! mux. matroskamux name=mux writing-app=vokoscreenNG_4.6.0 ! filesink location="/home/abhinav/Videos/vokoscreenNG-2025-08-15_20-44-44.mkv"

20:44:44 gst-launch-1.0 -e \
    pipewiresrc fd=75 path=151 do-timestamp=true \
        ! videoconvert \
        ! videorate \
        ! queue max-size-bytes=1073741824 max-size-time=10000000000 max-size-buffers=1000 \
        ! video/x-raw, framerate=60/1 \
        ! openh264enc qp-min=23 qp-max=23 usage-type=camera complexity=low multi-thread=0 slice-mode=auto \
        ! h264parse \
        ! queue \
        ! mux. \
    pulsesrc device=bluez_input.2C:BE:EB:A7:92:22 \
        ! audioconvert \
        ! audiorate \
        ! audio/x-raw, channels=2 \
        ! queue max-size-bytes=1000000 max-size-time=10000000000 max-size-buffers=1000 \
        ! opusenc \
        ! queue \
        ! mux. \
    matroskamux name=mux writing-app=vokoscreenNG_4.6.0 \
        ! filesink location="/home/abhinav/Videos/vokoscreenNG-2025-08-15_20-44-44.mkv"

20:44:44 [vokoscreenNG] Start was clicked GST_STATE_CHANGE_ASYNC Returncode = 2
20:44:48 [vokoscreenNG] Stop record

20:45:05 [vokoscreenNG] Start portal window
20:45:05 [vokoscreenNG] Mouse cursor is not recording
20:45:16 [vokoscreenNG] SecondWaitBeforeRecording: 1


20:45:16 [vokoscreenNG] Free disk space at the beginning of the recording: 392226 MB

20:45:16 [vokoscreenNG] Separated audio tracks: false

20:45:16 [vokoscreenNG] Start record with: pipewiresrc fd=98 path=151 do-timestamp=true ! videoconvert ! videorate ! queue max-size-bytes=1073741824 max-size-time=10000000000 max-size-buffers=1000 ! video/x-raw, framerate=60/1 ! openh264enc qp-min=23 qp-max=23 usage-type=camera complexity=low multi-thread=0 slice-mode=auto ! h264parse ! queue ! mux. pulsesrc device=bluez_input.2C:BE:EB:A7:92:22 ! audioconvert ! audiorate ! audio/x-raw, channels=2 ! queue max-size-bytes=1000000 max-size-time=10000000000 max-size-buffers=1000 ! opusenc ! queue ! mux. matroskamux name=mux writing-app=vokoscreenNG_4.6.0 ! filesink location="/home/abhinav/Videos/vokoscreenNG-2025-08-15_20-45-16.mkv"

20:45:16 gst-launch-1.0 -e \
    pipewiresrc fd=98 path=151 do-timestamp=true \
        ! videoconvert \
        ! videorate \
        ! queue max-size-bytes=1073741824 max-size-time=10000000000 max-size-buffers=1000 \
        ! video/x-raw, framerate=60/1 \
        ! openh264enc qp-min=23 qp-max=23 usage-type=camera complexity=low multi-thread=0 slice-mode=auto \
        ! h264parse \
        ! queue \
        ! mux. \
    pulsesrc device=bluez_input.2C:BE:EB:A7:92:22 \
        ! audioconvert \
        ! audiorate \
        ! audio/x-raw, channels=2 \
        ! queue max-size-bytes=1000000 max-size-time=10000000000 max-size-buffers=1000 \
        ! opusenc \
        ! queue \
        ! mux. \
    matroskamux name=mux writing-app=vokoscreenNG_4.6.0 \
        ! filesink location="/home/abhinav/Videos/vokoscreenNG-2025-08-15_20-45-16.mkv"

20:45:16 [vokoscreenNG] Start was clicked GST_STATE_CHANGE_ASYNC Returncode = 2
20:45:27 [vokoscreenNG] Stop record

20:45:31 [vokoscreenNG] Start portal window
20:45:31 [vokoscreenNG] Mouse cursor is not recording
20:45:36 [vokoscreenNG] SecondWaitBeforeRecording: 1


20:45:36 [vokoscreenNG] Free disk space at the beginning of the recording: 392226 MB

20:45:36 [vokoscreenNG] Separated audio tracks: false

20:45:36 [vokoscreenNG] Start record with: pipewiresrc fd=100 path=151 do-timestamp=true ! videoconvert ! videorate ! queue max-size-bytes=1073741824 max-size-time=10000000000 max-size-buffers=1000 ! video/x-raw, framerate=60/1 ! openh264enc qp-min=23 qp-max=23 usage-type=camera complexity=low multi-thread=0 slice-mode=auto ! h264parse ! queue ! mux. pulsesrc device=bluez_input.2C:BE:EB:A7:92:22 ! audioconvert ! audiorate ! audio/x-raw, channels=2 ! queue max-size-bytes=1000000 max-size-time=10000000000 max-size-buffers=1000 ! opusenc ! queue ! mux. matroskamux name=mux writing-app=vokoscreenNG_4.6.0 ! filesink location="/home/abhinav/Videos/vokoscreenNG-2025-08-15_20-45-36.mkv"

20:45:36 gst-launch-1.0 -e \
    pipewiresrc fd=100 path=151 do-timestamp=true \
        ! videoconvert \
        ! videorate \
        ! queue max-size-bytes=1073741824 max-size-time=10000000000 max-size-buffers=1000 \
        ! video/x-raw, framerate=60/1 \
        ! openh264enc qp-min=23 qp-max=23 usage-type=camera complexity=low multi-thread=0 slice-mode=auto \
        ! h264parse \
        ! queue \
        ! mux. \
    pulsesrc device=bluez_input.2C:BE:EB:A7:92:22 \
        ! audioconvert \
        ! audiorate \
        ! audio/x-raw, channels=2 \
        ! queue max-size-bytes=1000000 max-size-time=10000000000 max-size-buffers=1000 \
        ! opusenc \
        ! queue \
        ! mux. \
    matroskamux name=mux writing-app=vokoscreenNG_4.6.0 \
        ! filesink location="/home/abhinav/Videos/vokoscreenNG-2025-08-15_20-45-36.mkv"

20:45:36 [vokoscreenNG] Start was clicked GST_STATE_CHANGE_ASYNC Returncode = 2
20:51:55 [vokoscreenNG] Stop record

20:53:34 [vokoscreenNG] Start portal window
20:53:34 [vokoscreenNG] Mouse cursor is not recording
20:53:39 [vokoscreenNG] SecondWaitBeforeRecording: 1


20:53:39 [vokoscreenNG] Free disk space at the beginning of the recording: 392182 MB

20:53:39 [vokoscreenNG] Separated audio tracks: false

20:53:39 [vokoscreenNG] Start record with: pipewiresrc fd=102 path=150 do-timestamp=true ! videoconvert ! videorate ! queue max-size-bytes=1073741824 max-size-time=10000000000 max-size-buffers=1000 ! video/x-raw, framerate=60/1 ! openh264enc qp-min=23 qp-max=23 usage-type=camera complexity=low multi-thread=0 slice-mode=auto ! h264parse ! queue ! mux. pulsesrc device=bluez_input.2C:BE:EB:A7:92:22 ! audioconvert ! audiorate ! audio/x-raw, channels=2 ! queue max-size-bytes=1000000 max-size-time=10000000000 max-size-buffers=1000 ! opusenc ! queue ! mux. matroskamux name=mux writing-app=vokoscreenNG_4.6.0 ! filesink location="/home/abhinav/Videos/vokoscreenNG-2025-08-15_20-53-39.mkv"

20:53:39 gst-launch-1.0 -e \
    pipewiresrc fd=102 path=150 do-timestamp=true \
        ! videoconvert \
        ! videorate \
        ! queue max-size-bytes=1073741824 max-size-time=10000000000 max-size-buffers=1000 \
        ! video/x-raw, framerate=60/1 \
        ! openh264enc qp-min=23 qp-max=23 usage-type=camera complexity=low multi-thread=0 slice-mode=auto \
        ! h264parse \
        ! queue \
        ! mux. \
    pulsesrc device=bluez_input.2C:BE:EB:A7:92:22 \
        ! audioconvert \
        ! audiorate \
        ! audio/x-raw, channels=2 \
        ! queue max-size-bytes=1000000 max-size-time=10000000000 max-size-buffers=1000 \
        ! opusenc \
        ! queue \
        ! mux. \
    matroskamux name=mux writing-app=vokoscreenNG_4.6.0 \
        ! filesink location="/home/abhinav/Videos/vokoscreenNG-2025-08-15_20-53-39.mkv"

20:53:39 [vokoscreenNG] Start was clicked GST_STATE_CHANGE_ASYNC Returncode = 2
20:55:36 [vokoscreenNG] Stop record

20:57:26 [vokoscreenNG] Start portal window
20:57:26 [vokoscreenNG] Mouse cursor is not recording
20:57:29 [vokoscreenNG] SecondWaitBeforeRecording: 1


20:57:29 [vokoscreenNG] Free disk space at the beginning of the recording: 392195 MB

20:57:29 [vokoscreenNG] Separated audio tracks: false

20:57:29 [vokoscreenNG] Start record with: pipewiresrc fd=104 path=150 do-timestamp=true ! videoconvert ! videorate ! queue max-size-bytes=1073741824 max-size-time=10000000000 max-size-buffers=1000 ! video/x-raw, framerate=60/1 ! openh264enc qp-min=23 qp-max=23 usage-type=camera complexity=low multi-thread=0 slice-mode=auto ! h264parse ! queue ! mux. pulsesrc device=bluez_input.2C:BE:EB:A7:92:22 ! audioconvert ! audiorate ! audio/x-raw, channels=2 ! queue max-size-bytes=1000000 max-size-time=10000000000 max-size-buffers=1000 ! opusenc ! queue ! mux. matroskamux name=mux writing-app=vokoscreenNG_4.6.0 ! filesink location="/home/abhinav/Videos/vokoscreenNG-2025-08-15_20-57-29.mkv"

20:57:29 gst-launch-1.0 -e \
    pipewiresrc fd=104 path=150 do-timestamp=true \
        ! videoconvert \
        ! videorate \
        ! queue max-size-bytes=1073741824 max-size-time=10000000000 max-size-buffers=1000 \
        ! video/x-raw, framerate=60/1 \
        ! openh264enc qp-min=23 qp-max=23 usage-type=camera complexity=low multi-thread=0 slice-mode=auto \
        ! h264parse \
        ! queue \
        ! mux. \
    pulsesrc device=bluez_input.2C:BE:EB:A7:92:22 \
        ! audioconvert \
        ! audiorate \
        ! audio/x-raw, channels=2 \
        ! queue max-size-bytes=1000000 max-size-time=10000000000 max-size-buffers=1000 \
        ! opusenc \
        ! queue \
        ! mux. \
    matroskamux name=mux writing-app=vokoscreenNG_4.6.0 \
        ! filesink location="/home/abhinav/Videos/vokoscreenNG-2025-08-15_20-57-29.mkv"

20:57:29 [vokoscreenNG] Start was clicked GST_STATE_CHANGE_ASYNC Returncode = 2
21:04:41 [vokoscreenNG] Stop record

21:04:55 [vokoscreenNG] QvkMainWindow_wl::closeEvent Begin close
21:04:55 [vokoscreenNG] Stop levelmeter on: progressBarAudioDevice-00
21:04:55 [vokoscreenNG] Stop levelmeter on: progressBarAudioDevice-01
21:04:55 [vokoscreenNG] Stop levelmeter on: progressBarAudioDevice-02
21:04:55 [vokoscreenNG] Stop levelmeter on: progressBarAudioDevice-03
21:04:55 [vokoscreenNG] Stop levelmeter on: progressBarAudioDevice-04
21:04:55 [vokoscreenNG] Stop levelmeter on: progressBarAudioDevice-05
21:04:55 [vokoscreenNG] Stop levelmeter on: progressBarAudioDevice-06
21:04:55 [vokoscreenNG] Stop levelmeter on: progressBarAudioDevice-07
21:04:55 QSettings::setValue: Empty key passed
21:04:55 [vokoscreenNG] QvkMainWindow_wl::closeEvent End close
