14:57:50 [vokoscreenNG] Desktop session is a Wayland session
14:57:50 [vokoscreenNG] Version: 4.6.0
14:57:50 [vokoscreenNG] Locale: en_US
14:57:50 [vokoscreenNG] Log from: 2025-08-15 14:57:50
14:57:50 [vokoscreenNG] Country: United States
14:57:50 [vokoscreenNG] Qt: 6.9.1
14:57:50 [vokoscreenNG] GStreamer 1.26.5
14:57:50 [vokoscreenNG] PulseAudio library version: 17.0.0
14:57:50 [vokoscreenNG] Pipewire version: 1.4.7
14:57:50 [vokoscreenNG] Operating system: Fedora Linux 42 (KDE Plasma Desktop Edition)
14:57:50 [vokoscreenNG] CPU Architecture: x86_64
14:57:50 [vokoscreenNG] Count CPU: 8
14:57:50 [vokoscreenNG] vokoscreenNG running as: wayland client
14:57:50 [vokoscreenNG] vokoscreenNG running on: wayland
14:57:50 [vokoscreenNG] Desktop: Hyprland
14:57:50 [vokoscreenNG] Icon-Theme: hicolor
14:57:50 [vokoscreenNG] Styles: QList(Breeze, Windows, Fusion)
14:57:50 [vokoscreenNG] Qt-PluginsPath:      /usr/lib64/qt6/plugins
14:57:50 [vokoscreenNG] Qt-TranslationsPath: /usr/share/qt6/translations
14:57:50 [vokoscreenNG] Qt-LibraryPath:      /usr/lib64
14:57:50 [vokoscreenNG] Log: /home/abhinav/.config/vokoscreenNG/log/2025-08-15_14-57-50.log
14:57:50 [vokoscreenNG] Default Videopath: /home/abhinav/Videos

14:57:50 [vokoscreenNG] --- GStreamer elements ---
14:57:50 [vokoscreenNG] + pipewiresrc
14:57:50 [vokoscreenNG] + pulsesrc
14:57:50 [vokoscreenNG] + queue
14:57:50 [vokoscreenNG] + capsfilter
14:57:50 [vokoscreenNG] + videoconvert
14:57:50 [vokoscreenNG] + videorate
14:57:50 [vokoscreenNG] + audioconvert
14:57:50 [vokoscreenNG] + audiorate
14:57:50 [vokoscreenNG] + filesink
14:57:50 [vokoscreenNG] + videoscale
14:57:50 [vokoscreenNG] + h264parse
14:57:50 [vokoscreenNG] + audiomixer
14:57:50 [vokoscreenNG] + videocrop

14:57:50 [vokoscreenNG] Formats, video- and audio codec are only for record, not for the player
14:57:50 [vokoscreenNG] Video formats:
14:57:50 [vokoscreenNG] + matroskamux (mkv)

14:57:50 [vokoscreenNG] Format was changed, codecs are inserted:
14:57:50 [vokoscreenNG] + openh264enc

14:57:50 [vokoscreenNG] Video encoder:
14:57:50 [vokoscreenNG] + openh264enc

14:57:50 [vokoscreenNG] Audio encoder:
14:57:50 [vokoscreenNG] + opusenc
14:57:50 [vokoscreenNG] + lamemp3enc
14:57:50 [vokoscreenNG] [Audio] Found: Monitor of Tiger Lake-LP Smart Sound Technology Audio Controller HDMI / DisplayPort 3 Output Device: alsa_output.pci-0000_00_1f.3-platform-skl_hda_dsp_generic.HiFi__HDMI3__sink.monitor
14:57:50 [vokoscreenNG] [Audio] Found: Monitor of Tiger Lake-LP Smart Sound Technology Audio Controller HDMI / DisplayPort 2 Output Device: alsa_output.pci-0000_00_1f.3-platform-skl_hda_dsp_generic.HiFi__HDMI2__sink.monitor
14:57:50 [vokoscreenNG] [Audio] Found: Monitor of Tiger Lake-LP Smart Sound Technology Audio Controller HDMI / DisplayPort 1 Output Device: alsa_output.pci-0000_00_1f.3-platform-skl_hda_dsp_generic.HiFi__HDMI1__sink.monitor
14:57:51 [vokoscreenNG] [Audio] Found: Monitor of Tiger Lake-LP Smart Sound Technology Audio Controller Speaker Device: alsa_output.pci-0000_00_1f.3-platform-skl_hda_dsp_generic.HiFi__Speaker__sink.monitor
14:57:51 [vokoscreenNG] [Audio] Found: Tiger Lake-LP Smart Sound Technology Audio Controller Stereo Microphone Device: alsa_input.pci-0000_00_1f.3-platform-skl_hda_dsp_generic.HiFi__Mic2__source
14:57:51 [vokoscreenNG] [Audio] Found: Tiger Lake-LP Smart Sound Technology Audio Controller Digital Microphone Device: alsa_input.pci-0000_00_1f.3-platform-skl_hda_dsp_generic.HiFi__Mic1__source
14:57:51 [vokoscreenNG] [Audio] Found: Buds Pro Device: bluez_input.2C_BE_EB_A7_92_22.0
14:57:51 [vokoscreenNG] [Audio] Found: Monitor of Buds Pro Device: bluez_output.2C_BE_EB_A7_92_22.1.monitor


14:57:51 [vokoscreenNG] This screen is the primary screen:  eDP-1
14:57:51 [vokoscreenNG] DevicePixelRatio: 1  (Normal displays is 1, Retina display is 2)
14:57:51 [vokoscreenNG] myDevicePixelRatio: 1
14:57:51 [vokoscreenNG] Screen Resolution width : 1366
14:57:51 [vokoscreenNG] Screen Resolution height : 768
14:57:51 [vokoscreenNG] Vertical refresh rate of the screen in Hz: 60.002
14:57:51 [vokoscreenNG] Screen orientation QFlags<Qt::ScreenOrientation>(LandscapeOrientation)
14:57:51 [vokoscreenNG] Color depth of the screen:  32
14:57:51 [vokoscreenNG] Model from screen:  0x1535
14:57:51 [vokoscreenNG] Manufactur from screen:  Chimei Innolux Corporation
14:57:51 [vokoscreenNG] SerialNumber from screen:  
14:57:51 [vokoscreenNG] [Camera added:] 6764 HP TrueVision HD Camera: HP Tru

14:58:32 [vokoscreenNG] Start portal window
14:58:32 [vokoscreenNG] Mouse cursor is not recording
14:58:32 [vokoscreenNG] request path /org/freedesktop/portal/desktop/request/1_6887/
14:58:37 [vokoscreenNG] SecondWaitBeforeRecording: 1


14:58:37 [vokoscreenNG] Free disk space at the beginning of the recording: 387853 MB

14:58:37 [vokoscreenNG] Separated audio tracks: false

14:58:37 [vokoscreenNG] Start record with: pipewiresrc fd=75 path=150 do-timestamp=true ! videoconvert ! videorate ! queue max-size-bytes=1073741824 max-size-time=10000000000 max-size-buffers=1000 ! video/x-raw, framerate=48/1 ! openh264enc qp-min=23 qp-max=23 usage-type=camera complexity=low multi-thread=0 slice-mode=auto ! h264parse ! queue ! mux. pulsesrc device=bluez_input.2C_BE_EB_A7_92_22.0 ! audioconvert ! audiorate ! audio/x-raw, channels=2 ! queue max-size-bytes=1000000 max-size-time=10000000000 max-size-buffers=1000 ! opusenc ! queue ! mux. matroskamux name=mux writing-app=vokoscreenNG_4.6.0 ! filesink location="/home/abhinav/Videos/vokoscreenNG-2025-08-15_14-58-37.mkv"

14:58:37 gst-launch-1.0 -e \
    pipewiresrc fd=75 path=150 do-timestamp=true \
        ! videoconvert \
        ! videorate \
        ! queue max-size-bytes=1073741824 max-size-time=10000000000 max-size-buffers=1000 \
        ! video/x-raw, framerate=48/1 \
        ! openh264enc qp-min=23 qp-max=23 usage-type=camera complexity=low multi-thread=0 slice-mode=auto \
        ! h264parse \
        ! queue \
        ! mux. \
    pulsesrc device=bluez_input.2C_BE_EB_A7_92_22.0 \
        ! audioconvert \
        ! audiorate \
        ! audio/x-raw, channels=2 \
        ! queue max-size-bytes=1000000 max-size-time=10000000000 max-size-buffers=1000 \
        ! opusenc \
        ! queue \
        ! mux. \
    matroskamux name=mux writing-app=vokoscreenNG_4.6.0 \
        ! filesink location="/home/abhinav/Videos/vokoscreenNG-2025-08-15_14-58-37.mkv"

14:58:37 [vokoscreenNG] Start was clicked GST_STATE_CHANGE_ASYNC Returncode = 2
14:58:46 [vokoscreenNG] Stop record

14:59:46 [vokoscreenNG] QvkMainWindow_wl::closeEvent Begin close
14:59:46 [vokoscreenNG] Stop levelmeter on: progressBarAudioDevice-00
14:59:46 [vokoscreenNG] Stop levelmeter on: progressBarAudioDevice-01
14:59:46 [vokoscreenNG] Stop levelmeter on: progressBarAudioDevice-02
14:59:46 [vokoscreenNG] Stop levelmeter on: progressBarAudioDevice-03
14:59:46 [vokoscreenNG] Stop levelmeter on: progressBarAudioDevice-04
14:59:46 [vokoscreenNG] Stop levelmeter on: progressBarAudioDevice-05
14:59:46 [vokoscreenNG] Stop levelmeter on: progressBarAudioDevice-06
14:59:46 [vokoscreenNG] Stop levelmeter on: progressBarAudioDevice-07
14:59:46 QSettings::setValue: Empty key passed
14:59:46 [vokoscreenNG] QvkMainWindow_wl::closeEvent End close
