2025-09-30 18:35:28.815 [warning] Via 'product.json#extensionEnabledApiProposals' extension 'ms-vsliveshare.vsliveshare' wants API proposal 'notebookCellExecutionState' but that proposal DOES NOT EXIST. Likely, the proposal has been finalized (check 'vscode.d.ts') or was abandoned.
2025-09-30 18:35:28.831 [warning] Via 'product.json#extensionEnabledApiProposals' extension 'ms-python.gather' wants API proposal 'notebookCellExecutionState' but that proposal DOES NOT EXIST. Likely, the proposal has been finalized (check 'vscode.d.ts') or was abandoned.
2025-09-30 18:35:28.832 [warning] Via 'product.json#extensionEnabledApiProposals' extension 'ms-python.vscode-pylance' wants API proposal 'mcpConfigurationProvider' but that proposal DOES NOT EXIST. Likely, the proposal has been finalized (check 'vscode.d.ts') or was abandoned.
2025-09-30 18:35:29.194 [info] Started local extension host with pid 125676.
2025-09-30 18:35:29.675 [error] [/home/abhinav/.vscode/extensions/ms-python.vscode-python-envs-1.6.0-linux-x64]: Extension is not compatible with Code 1.103.2. Extension requires: ^1.104.0-20250815.
2025-09-30 18:35:29.680 [error] [/home/abhinav/.vscode/extensions/ms-python.vscode-python-envs-1.8.0-linux-x64]: Extension is not compatible with Code 1.103.2. Extension requires: ^1.104.0-20250815.
2025-09-30 18:35:32.085 [info] Settings Sync: Account status changed from uninitialized to available
2025-09-30 18:35:32.483 [info] [perf] Render performance baseline is 33ms
2025-09-30 18:35:34.730 [info] Auto updating outdated extensions. ms-python.vscode-pylance
2025-09-30 18:35:34.859 [error] [Extension Host] (node:125676) ExperimentalWarning: SQLite is an experimental feature and might change at any time
(Use `exe --trace-warnings ...` to show where the warning was created)
2025-09-30 18:35:36.676 [error] [UriError]: Scheme contains illegal characters.: Error: [UriError]: Scheme contains illegal characters.
    at R7 (file:///usr/share/code/resources/app/out/main.js:30:63994)
    at new sd (file:///usr/share/code/resources/app/out/main.js:30:67374)
    at new Ur (file:///usr/share/code/resources/app/out/main.js:30:68812)
    at sd.revive (file:///usr/share/code/resources/app/out/main.js:30:68589)
    at G4.call (file:///usr/share/code/resources/app/out/main.js:85:104940)
    at If.s (file:///usr/share/code/resources/app/out/main.js:31:14859)
    at If.q (file:///usr/share/code/resources/app/out/main.js:31:14382)
    at Yo.value (file:///usr/share/code/resources/app/out/main.js:31:13784)
    at D.C (file:///usr/share/code/resources/app/out/main.js:30:2373)
    at D (file:///usr/share/code/resources/app/out/main.js:30:2443)
    at D.fire (file:///usr/share/code/resources/app/out/main.js:30:2660)
    at Yo.value (file:///usr/share/code/resources/app/out/main.js:28:4852)
    at D.C (file:///usr/share/code/resources/app/out/main.js:30:2373)
    at D.fire (file:///usr/share/code/resources/app/out/main.js:30:2591)
    at Yo.value (file:///usr/share/code/resources/app/out/main.js:28:5040)
    at D.C (file:///usr/share/code/resources/app/out/main.js:30:2373)
    at D.fire (file:///usr/share/code/resources/app/out/main.js:30:2591)
    at z (file:///usr/share/code/resources/app/out/main.js:28:7334)
    at IpcMainImpl.i (file:///usr/share/code/resources/app/out/main.js:33:21024)
    at IpcMainImpl.emit (node:events:518:28)
    at Session.<anonymous> (node:electron/js2c/browser_init:2:106370)
    at Session.emit (node:events:518:28)
2025-09-30 18:35:59.708 [info] Auto updating outdated extensions. ms-python.vscode-python-envs
2025-09-30 18:36:00.852 [error] Cannot read the extension from /home/abhinav/.vscode/extensions/ms-python.vscode-python-envs-1.8.0-linux-x64: ScanningExtension: Cannot read the extension from /home/abhinav/.vscode/extensions/ms-python.vscode-python-envs-1.8.0-linux-x64
    at Mh.scanLocalExtension (file:///usr/share/code/resources/app/out/vs/code/electron-utility/sharedProcess/sharedProcessMain.js:74:75043)
