2025-10-03 19:46:54.619 [info] [main] Log level: Info
2025-10-03 19:46:54.619 [info] [main] Validating found git in: "git"
2025-10-03 19:46:54.619 [info] [main] Using git "2.51.0" from "git"
2025-10-03 19:46:54.619 [info] [Model][doInitialScan] Initial repository scan started
2025-10-03 19:46:54.619 [info] > git rev-parse --show-toplevel [42ms]
2025-10-03 19:46:54.619 [info] fatal: not a git repository (or any parent up to mount point /)
Stopping at filesystem boundary (GIT_DISCOVERY_ACROSS_FILESYSTEM not set).
2025-10-03 19:46:54.619 [info] > git rev-parse --show-toplevel [28ms]
2025-10-03 19:46:54.619 [info] fatal: not a git repository (or any parent up to mount point /)
Stopping at filesystem boundary (GIT_DISCOVERY_ACROSS_FILESYSTEM not set).
2025-10-03 19:46:54.634 [info] > git rev-parse --show-toplevel [2277ms]
2025-10-03 19:46:54.634 [info] fatal: not a git repository (or any parent up to mount point /)
Stopping at filesystem boundary (GIT_DISCOVERY_ACROSS_FILESYSTEM not set).
2025-10-03 19:46:54.858 [info] > git rev-parse --show-toplevel [65ms]
2025-10-03 19:46:54.858 [info] fatal: not a git repository (or any parent up to mount point /)
Stopping at filesystem boundary (GIT_DISCOVERY_ACROSS_FILESYSTEM not set).
2025-10-03 19:46:54.990 [info] > git rev-parse --show-toplevel [126ms]
2025-10-03 19:46:54.990 [info] fatal: not a git repository (or any parent up to mount point /)
Stopping at filesystem boundary (GIT_DISCOVERY_ACROSS_FILESYSTEM not set).
2025-10-03 19:46:55.308 [info] > git rev-parse --show-toplevel [311ms]
2025-10-03 19:46:55.308 [info] fatal: not a git repository (or any parent up to mount point /)
Stopping at filesystem boundary (GIT_DISCOVERY_ACROSS_FILESYSTEM not set).
2025-10-03 19:46:55.310 [info] [Model][doInitialScan] Initial repository scan completed - repositories (0), closed repositories (0), parent repositories (0), unsafe repositories (0)
2025-10-03 19:46:55.323 [info] > git rev-parse --show-toplevel [6ms]
2025-10-03 19:46:55.323 [info] fatal: not a git repository (or any parent up to mount point /)
Stopping at filesystem boundary (GIT_DISCOVERY_ACROSS_FILESYSTEM not set).
2025-10-03 19:47:00.198 [info] > git rev-parse --show-toplevel [2ms]
2025-10-03 19:47:00.198 [info] fatal: not a git repository (or any parent up to mount point /)
Stopping at filesystem boundary (GIT_DISCOVERY_ACROSS_FILESYSTEM not set).
2025-10-03 19:47:02.206 [info] > git rev-parse --show-toplevel [2ms]
2025-10-03 19:47:02.206 [info] fatal: not a git repository (or any parent up to mount point /)
Stopping at filesystem boundary (GIT_DISCOVERY_ACROSS_FILESYSTEM not set).
2025-10-03 19:47:03.212 [info] > git rev-parse --show-toplevel [1ms]
2025-10-03 19:47:03.212 [info] fatal: not a git repository (or any parent up to mount point /)
Stopping at filesystem boundary (GIT_DISCOVERY_ACROSS_FILESYSTEM not set).
2025-10-03 20:56:33.904 [info] > git rev-parse --show-toplevel [13ms]
2025-10-03 20:56:33.904 [info] fatal: not a git repository (or any parent up to mount point /)
Stopping at filesystem boundary (GIT_DISCOVERY_ACROSS_FILESYSTEM not set).
2025-10-03 20:56:40.292 [info] > git rev-parse --show-toplevel [4ms]
2025-10-03 20:56:40.292 [info] fatal: not a git repository (or any parent up to mount point /)
Stopping at filesystem boundary (GIT_DISCOVERY_ACROSS_FILESYSTEM not set).
2025-10-03 21:06:12.793 [info] > git rev-parse --show-toplevel [4ms]
2025-10-03 21:06:12.793 [info] fatal: not a git repository (or any parent up to mount point /)
Stopping at filesystem boundary (GIT_DISCOVERY_ACROSS_FILESYSTEM not set).
2025-10-03 21:06:15.822 [info] > git rev-parse --show-toplevel [4ms]
2025-10-03 21:06:15.822 [info] fatal: not a git repository (or any parent up to mount point /)
Stopping at filesystem boundary (GIT_DISCOVERY_ACROSS_FILESYSTEM not set).
2025-10-03 21:16:14.643 [info] > git rev-parse --show-toplevel [1ms]
2025-10-03 21:16:14.643 [info] fatal: not a git repository (or any parent up to mount point /)
Stopping at filesystem boundary (GIT_DISCOVERY_ACROSS_FILESYSTEM not set).
2025-10-03 21:19:20.333 [info] > git rev-parse --show-toplevel [1ms]
2025-10-03 21:19:20.333 [info] fatal: not a git repository (or any parent up to mount point /)
Stopping at filesystem boundary (GIT_DISCOVERY_ACROSS_FILESYSTEM not set).
2025-10-03 21:19:54.898 [info] > git rev-parse --show-toplevel [3ms]
2025-10-03 21:19:54.898 [info] fatal: not a git repository (or any parent up to mount point /)
Stopping at filesystem boundary (GIT_DISCOVERY_ACROSS_FILESYSTEM not set).
2025-10-03 21:19:55.708 [info] > git rev-parse --show-toplevel [3ms]
2025-10-03 21:19:55.708 [info] fatal: not a git repository (or any parent up to mount point /)
Stopping at filesystem boundary (GIT_DISCOVERY_ACROSS_FILESYSTEM not set).
2025-10-03 21:19:56.657 [info] > git rev-parse --show-toplevel [4ms]
2025-10-03 21:19:56.657 [info] fatal: not a git repository (or any parent up to mount point /)
Stopping at filesystem boundary (GIT_DISCOVERY_ACROSS_FILESYSTEM not set).
2025-10-03 21:21:22.403 [info] > git rev-parse --show-toplevel [9ms]
2025-10-03 21:21:22.403 [info] fatal: not a git repository (or any parent up to mount point /)
Stopping at filesystem boundary (GIT_DISCOVERY_ACROSS_FILESYSTEM not set).
2025-10-03 21:21:30.076 [info] > git rev-parse --show-toplevel [5ms]
2025-10-03 21:21:30.076 [info] fatal: not a git repository (or any parent up to mount point /)
Stopping at filesystem boundary (GIT_DISCOVERY_ACROSS_FILESYSTEM not set).
2025-10-03 21:22:02.892 [info] > git rev-parse --show-toplevel [4ms]
2025-10-03 21:22:02.892 [info] fatal: not a git repository (or any parent up to mount point /)
Stopping at filesystem boundary (GIT_DISCOVERY_ACROSS_FILESYSTEM not set).
2025-10-03 21:22:05.738 [info] > git rev-parse --show-toplevel [6ms]
2025-10-03 21:22:05.738 [info] fatal: not a git repository (or any parent up to mount point /)
Stopping at filesystem boundary (GIT_DISCOVERY_ACROSS_FILESYSTEM not set).
2025-10-03 21:22:09.232 [info] > git rev-parse --show-toplevel [3ms]
2025-10-03 21:22:09.232 [info] fatal: not a git repository (or any parent up to mount point /)
Stopping at filesystem boundary (GIT_DISCOVERY_ACROSS_FILESYSTEM not set).
2025-10-03 21:22:11.191 [info] > git rev-parse --show-toplevel [3ms]
2025-10-03 21:22:11.192 [info] fatal: not a git repository (or any parent up to mount point /)
Stopping at filesystem boundary (GIT_DISCOVERY_ACROSS_FILESYSTEM not set).
2025-10-03 21:22:12.016 [info] > git rev-parse --show-toplevel [3ms]
2025-10-03 21:22:12.016 [info] fatal: not a git repository (or any parent up to mount point /)
Stopping at filesystem boundary (GIT_DISCOVERY_ACROSS_FILESYSTEM not set).
2025-10-03 21:22:33.396 [info] > git rev-parse --show-toplevel [4ms]
2025-10-03 21:22:33.396 [info] fatal: not a git repository (or any parent up to mount point /)
Stopping at filesystem boundary (GIT_DISCOVERY_ACROSS_FILESYSTEM not set).
2025-10-03 21:22:34.799 [info] > git rev-parse --show-toplevel [7ms]
2025-10-03 21:22:34.799 [info] fatal: not a git repository (or any parent up to mount point /)
Stopping at filesystem boundary (GIT_DISCOVERY_ACROSS_FILESYSTEM not set).
2025-10-03 21:22:45.039 [info] > git rev-parse --show-toplevel [3ms]
2025-10-03 21:22:45.039 [info] fatal: not a git repository (or any parent up to mount point /)
Stopping at filesystem boundary (GIT_DISCOVERY_ACROSS_FILESYSTEM not set).
2025-10-03 21:22:47.715 [info] > git rev-parse --show-toplevel [4ms]
2025-10-03 21:22:47.715 [info] fatal: not a git repository (or any parent up to mount point /)
Stopping at filesystem boundary (GIT_DISCOVERY_ACROSS_FILESYSTEM not set).
2025-10-03 21:23:35.156 [info] > git rev-parse --show-toplevel [5ms]
2025-10-03 21:23:35.159 [info] fatal: not a git repository (or any parent up to mount point /)
Stopping at filesystem boundary (GIT_DISCOVERY_ACROSS_FILESYSTEM not set).
