2025-09-24 20:59:16.878 [info] Reading sessions from keychain...
2025-09-24 20:59:16.878 [info] Getting sessions for all scopes...
2025-09-24 20:59:16.878 [info] Got stored sessions!
2025-09-24 20:59:16.878 [info] Got 1 verified sessions.
2025-09-24 20:59:16.878 [info] Got 1 sessions for ...
2025-09-24 20:59:16.878 [info] Getting sessions for all scopes...
2025-09-24 20:59:16.878 [info] Got 1 sessions for ...
2025-09-24 20:59:16.878 [info] Getting sessions for all scopes...
2025-09-24 20:59:16.878 [info] Got 1 sessions for ...
2025-09-24 20:59:16.878 [info] Getting sessions for all scopes...
2025-09-24 20:59:16.878 [info] Got 1 sessions for ...
2025-09-24 20:59:16.878 [info] Getting sessions for user:email...
2025-09-24 20:59:16.878 [info] Got 1 sessions for user:email...
2025-09-24 20:59:16.878 [info] Getting sessions for all scopes...
2025-09-24 20:59:16.878 [info] Got 1 sessions for ...
2025-09-24 20:59:16.878 [info] Getting sessions for all scopes...
2025-09-24 20:59:16.878 [info] Got 1 sessions for ...
2025-09-24 20:59:16.878 [info] Getting sessions for all scopes...
2025-09-24 20:59:16.878 [info] Got 1 sessions for ...
2025-09-24 20:59:16.878 [info] Getting sessions for all scopes...
2025-09-24 20:59:16.878 [info] Got 1 sessions for ...
2025-09-24 20:59:16.878 [info] Getting sessions for all scopes...
2025-09-24 20:59:16.878 [info] Got 1 sessions for ...
2025-09-24 20:59:16.878 [info] Getting sessions for all scopes...
2025-09-24 20:59:16.878 [info] Got 1 sessions for ...
2025-09-24 20:59:16.878 [info] Getting sessions for all scopes...
2025-09-24 20:59:16.878 [info] Got 1 sessions for ...
2025-09-24 20:59:16.878 [info] Getting sessions for all scopes...
2025-09-24 20:59:16.878 [info] Got 1 sessions for ...
2025-09-24 20:59:16.878 [info] Getting sessions for all scopes...
2025-09-24 20:59:16.878 [info] Got 1 sessions for ...
2025-09-24 20:59:16.878 [info] Getting sessions for all scopes...
2025-09-24 20:59:16.878 [info] Got 1 sessions for ...
2025-09-24 20:59:16.878 [info] Getting sessions for all scopes...
2025-09-24 20:59:16.878 [info] Got 1 sessions for ...
2025-09-24 20:59:16.878 [info] Getting sessions for all scopes...
2025-09-24 20:59:16.878 [info] Got 1 sessions for ...
2025-09-24 20:59:19.273 [info] Getting sessions for all scopes...
2025-09-24 20:59:19.273 [info] Got 1 sessions for ...
2025-09-24 20:59:19.273 [info] Getting sessions for all scopes...
2025-09-24 20:59:19.273 [info] Got 1 sessions for ...
2025-09-24 20:59:19.274 [info] Getting sessions for all scopes...
2025-09-24 20:59:19.274 [info] Got 1 sessions for ...
2025-09-24 20:59:19.534 [info] Getting sessions for all scopes...
2025-09-24 20:59:19.534 [info] Got 1 sessions for ...
2025-09-24 20:59:19.534 [info] Getting sessions for all scopes...
2025-09-24 20:59:19.534 [info] Got 1 sessions for ...
2025-09-24 20:59:19.963 [info] Getting sessions for read:user,repo,user:email,workflow...
2025-09-24 20:59:19.963 [info] Got 0 sessions for read:user,repo,user:email,workflow...
2025-09-24 20:59:19.963 [info] Getting sessions for all scopes...
2025-09-24 20:59:19.963 [info] Got 1 sessions for ...
2025-09-24 20:59:19.985 [info] Getting sessions for all scopes...
2025-09-24 20:59:19.985 [info] Got 1 sessions for ...
2025-09-24 20:59:19.985 [info] Getting sessions for read:user,repo,user:email,workflow...
2025-09-24 20:59:19.985 [info] Got 0 sessions for read:user,repo,user:email,workflow...
2025-09-24 20:59:19.987 [info] Getting sessions for user:email...
2025-09-24 20:59:19.987 [info] Got 1 sessions for user:email...
2025-09-24 20:59:19.987 [info] Getting sessions for read:user,repo,user:email,workflow...
2025-09-24 20:59:19.988 [info] Got 0 sessions for read:user,repo,user:email,workflow...
2025-09-24 20:59:19.989 [info] Getting sessions for read:user...
2025-09-24 20:59:19.990 [info] Got 0 sessions for read:user...
2025-09-24 20:59:19.990 [info] Getting sessions for all scopes...
2025-09-24 20:59:19.990 [info] Got 1 sessions for ...
2025-09-24 20:59:19.991 [info] Getting sessions for user:email...
2025-09-24 20:59:19.991 [info] Got 1 sessions for user:email...
2025-09-24 20:59:19.994 [info] Getting sessions for read:user,repo,user:email,workflow...
2025-09-24 20:59:19.994 [info] Got 0 sessions for read:user,repo,user:email,workflow...
2025-09-24 20:59:19.997 [info] Getting sessions for user:email...
2025-09-24 20:59:19.997 [info] Got 1 sessions for user:email...
2025-09-24 20:59:20.114 [info] Getting sessions for all scopes...
2025-09-24 20:59:20.114 [info] Got 1 sessions for ...
2025-09-24 20:59:20.118 [info] Getting sessions for read:user,repo,user:email,workflow...
2025-09-24 20:59:20.118 [info] Got 0 sessions for read:user,repo,user:email,workflow...
2025-09-24 20:59:20.119 [info] Getting sessions for user:email...
2025-09-24 20:59:20.119 [info] Got 1 sessions for user:email...
2025-09-24 20:59:20.218 [info] Getting sessions for all scopes...
2025-09-24 20:59:20.218 [info] Got 1 sessions for ...
2025-09-24 20:59:22.055 [info] Getting sessions for all scopes...
2025-09-24 20:59:22.055 [info] Got 1 sessions for ...
2025-09-24 20:59:22.055 [info] Getting sessions for all scopes...
2025-09-24 20:59:22.055 [info] Got 1 sessions for ...
2025-09-24 20:59:22.075 [info] Getting sessions for read:user,repo,user:email,workflow...
2025-09-24 20:59:22.075 [info] Got 0 sessions for read:user,repo,user:email,workflow...
2025-09-24 20:59:22.076 [info] Getting sessions for user:email...
2025-09-24 20:59:22.076 [info] Got 1 sessions for user:email...
2025-09-24 20:59:22.076 [info] Getting sessions for read:user,repo,user:email,workflow...
2025-09-24 20:59:22.076 [info] Got 0 sessions for read:user,repo,user:email,workflow...
2025-09-24 20:59:22.078 [info] Getting sessions for all scopes...
2025-09-24 20:59:22.078 [info] Got 1 sessions for ...
2025-09-24 20:59:22.078 [info] Getting sessions for read:user,repo,user:email,workflow...
2025-09-24 20:59:22.078 [info] Got 0 sessions for read:user,repo,user:email,workflow...
2025-09-24 20:59:22.079 [info] Getting sessions for user:email...
2025-09-24 20:59:22.079 [info] Got 1 sessions for user:email...
2025-09-24 20:59:30.065 [info] Getting sessions for all scopes...
2025-09-24 20:59:30.065 [info] Got 1 sessions for ...
2025-09-24 20:59:30.071 [info] Getting sessions for read:user,repo,user:email,workflow...
2025-09-24 20:59:30.071 [info] Got 0 sessions for read:user,repo,user:email,workflow...
2025-09-24 20:59:30.071 [info] Getting sessions for user:email...
2025-09-24 20:59:30.071 [info] Got 1 sessions for user:email...
2025-09-24 20:59:31.047 [info] Getting sessions for all scopes...
2025-09-24 20:59:31.047 [info] Got 1 sessions for ...
2025-09-24 20:59:31.048 [info] Getting sessions for read:user,repo,user:email,workflow...
2025-09-24 20:59:31.048 [info] Got 0 sessions for read:user,repo,user:email,workflow...
2025-09-24 20:59:31.048 [info] Getting sessions for user:email...
2025-09-24 20:59:31.048 [info] Got 1 sessions for user:email...
2025-09-24 20:59:31.049 [info] Getting sessions for all scopes...
2025-09-24 20:59:31.049 [info] Got 1 sessions for ...
2025-09-24 20:59:31.050 [info] Getting sessions for read:user,repo,user:email,workflow...
2025-09-24 20:59:31.050 [info] Got 0 sessions for read:user,repo,user:email,workflow...
2025-09-24 20:59:31.050 [info] Getting sessions for user:email...
2025-09-24 20:59:31.050 [info] Got 1 sessions for user:email...
2025-09-24 20:59:31.051 [info] Getting sessions for all scopes...
2025-09-24 20:59:31.051 [info] Got 1 sessions for ...
2025-09-24 20:59:31.052 [info] Getting sessions for read:user,repo,user:email,workflow...
2025-09-24 20:59:31.052 [info] Got 0 sessions for read:user,repo,user:email,workflow...
2025-09-24 20:59:31.052 [info] Getting sessions for user:email...
2025-09-24 20:59:31.052 [info] Got 1 sessions for user:email...
2025-09-24 20:59:31.055 [info] Getting sessions for all scopes...
2025-09-24 20:59:31.055 [info] Got 1 sessions for ...
2025-09-24 20:59:31.056 [info] Getting sessions for read:user,repo,user:email,workflow...
2025-09-24 20:59:31.056 [info] Got 0 sessions for read:user,repo,user:email,workflow...
2025-09-24 20:59:31.057 [info] Getting sessions for user:email...
2025-09-24 20:59:31.057 [info] Got 1 sessions for user:email...
2025-09-24 20:59:33.059 [info] Getting sessions for all scopes...
2025-09-24 20:59:33.059 [info] Got 1 sessions for ...
2025-09-24 21:39:30.447 [info] Getting sessions for read:user,repo,user:email,workflow...
2025-09-24 21:39:30.447 [info] Got 0 sessions for read:user,repo,user:email,workflow...
2025-09-24 21:39:30.448 [info] Getting sessions for read:user...
2025-09-24 21:39:30.448 [info] Got 0 sessions for read:user...
2025-09-24 21:39:30.448 [info] Getting sessions for user:email...
2025-09-24 21:39:30.448 [info] Got 1 sessions for user:email...
