2025-10-03 19:46:50.162 [error] [/home/abhinav/.vscode/extensions/ms-python.vscode-python-envs-1.6.0-linux-x64]: Extension is not compatible with Code 1.103.2. Extension requires: ^1.104.0-20250815.
2025-10-03 19:46:50.162 [error] [/home/abhinav/.vscode/extensions/ms-python.vscode-python-envs-1.8.0-linux-x64]: Extension is not compatible with Code 1.103.2. Extension requires: ^1.104.0-20250815.
2025-10-03 19:46:50.185 [error] [/home/abhinav/.vscode/extensions/ms-python.vscode-python-envs-1.6.0-linux-x64]: Extension is not compatible with Code 1.103.2. Extension requires: ^1.104.0-20250815.
2025-10-03 19:46:50.186 [error] [/home/abhinav/.vscode/extensions/ms-python.vscode-python-envs-1.8.0-linux-x64]: Extension is not compatible with Code 1.103.2. Extension requires: ^1.104.0-20250815.
2025-10-03 19:46:50.226 [error] [/home/abhinav/.vscode/extensions/ms-python.vscode-python-envs-1.6.0-linux-x64]: Extension is not compatible with Code 1.103.2. Extension requires: ^1.104.0-20250815.
2025-10-03 19:46:50.227 [error] [/home/abhinav/.vscode/extensions/ms-python.vscode-python-envs-1.8.0-linux-x64]: Extension is not compatible with Code 1.103.2. Extension requires: ^1.104.0-20250815.
2025-10-03 19:46:50.235 [error] [/home/abhinav/.vscode/extensions/ms-python.vscode-python-envs-1.6.0-linux-x64]: Extension is not compatible with Code 1.103.2. Extension requires: ^1.104.0-20250815.
2025-10-03 19:46:50.236 [error] [/home/abhinav/.vscode/extensions/ms-python.vscode-python-envs-1.8.0-linux-x64]: Extension is not compatible with Code 1.103.2. Extension requires: ^1.104.0-20250815.
2025-10-03 19:46:50.249 [error] [/home/abhinav/.vscode/extensions/ms-python.vscode-python-envs-1.6.0-linux-x64]: Extension is not compatible with Code 1.103.2. Extension requires: ^1.104.0-20250815.
2025-10-03 19:46:50.250 [error] [/home/abhinav/.vscode/extensions/ms-python.vscode-python-envs-1.8.0-linux-x64]: Extension is not compatible with Code 1.103.2. Extension requires: ^1.104.0-20250815.
2025-10-03 19:46:50.578 [error] [/home/abhinav/.vscode/extensions/ms-python.vscode-python-envs-1.6.0-linux-x64]: Extension is not compatible with Code 1.103.2. Extension requires: ^1.104.0-20250815.
2025-10-03 19:46:50.579 [error] [/home/abhinav/.vscode/extensions/ms-python.vscode-python-envs-1.8.0-linux-x64]: Extension is not compatible with Code 1.103.2. Extension requires: ^1.104.0-20250815.
2025-10-03 19:46:50.631 [info] Deleted marked for removal extension from disk ms-python.vscode-pylance /home/abhinav/.vscode/extensions/ms-python.vscode-pylance-2025.8.2
2025-10-03 19:46:50.650 [error] [/home/abhinav/.vscode/extensions/ms-python.vscode-python-envs-1.6.0-linux-x64]: Extension is not compatible with Code 1.103.2. Extension requires: ^1.104.0-20250815.
2025-10-03 19:46:50.653 [error] [/home/abhinav/.vscode/extensions/ms-python.vscode-python-envs-1.8.0-linux-x64]: Extension is not compatible with Code 1.103.2. Extension requires: ^1.104.0-20250815.
2025-10-03 19:46:50.684 [error] [/home/abhinav/.vscode/extensions/ms-python.vscode-python-envs-1.6.0-linux-x64]: Extension is not compatible with Code 1.103.2. Extension requires: ^1.104.0-20250815.
2025-10-03 19:46:50.684 [error] [/home/abhinav/.vscode/extensions/ms-python.vscode-python-envs-1.8.0-linux-x64]: Extension is not compatible with Code 1.103.2. Extension requires: ^1.104.0-20250815.
2025-10-03 19:46:50.746 [error] [/home/abhinav/.vscode/extensions/ms-python.vscode-python-envs-1.6.0-linux-x64]: Extension is not compatible with Code 1.103.2. Extension requires: ^1.104.0-20250815.
2025-10-03 19:46:50.747 [error] [/home/abhinav/.vscode/extensions/ms-python.vscode-python-envs-1.8.0-linux-x64]: Extension is not compatible with Code 1.103.2. Extension requires: ^1.104.0-20250815.
2025-10-03 19:46:50.889 [error] [/home/abhinav/.vscode/extensions/ms-python.vscode-python-envs-1.6.0-linux-x64]: Extension is not compatible with Code 1.103.2. Extension requires: ^1.104.0-20250815.
2025-10-03 19:46:50.890 [error] [/home/abhinav/.vscode/extensions/ms-python.vscode-python-envs-1.8.0-linux-x64]: Extension is not compatible with Code 1.103.2. Extension requires: ^1.104.0-20250815.
2025-10-03 19:46:51.067 [error] [/home/abhinav/.vscode/extensions/ms-python.vscode-python-envs-1.6.0-linux-x64]: Extension is not compatible with Code 1.103.2. Extension requires: ^1.104.0-20250815.
2025-10-03 19:46:51.067 [error] [/home/abhinav/.vscode/extensions/ms-python.vscode-python-envs-1.8.0-linux-x64]: Extension is not compatible with Code 1.103.2. Extension requires: ^1.104.0-20250815.
2025-10-03 19:46:51.187 [error] [/home/abhinav/.vscode/extensions/ms-python.vscode-python-envs-1.6.0-linux-x64]: Extension is not compatible with Code 1.103.2. Extension requires: ^1.104.0-20250815.
2025-10-03 19:46:51.190 [error] [/home/abhinav/.vscode/extensions/ms-python.vscode-python-envs-1.8.0-linux-x64]: Extension is not compatible with Code 1.103.2. Extension requires: ^1.104.0-20250815.
2025-10-03 19:46:51.279 [error] [/home/abhinav/.vscode/extensions/ms-python.vscode-python-envs-1.8.0-linux-x64]: Extension is not compatible with Code 1.103.2. Extension requires: ^1.104.0-20250815.
2025-10-03 19:46:51.279 [error] [/home/abhinav/.vscode/extensions/ms-python.vscode-python-envs-1.6.0-linux-x64]: Extension is not compatible with Code 1.103.2. Extension requires: ^1.104.0-20250815.
2025-10-03 19:46:53.055 [error] [/home/abhinav/.vscode/extensions/ms-python.vscode-python-envs-1.6.0-linux-x64]: Extension is not compatible with Code 1.103.2. Extension requires: ^1.104.0-20250815.
2025-10-03 19:46:53.056 [error] [/home/abhinav/.vscode/extensions/ms-python.vscode-python-envs-1.8.0-linux-x64]: Extension is not compatible with Code 1.103.2. Extension requires: ^1.104.0-20250815.
2025-10-03 19:46:54.212 [error] [/home/abhinav/.vscode/extensions/ms-python.vscode-python-envs-1.6.0-linux-x64]: Extension is not compatible with Code 1.103.2. Extension requires: ^1.104.0-20250815.
2025-10-03 19:46:54.212 [error] [/home/abhinav/.vscode/extensions/ms-python.vscode-python-envs-1.8.0-linux-x64]: Extension is not compatible with Code 1.103.2. Extension requires: ^1.104.0-20250815.
2025-10-03 19:46:58.214 [error] [/home/abhinav/.vscode/extensions/ms-python.vscode-python-envs-1.6.0-linux-x64]: Extension is not compatible with Code 1.103.2. Extension requires: ^1.104.0-20250815.
2025-10-03 19:46:58.217 [error] [/home/abhinav/.vscode/extensions/ms-python.vscode-python-envs-1.8.0-linux-x64]: Extension is not compatible with Code 1.103.2. Extension requires: ^1.104.0-20250815.
2025-10-03 19:46:58.246 [error] [/home/abhinav/.vscode/extensions/ms-python.vscode-python-envs-1.6.0-linux-x64]: Extension is not compatible with Code 1.103.2. Extension requires: ^1.104.0-20250815.
2025-10-03 19:46:58.246 [error] [/home/abhinav/.vscode/extensions/ms-python.vscode-python-envs-1.8.0-linux-x64]: Extension is not compatible with Code 1.103.2. Extension requires: ^1.104.0-20250815.
2025-10-03 19:46:58.334 [error] [/home/abhinav/.vscode/extensions/ms-python.vscode-python-envs-1.6.0-linux-x64]: Extension is not compatible with Code 1.103.2. Extension requires: ^1.104.0-20250815.
2025-10-03 19:46:58.335 [error] [/home/abhinav/.vscode/extensions/ms-python.vscode-python-envs-1.8.0-linux-x64]: Extension is not compatible with Code 1.103.2. Extension requires: ^1.104.0-20250815.
2025-10-03 19:47:02.221 [error] [/home/abhinav/.vscode/extensions/ms-python.vscode-python-envs-1.6.0-linux-x64]: Extension is not compatible with Code 1.103.2. Extension requires: ^1.104.0-20250815.
2025-10-03 19:47:02.223 [error] [/home/abhinav/.vscode/extensions/ms-python.vscode-python-envs-1.8.0-linux-x64]: Extension is not compatible with Code 1.103.2. Extension requires: ^1.104.0-20250815.
2025-10-03 19:47:04.621 [error] [/home/abhinav/.vscode/extensions/ms-python.vscode-python-envs-1.6.0-linux-x64]: Extension is not compatible with Code 1.103.2. Extension requires: ^1.104.0-20250815.
2025-10-03 19:47:04.622 [error] [/home/abhinav/.vscode/extensions/ms-python.vscode-python-envs-1.8.0-linux-x64]: Extension is not compatible with Code 1.103.2. Extension requires: ^1.104.0-20250815.
2025-10-03 19:47:21.382 [info] Getting Manifest... ms-python.vscode-python-envs
2025-10-03 19:47:21.477 [info] Installing extension: ms-python.vscode-python-envs {"productVersion":{"version":"1.104.3","date":"2025-10-02T12:29:27.803Z"},"pinned":false,"operation":3,"isApplicationScoped":false,"profileLocation":{"$mid":1,"external":"vscode-userdata:/home/abhinav/.vscode/extensions/extensions.json","path":"/home/abhinav/.vscode/extensions/extensions.json","scheme":"vscode-userdata"}}
2025-10-03 19:47:21.530 [error] [/home/abhinav/.vscode/extensions/ms-python.vscode-python-envs-1.6.0-linux-x64]: Extension is not compatible with Code 1.103.2. Extension requires: ^1.104.0-20250815.
2025-10-03 19:47:21.530 [error] [/home/abhinav/.vscode/extensions/ms-python.vscode-python-envs-1.8.0-linux-x64]: Extension is not compatible with Code 1.103.2. Extension requires: ^1.104.0-20250815.
2025-10-03 19:47:21.533 [error] Error while installing the extension ms-python.vscode-python-envs Cannot read the extension from /home/abhinav/.vscode/extensions/ms-python.vscode-python-envs-1.8.0-linux-x64 vscode-userdata:/home/abhinav/.vscode/extensions/extensions.json
2025-10-03 19:52:05.494 [error] [/home/abhinav/.vscode/extensions/ms-python.vscode-python-envs-1.6.0-linux-x64]: Extension is not compatible with Code 1.103.2. Extension requires: ^1.104.0-20250815.
2025-10-03 19:52:05.496 [error] [/home/abhinav/.vscode/extensions/ms-python.vscode-python-envs-1.8.0-linux-x64]: Extension is not compatible with Code 1.103.2. Extension requires: ^1.104.0-20250815.
2025-10-03 19:57:06.361 [error] [/home/abhinav/.vscode/extensions/ms-python.vscode-python-envs-1.6.0-linux-x64]: Extension is not compatible with Code 1.103.2. Extension requires: ^1.104.0-20250815.
2025-10-03 19:57:06.362 [error] [/home/abhinav/.vscode/extensions/ms-python.vscode-python-envs-1.8.0-linux-x64]: Extension is not compatible with Code 1.103.2. Extension requires: ^1.104.0-20250815.
2025-10-03 19:59:08.914 [error] [/home/abhinav/.vscode/extensions/ms-python.vscode-python-envs-1.6.0-linux-x64]: Extension is not compatible with Code 1.103.2. Extension requires: ^1.104.0-20250815.
2025-10-03 19:59:08.915 [error] [/home/abhinav/.vscode/extensions/ms-python.vscode-python-envs-1.8.0-linux-x64]: Extension is not compatible with Code 1.103.2. Extension requires: ^1.104.0-20250815.
2025-10-03 20:04:09.975 [error] [/home/abhinav/.vscode/extensions/ms-python.vscode-python-envs-1.6.0-linux-x64]: Extension is not compatible with Code 1.103.2. Extension requires: ^1.104.0-20250815.
2025-10-03 20:04:09.975 [error] [/home/abhinav/.vscode/extensions/ms-python.vscode-python-envs-1.8.0-linux-x64]: Extension is not compatible with Code 1.103.2. Extension requires: ^1.104.0-20250815.
2025-10-03 20:09:11.660 [error] [/home/abhinav/.vscode/extensions/ms-python.vscode-python-envs-1.6.0-linux-x64]: Extension is not compatible with Code 1.103.2. Extension requires: ^1.104.0-20250815.
2025-10-03 20:09:11.663 [error] [/home/abhinav/.vscode/extensions/ms-python.vscode-python-envs-1.8.0-linux-x64]: Extension is not compatible with Code 1.103.2. Extension requires: ^1.104.0-20250815.
2025-10-03 20:14:13.139 [error] [/home/abhinav/.vscode/extensions/ms-python.vscode-python-envs-1.6.0-linux-x64]: Extension is not compatible with Code 1.103.2. Extension requires: ^1.104.0-20250815.
2025-10-03 20:14:13.141 [error] [/home/abhinav/.vscode/extensions/ms-python.vscode-python-envs-1.8.0-linux-x64]: Extension is not compatible with Code 1.103.2. Extension requires: ^1.104.0-20250815.
2025-10-03 20:19:15.035 [error] [/home/abhinav/.vscode/extensions/ms-python.vscode-python-envs-1.6.0-linux-x64]: Extension is not compatible with Code 1.103.2. Extension requires: ^1.104.0-20250815.
2025-10-03 20:19:15.038 [error] [/home/abhinav/.vscode/extensions/ms-python.vscode-python-envs-1.8.0-linux-x64]: Extension is not compatible with Code 1.103.2. Extension requires: ^1.104.0-20250815.
2025-10-03 20:24:15.785 [error] [/home/abhinav/.vscode/extensions/ms-python.vscode-python-envs-1.6.0-linux-x64]: Extension is not compatible with Code 1.103.2. Extension requires: ^1.104.0-20250815.
2025-10-03 20:24:15.789 [error] [/home/abhinav/.vscode/extensions/ms-python.vscode-python-envs-1.8.0-linux-x64]: Extension is not compatible with Code 1.103.2. Extension requires: ^1.104.0-20250815.
2025-10-03 20:29:17.244 [error] [/home/abhinav/.vscode/extensions/ms-python.vscode-python-envs-1.6.0-linux-x64]: Extension is not compatible with Code 1.103.2. Extension requires: ^1.104.0-20250815.
2025-10-03 20:29:17.250 [error] [/home/abhinav/.vscode/extensions/ms-python.vscode-python-envs-1.8.0-linux-x64]: Extension is not compatible with Code 1.103.2. Extension requires: ^1.104.0-20250815.
2025-10-03 20:34:18.085 [error] [/home/abhinav/.vscode/extensions/ms-python.vscode-python-envs-1.6.0-linux-x64]: Extension is not compatible with Code 1.103.2. Extension requires: ^1.104.0-20250815.
2025-10-03 20:34:18.089 [error] [/home/abhinav/.vscode/extensions/ms-python.vscode-python-envs-1.8.0-linux-x64]: Extension is not compatible with Code 1.103.2. Extension requires: ^1.104.0-20250815.
2025-10-03 20:39:19.651 [error] [/home/abhinav/.vscode/extensions/ms-python.vscode-python-envs-1.6.0-linux-x64]: Extension is not compatible with Code 1.103.2. Extension requires: ^1.104.0-20250815.
2025-10-03 20:39:19.656 [error] [/home/abhinav/.vscode/extensions/ms-python.vscode-python-envs-1.8.0-linux-x64]: Extension is not compatible with Code 1.103.2. Extension requires: ^1.104.0-20250815.
2025-10-03 20:43:55.033 [error] [/home/abhinav/.vscode/extensions/ms-python.vscode-python-envs-1.6.0-linux-x64]: Extension is not compatible with Code 1.103.2. Extension requires: ^1.104.0-20250815.
2025-10-03 20:43:55.036 [error] [/home/abhinav/.vscode/extensions/ms-python.vscode-python-envs-1.8.0-linux-x64]: Extension is not compatible with Code 1.103.2. Extension requires: ^1.104.0-20250815.
2025-10-03 20:44:17.017 [error] [/home/abhinav/.vscode/extensions/ms-python.vscode-python-envs-1.6.0-linux-x64]: Extension is not compatible with Code 1.103.2. Extension requires: ^1.104.0-20250815.
2025-10-03 20:44:17.020 [error] [/home/abhinav/.vscode/extensions/ms-python.vscode-python-envs-1.8.0-linux-x64]: Extension is not compatible with Code 1.103.2. Extension requires: ^1.104.0-20250815.
2025-10-03 20:45:23.319 [error] [/home/abhinav/.vscode/extensions/ms-python.vscode-python-envs-1.6.0-linux-x64]: Extension is not compatible with Code 1.103.2. Extension requires: ^1.104.0-20250815.
2025-10-03 20:45:23.321 [error] [/home/abhinav/.vscode/extensions/ms-python.vscode-python-envs-1.8.0-linux-x64]: Extension is not compatible with Code 1.103.2. Extension requires: ^1.104.0-20250815.
2025-10-03 20:50:24.636 [error] [/home/abhinav/.vscode/extensions/ms-python.vscode-python-envs-1.6.0-linux-x64]: Extension is not compatible with Code 1.103.2. Extension requires: ^1.104.0-20250815.
2025-10-03 20:50:24.637 [error] [/home/abhinav/.vscode/extensions/ms-python.vscode-python-envs-1.8.0-linux-x64]: Extension is not compatible with Code 1.103.2. Extension requires: ^1.104.0-20250815.
2025-10-03 20:55:25.601 [error] [/home/abhinav/.vscode/extensions/ms-python.vscode-python-envs-1.6.0-linux-x64]: Extension is not compatible with Code 1.103.2. Extension requires: ^1.104.0-20250815.
2025-10-03 20:55:25.601 [error] [/home/abhinav/.vscode/extensions/ms-python.vscode-python-envs-1.8.0-linux-x64]: Extension is not compatible with Code 1.103.2. Extension requires: ^1.104.0-20250815.
2025-10-03 20:56:33.495 [error] [/home/abhinav/.vscode/extensions/ms-python.vscode-python-envs-1.8.0-linux-x64]: Extension is not compatible with Code 1.103.2. Extension requires: ^1.104.0-20250815.
2025-10-03 20:56:33.499 [error] [/home/abhinav/.vscode/extensions/ms-python.vscode-python-envs-1.6.0-linux-x64]: Extension is not compatible with Code 1.103.2. Extension requires: ^1.104.0-20250815.
2025-10-03 20:57:13.763 [error] [/home/abhinav/.vscode/extensions/ms-python.vscode-python-envs-1.6.0-linux-x64]: Extension is not compatible with Code 1.103.2. Extension requires: ^1.104.0-20250815.
2025-10-03 20:57:13.763 [error] [/home/abhinav/.vscode/extensions/ms-python.vscode-python-envs-1.8.0-linux-x64]: Extension is not compatible with Code 1.103.2. Extension requires: ^1.104.0-20250815.
2025-10-03 21:00:27.672 [error] [/home/abhinav/.vscode/extensions/ms-python.vscode-python-envs-1.6.0-linux-x64]: Extension is not compatible with Code 1.103.2. Extension requires: ^1.104.0-20250815.
2025-10-03 21:00:27.673 [error] [/home/abhinav/.vscode/extensions/ms-python.vscode-python-envs-1.8.0-linux-x64]: Extension is not compatible with Code 1.103.2. Extension requires: ^1.104.0-20250815.
2025-10-03 21:02:51.071 [error] [/home/abhinav/.vscode/extensions/ms-python.vscode-python-envs-1.6.0-linux-x64]: Extension is not compatible with Code 1.103.2. Extension requires: ^1.104.0-20250815.
2025-10-03 21:02:51.078 [error] [/home/abhinav/.vscode/extensions/ms-python.vscode-python-envs-1.8.0-linux-x64]: Extension is not compatible with Code 1.103.2. Extension requires: ^1.104.0-20250815.
2025-10-03 21:03:23.460 [error] [/home/abhinav/.vscode/extensions/ms-python.vscode-python-envs-1.6.0-linux-x64]: Extension is not compatible with Code 1.103.2. Extension requires: ^1.104.0-20250815.
2025-10-03 21:03:23.463 [error] [/home/abhinav/.vscode/extensions/ms-python.vscode-python-envs-1.8.0-linux-x64]: Extension is not compatible with Code 1.103.2. Extension requires: ^1.104.0-20250815.
2025-10-03 21:04:18.482 [error] [/home/abhinav/.vscode/extensions/ms-python.vscode-python-envs-1.6.0-linux-x64]: Extension is not compatible with Code 1.103.2. Extension requires: ^1.104.0-20250815.
2025-10-03 21:04:18.484 [error] [/home/abhinav/.vscode/extensions/ms-python.vscode-python-envs-1.8.0-linux-x64]: Extension is not compatible with Code 1.103.2. Extension requires: ^1.104.0-20250815.
2025-10-03 21:04:32.806 [error] [/home/abhinav/.vscode/extensions/ms-python.vscode-python-envs-1.6.0-linux-x64]: Extension is not compatible with Code 1.103.2. Extension requires: ^1.104.0-20250815.
2025-10-03 21:04:32.808 [error] [/home/abhinav/.vscode/extensions/ms-python.vscode-python-envs-1.8.0-linux-x64]: Extension is not compatible with Code 1.103.2. Extension requires: ^1.104.0-20250815.
2025-10-03 21:04:45.309 [error] [/home/abhinav/.vscode/extensions/ms-python.vscode-python-envs-1.6.0-linux-x64]: Extension is not compatible with Code 1.103.2. Extension requires: ^1.104.0-20250815.
2025-10-03 21:04:45.311 [error] [/home/abhinav/.vscode/extensions/ms-python.vscode-python-envs-1.8.0-linux-x64]: Extension is not compatible with Code 1.103.2. Extension requires: ^1.104.0-20250815.
2025-10-03 21:05:17.401 [error] [/home/abhinav/.vscode/extensions/ms-python.vscode-python-envs-1.6.0-linux-x64]: Extension is not compatible with Code 1.103.2. Extension requires: ^1.104.0-20250815.
2025-10-03 21:05:17.403 [error] [/home/abhinav/.vscode/extensions/ms-python.vscode-python-envs-1.8.0-linux-x64]: Extension is not compatible with Code 1.103.2. Extension requires: ^1.104.0-20250815.
2025-10-03 21:06:57.006 [error] [/home/abhinav/.vscode/extensions/ms-python.vscode-python-envs-1.6.0-linux-x64]: Extension is not compatible with Code 1.103.2. Extension requires: ^1.104.0-20250815.
2025-10-03 21:06:57.008 [error] [/home/abhinav/.vscode/extensions/ms-python.vscode-python-envs-1.8.0-linux-x64]: Extension is not compatible with Code 1.103.2. Extension requires: ^1.104.0-20250815.
2025-10-03 21:07:45.946 [error] [/home/abhinav/.vscode/extensions/ms-python.vscode-python-envs-1.6.0-linux-x64]: Extension is not compatible with Code 1.103.2. Extension requires: ^1.104.0-20250815.
2025-10-03 21:07:45.949 [error] [/home/abhinav/.vscode/extensions/ms-python.vscode-python-envs-1.8.0-linux-x64]: Extension is not compatible with Code 1.103.2. Extension requires: ^1.104.0-20250815.
2025-10-03 21:08:02.150 [error] [/home/abhinav/.vscode/extensions/ms-python.vscode-python-envs-1.6.0-linux-x64]: Extension is not compatible with Code 1.103.2. Extension requires: ^1.104.0-20250815.
2025-10-03 21:08:02.151 [error] [/home/abhinav/.vscode/extensions/ms-python.vscode-python-envs-1.8.0-linux-x64]: Extension is not compatible with Code 1.103.2. Extension requires: ^1.104.0-20250815.
2025-10-03 21:11:43.289 [error] [/home/abhinav/.vscode/extensions/ms-python.vscode-python-envs-1.6.0-linux-x64]: Extension is not compatible with Code 1.103.2. Extension requires: ^1.104.0-20250815.
2025-10-03 21:11:43.293 [error] [/home/abhinav/.vscode/extensions/ms-python.vscode-python-envs-1.8.0-linux-x64]: Extension is not compatible with Code 1.103.2. Extension requires: ^1.104.0-20250815.
2025-10-03 21:14:13.855 [error] [/home/abhinav/.vscode/extensions/ms-python.vscode-python-envs-1.6.0-linux-x64]: Extension is not compatible with Code 1.103.2. Extension requires: ^1.104.0-20250815.
2025-10-03 21:14:13.858 [error] [/home/abhinav/.vscode/extensions/ms-python.vscode-python-envs-1.8.0-linux-x64]: Extension is not compatible with Code 1.103.2. Extension requires: ^1.104.0-20250815.
2025-10-03 21:14:36.567 [error] [/home/abhinav/.vscode/extensions/ms-python.vscode-python-envs-1.6.0-linux-x64]: Extension is not compatible with Code 1.103.2. Extension requires: ^1.104.0-20250815.
2025-10-03 21:14:36.570 [error] [/home/abhinav/.vscode/extensions/ms-python.vscode-python-envs-1.8.0-linux-x64]: Extension is not compatible with Code 1.103.2. Extension requires: ^1.104.0-20250815.
2025-10-03 21:14:47.084 [error] [/home/abhinav/.vscode/extensions/ms-python.vscode-python-envs-1.6.0-linux-x64]: Extension is not compatible with Code 1.103.2. Extension requires: ^1.104.0-20250815.
2025-10-03 21:14:47.088 [error] [/home/abhinav/.vscode/extensions/ms-python.vscode-python-envs-1.8.0-linux-x64]: Extension is not compatible with Code 1.103.2. Extension requires: ^1.104.0-20250815.
2025-10-03 21:16:09.530 [error] [/home/abhinav/.vscode/extensions/ms-python.vscode-python-envs-1.6.0-linux-x64]: Extension is not compatible with Code 1.103.2. Extension requires: ^1.104.0-20250815.
2025-10-03 21:16:09.531 [error] [/home/abhinav/.vscode/extensions/ms-python.vscode-python-envs-1.8.0-linux-x64]: Extension is not compatible with Code 1.103.2. Extension requires: ^1.104.0-20250815.
2025-10-03 21:16:26.780 [error] [/home/abhinav/.vscode/extensions/ms-python.vscode-python-envs-1.6.0-linux-x64]: Extension is not compatible with Code 1.103.2. Extension requires: ^1.104.0-20250815.
2025-10-03 21:16:26.783 [error] [/home/abhinav/.vscode/extensions/ms-python.vscode-python-envs-1.8.0-linux-x64]: Extension is not compatible with Code 1.103.2. Extension requires: ^1.104.0-20250815.
2025-10-03 21:17:25.527 [error] [/home/abhinav/.vscode/extensions/ms-python.vscode-python-envs-1.6.0-linux-x64]: Extension is not compatible with Code 1.103.2. Extension requires: ^1.104.0-20250815.
2025-10-03 21:17:25.529 [error] [/home/abhinav/.vscode/extensions/ms-python.vscode-python-envs-1.8.0-linux-x64]: Extension is not compatible with Code 1.103.2. Extension requires: ^1.104.0-20250815.
2025-10-03 21:17:53.409 [error] [/home/abhinav/.vscode/extensions/ms-python.vscode-python-envs-1.6.0-linux-x64]: Extension is not compatible with Code 1.103.2. Extension requires: ^1.104.0-20250815.
2025-10-03 21:17:53.410 [error] [/home/abhinav/.vscode/extensions/ms-python.vscode-python-envs-1.8.0-linux-x64]: Extension is not compatible with Code 1.103.2. Extension requires: ^1.104.0-20250815.
2025-10-03 21:18:40.931 [error] [/home/abhinav/.vscode/extensions/ms-python.vscode-python-envs-1.6.0-linux-x64]: Extension is not compatible with Code 1.103.2. Extension requires: ^1.104.0-20250815.
2025-10-03 21:18:40.931 [error] [/home/abhinav/.vscode/extensions/ms-python.vscode-python-envs-1.8.0-linux-x64]: Extension is not compatible with Code 1.103.2. Extension requires: ^1.104.0-20250815.
2025-10-03 21:19:02.191 [error] [/home/abhinav/.vscode/extensions/ms-python.vscode-python-envs-1.6.0-linux-x64]: Extension is not compatible with Code 1.103.2. Extension requires: ^1.104.0-20250815.
2025-10-03 21:19:02.191 [error] [/home/abhinav/.vscode/extensions/ms-python.vscode-python-envs-1.8.0-linux-x64]: Extension is not compatible with Code 1.103.2. Extension requires: ^1.104.0-20250815.
2025-10-03 21:20:05.278 [error] [/home/abhinav/.vscode/extensions/ms-python.vscode-python-envs-1.6.0-linux-x64]: Extension is not compatible with Code 1.103.2. Extension requires: ^1.104.0-20250815.
2025-10-03 21:20:05.280 [error] [/home/abhinav/.vscode/extensions/ms-python.vscode-python-envs-1.8.0-linux-x64]: Extension is not compatible with Code 1.103.2. Extension requires: ^1.104.0-20250815.
2025-10-03 21:20:22.439 [error] [/home/abhinav/.vscode/extensions/ms-python.vscode-python-envs-1.6.0-linux-x64]: Extension is not compatible with Code 1.103.2. Extension requires: ^1.104.0-20250815.
2025-10-03 21:20:22.442 [error] [/home/abhinav/.vscode/extensions/ms-python.vscode-python-envs-1.8.0-linux-x64]: Extension is not compatible with Code 1.103.2. Extension requires: ^1.104.0-20250815.
2025-10-03 21:21:01.196 [error] [/home/abhinav/.vscode/extensions/ms-python.vscode-python-envs-1.6.0-linux-x64]: Extension is not compatible with Code 1.103.2. Extension requires: ^1.104.0-20250815.
2025-10-03 21:21:01.199 [error] [/home/abhinav/.vscode/extensions/ms-python.vscode-python-envs-1.8.0-linux-x64]: Extension is not compatible with Code 1.103.2. Extension requires: ^1.104.0-20250815.
2025-10-03 21:21:21.219 [error] [/home/abhinav/.vscode/extensions/ms-python.vscode-python-envs-1.6.0-linux-x64]: Extension is not compatible with Code 1.103.2. Extension requires: ^1.104.0-20250815.
2025-10-03 21:21:21.226 [error] [/home/abhinav/.vscode/extensions/ms-python.vscode-python-envs-1.8.0-linux-x64]: Extension is not compatible with Code 1.103.2. Extension requires: ^1.104.0-20250815.
2025-10-03 21:21:59.784 [error] [/home/abhinav/.vscode/extensions/ms-python.vscode-python-envs-1.6.0-linux-x64]: Extension is not compatible with Code 1.103.2. Extension requires: ^1.104.0-20250815.
2025-10-03 21:21:59.788 [error] [/home/abhinav/.vscode/extensions/ms-python.vscode-python-envs-1.8.0-linux-x64]: Extension is not compatible with Code 1.103.2. Extension requires: ^1.104.0-20250815.
2025-10-03 21:22:10.282 [error] [/home/abhinav/.vscode/extensions/ms-python.vscode-python-envs-1.6.0-linux-x64]: Extension is not compatible with Code 1.103.2. Extension requires: ^1.104.0-20250815.
2025-10-03 21:22:10.283 [error] [/home/abhinav/.vscode/extensions/ms-python.vscode-python-envs-1.8.0-linux-x64]: Extension is not compatible with Code 1.103.2. Extension requires: ^1.104.0-20250815.
2025-10-03 21:23:14.647 [error] [/home/abhinav/.vscode/extensions/ms-python.vscode-python-envs-1.6.0-linux-x64]: Extension is not compatible with Code 1.103.2. Extension requires: ^1.104.0-20250815.
2025-10-03 21:23:14.655 [error] [/home/abhinav/.vscode/extensions/ms-python.vscode-python-envs-1.8.0-linux-x64]: Extension is not compatible with Code 1.103.2. Extension requires: ^1.104.0-20250815.
2025-10-03 21:23:49.126 [error] [/home/abhinav/.vscode/extensions/ms-python.vscode-python-envs-1.6.0-linux-x64]: Extension is not compatible with Code 1.103.2. Extension requires: ^1.104.0-20250815.
2025-10-03 21:23:49.128 [error] [/home/abhinav/.vscode/extensions/ms-python.vscode-python-envs-1.8.0-linux-x64]: Extension is not compatible with Code 1.103.2. Extension requires: ^1.104.0-20250815.
2025-10-03 21:26:27.639 [error] [/home/abhinav/.vscode/extensions/ms-python.vscode-python-envs-1.6.0-linux-x64]: Extension is not compatible with Code 1.103.2. Extension requires: ^1.104.0-20250815.
2025-10-03 21:26:27.639 [error] [/home/abhinav/.vscode/extensions/ms-python.vscode-python-envs-1.8.0-linux-x64]: Extension is not compatible with Code 1.103.2. Extension requires: ^1.104.0-20250815.
2025-10-03 21:26:45.328 [error] [/home/abhinav/.vscode/extensions/ms-python.vscode-python-envs-1.6.0-linux-x64]: Extension is not compatible with Code 1.103.2. Extension requires: ^1.104.0-20250815.
2025-10-03 21:26:45.331 [error] [/home/abhinav/.vscode/extensions/ms-python.vscode-python-envs-1.8.0-linux-x64]: Extension is not compatible with Code 1.103.2. Extension requires: ^1.104.0-20250815.
2025-10-03 21:27:01.264 [error] [/home/abhinav/.vscode/extensions/ms-python.vscode-python-envs-1.6.0-linux-x64]: Extension is not compatible with Code 1.103.2. Extension requires: ^1.104.0-20250815.
2025-10-03 21:27:01.265 [error] [/home/abhinav/.vscode/extensions/ms-python.vscode-python-envs-1.8.0-linux-x64]: Extension is not compatible with Code 1.103.2. Extension requires: ^1.104.0-20250815.
2025-10-03 21:27:23.350 [error] [/home/abhinav/.vscode/extensions/ms-python.vscode-python-envs-1.6.0-linux-x64]: Extension is not compatible with Code 1.103.2. Extension requires: ^1.104.0-20250815.
2025-10-03 21:27:23.352 [error] [/home/abhinav/.vscode/extensions/ms-python.vscode-python-envs-1.8.0-linux-x64]: Extension is not compatible with Code 1.103.2. Extension requires: ^1.104.0-20250815.
2025-10-03 21:27:40.574 [error] [/home/abhinav/.vscode/extensions/ms-python.vscode-python-envs-1.6.0-linux-x64]: Extension is not compatible with Code 1.103.2. Extension requires: ^1.104.0-20250815.
2025-10-03 21:27:40.575 [error] [/home/abhinav/.vscode/extensions/ms-python.vscode-python-envs-1.8.0-linux-x64]: Extension is not compatible with Code 1.103.2. Extension requires: ^1.104.0-20250815.
2025-10-03 21:28:41.365 [error] [/home/abhinav/.vscode/extensions/ms-python.vscode-python-envs-1.6.0-linux-x64]: Extension is not compatible with Code 1.103.2. Extension requires: ^1.104.0-20250815.
2025-10-03 21:28:41.367 [error] [/home/abhinav/.vscode/extensions/ms-python.vscode-python-envs-1.8.0-linux-x64]: Extension is not compatible with Code 1.103.2. Extension requires: ^1.104.0-20250815.
2025-10-03 21:28:53.044 [error] [/home/abhinav/.vscode/extensions/ms-python.vscode-python-envs-1.6.0-linux-x64]: Extension is not compatible with Code 1.103.2. Extension requires: ^1.104.0-20250815.
2025-10-03 21:28:53.045 [error] [/home/abhinav/.vscode/extensions/ms-python.vscode-python-envs-1.8.0-linux-x64]: Extension is not compatible with Code 1.103.2. Extension requires: ^1.104.0-20250815.
2025-10-03 21:29:05.762 [error] [/home/abhinav/.vscode/extensions/ms-python.vscode-python-envs-1.6.0-linux-x64]: Extension is not compatible with Code 1.103.2. Extension requires: ^1.104.0-20250815.
2025-10-03 21:29:05.764 [error] [/home/abhinav/.vscode/extensions/ms-python.vscode-python-envs-1.8.0-linux-x64]: Extension is not compatible with Code 1.103.2. Extension requires: ^1.104.0-20250815.
2025-10-03 21:29:26.220 [error] [/home/abhinav/.vscode/extensions/ms-python.vscode-python-envs-1.6.0-linux-x64]: Extension is not compatible with Code 1.103.2. Extension requires: ^1.104.0-20250815.
2025-10-03 21:29:26.222 [error] [/home/abhinav/.vscode/extensions/ms-python.vscode-python-envs-1.8.0-linux-x64]: Extension is not compatible with Code 1.103.2. Extension requires: ^1.104.0-20250815.
2025-10-03 21:34:27.788 [error] [/home/abhinav/.vscode/extensions/ms-python.vscode-python-envs-1.6.0-linux-x64]: Extension is not compatible with Code 1.103.2. Extension requires: ^1.104.0-20250815.
2025-10-03 21:34:27.791 [error] [/home/abhinav/.vscode/extensions/ms-python.vscode-python-envs-1.8.0-linux-x64]: Extension is not compatible with Code 1.103.2. Extension requires: ^1.104.0-20250815.
2025-10-03 21:39:29.369 [error] [/home/abhinav/.vscode/extensions/ms-python.vscode-python-envs-1.6.0-linux-x64]: Extension is not compatible with Code 1.103.2. Extension requires: ^1.104.0-20250815.
2025-10-03 21:39:29.373 [error] [/home/abhinav/.vscode/extensions/ms-python.vscode-python-envs-1.8.0-linux-x64]: Extension is not compatible with Code 1.103.2. Extension requires: ^1.104.0-20250815.
2025-10-03 21:40:49.631 [error] [/home/abhinav/.vscode/extensions/ms-python.vscode-python-envs-1.6.0-linux-x64]: Extension is not compatible with Code 1.103.2. Extension requires: ^1.104.0-20250815.
2025-10-03 21:40:49.633 [error] [/home/abhinav/.vscode/extensions/ms-python.vscode-python-envs-1.8.0-linux-x64]: Extension is not compatible with Code 1.103.2. Extension requires: ^1.104.0-20250815.
2025-10-03 21:41:15.247 [error] [/home/abhinav/.vscode/extensions/ms-python.vscode-python-envs-1.6.0-linux-x64]: Extension is not compatible with Code 1.103.2. Extension requires: ^1.104.0-20250815.
2025-10-03 21:41:15.249 [error] [/home/abhinav/.vscode/extensions/ms-python.vscode-python-envs-1.8.0-linux-x64]: Extension is not compatible with Code 1.103.2. Extension requires: ^1.104.0-20250815.
2025-10-03 21:41:33.260 [error] [/home/abhinav/.vscode/extensions/ms-python.vscode-python-envs-1.6.0-linux-x64]: Extension is not compatible with Code 1.103.2. Extension requires: ^1.104.0-20250815.
2025-10-03 21:41:33.263 [error] [/home/abhinav/.vscode/extensions/ms-python.vscode-python-envs-1.8.0-linux-x64]: Extension is not compatible with Code 1.103.2. Extension requires: ^1.104.0-20250815.
2025-10-03 21:41:43.351 [error] [/home/abhinav/.vscode/extensions/ms-python.vscode-python-envs-1.6.0-linux-x64]: Extension is not compatible with Code 1.103.2. Extension requires: ^1.104.0-20250815.
2025-10-03 21:41:43.354 [error] [/home/abhinav/.vscode/extensions/ms-python.vscode-python-envs-1.8.0-linux-x64]: Extension is not compatible with Code 1.103.2. Extension requires: ^1.104.0-20250815.
2025-10-03 21:46:09.531 [error] [/home/abhinav/.vscode/extensions/ms-python.vscode-python-envs-1.6.0-linux-x64]: Extension is not compatible with Code 1.103.2. Extension requires: ^1.104.0-20250815.
2025-10-03 21:46:09.536 [error] [/home/abhinav/.vscode/extensions/ms-python.vscode-python-envs-1.8.0-linux-x64]: Extension is not compatible with Code 1.103.2. Extension requires: ^1.104.0-20250815.
2025-10-03 21:51:10.170 [error] [/home/abhinav/.vscode/extensions/ms-python.vscode-python-envs-1.6.0-linux-x64]: Extension is not compatible with Code 1.103.2. Extension requires: ^1.104.0-20250815.
2025-10-03 21:51:10.171 [error] [/home/abhinav/.vscode/extensions/ms-python.vscode-python-envs-1.8.0-linux-x64]: Extension is not compatible with Code 1.103.2. Extension requires: ^1.104.0-20250815.
2025-10-03 21:56:11.250 [error] [/home/abhinav/.vscode/extensions/ms-python.vscode-python-envs-1.6.0-linux-x64]: Extension is not compatible with Code 1.103.2. Extension requires: ^1.104.0-20250815.
2025-10-03 21:56:11.254 [error] [/home/abhinav/.vscode/extensions/ms-python.vscode-python-envs-1.8.0-linux-x64]: Extension is not compatible with Code 1.103.2. Extension requires: ^1.104.0-20250815.
2025-10-03 22:01:11.629 [error] [/home/abhinav/.vscode/extensions/ms-python.vscode-python-envs-1.6.0-linux-x64]: Extension is not compatible with Code 1.103.2. Extension requires: ^1.104.0-20250815.
2025-10-03 22:01:11.630 [error] [/home/abhinav/.vscode/extensions/ms-python.vscode-python-envs-1.8.0-linux-x64]: Extension is not compatible with Code 1.103.2. Extension requires: ^1.104.0-20250815.
2025-10-03 22:06:12.033 [error] [/home/abhinav/.vscode/extensions/ms-python.vscode-python-envs-1.6.0-linux-x64]: Extension is not compatible with Code 1.103.2. Extension requires: ^1.104.0-20250815.
2025-10-03 22:06:12.034 [error] [/home/abhinav/.vscode/extensions/ms-python.vscode-python-envs-1.8.0-linux-x64]: Extension is not compatible with Code 1.103.2. Extension requires: ^1.104.0-20250815.
2025-10-03 22:11:12.956 [error] [/home/abhinav/.vscode/extensions/ms-python.vscode-python-envs-1.6.0-linux-x64]: Extension is not compatible with Code 1.103.2. Extension requires: ^1.104.0-20250815.
2025-10-03 22:11:12.956 [error] [/home/abhinav/.vscode/extensions/ms-python.vscode-python-envs-1.8.0-linux-x64]: Extension is not compatible with Code 1.103.2. Extension requires: ^1.104.0-20250815.
2025-10-03 22:16:13.828 [error] [/home/abhinav/.vscode/extensions/ms-python.vscode-python-envs-1.6.0-linux-x64]: Extension is not compatible with Code 1.103.2. Extension requires: ^1.104.0-20250815.
2025-10-03 22:16:13.830 [error] [/home/abhinav/.vscode/extensions/ms-python.vscode-python-envs-1.8.0-linux-x64]: Extension is not compatible with Code 1.103.2. Extension requires: ^1.104.0-20250815.
2025-10-03 22:21:15.026 [error] [/home/abhinav/.vscode/extensions/ms-python.vscode-python-envs-1.6.0-linux-x64]: Extension is not compatible with Code 1.103.2. Extension requires: ^1.104.0-20250815.
2025-10-03 22:21:15.026 [error] [/home/abhinav/.vscode/extensions/ms-python.vscode-python-envs-1.8.0-linux-x64]: Extension is not compatible with Code 1.103.2. Extension requires: ^1.104.0-20250815.
2025-10-03 22:26:16.753 [error] [/home/abhinav/.vscode/extensions/ms-python.vscode-python-envs-1.6.0-linux-x64]: Extension is not compatible with Code 1.103.2. Extension requires: ^1.104.0-20250815.
2025-10-03 22:26:16.756 [error] [/home/abhinav/.vscode/extensions/ms-python.vscode-python-envs-1.8.0-linux-x64]: Extension is not compatible with Code 1.103.2. Extension requires: ^1.104.0-20250815.
2025-10-03 22:31:17.803 [error] [/home/abhinav/.vscode/extensions/ms-python.vscode-python-envs-1.6.0-linux-x64]: Extension is not compatible with Code 1.103.2. Extension requires: ^1.104.0-20250815.
2025-10-03 22:31:17.807 [error] [/home/abhinav/.vscode/extensions/ms-python.vscode-python-envs-1.8.0-linux-x64]: Extension is not compatible with Code 1.103.2. Extension requires: ^1.104.0-20250815.
2025-10-03 22:36:18.197 [error] [/home/abhinav/.vscode/extensions/ms-python.vscode-python-envs-1.6.0-linux-x64]: Extension is not compatible with Code 1.103.2. Extension requires: ^1.104.0-20250815.
2025-10-03 22:36:18.198 [error] [/home/abhinav/.vscode/extensions/ms-python.vscode-python-envs-1.8.0-linux-x64]: Extension is not compatible with Code 1.103.2. Extension requires: ^1.104.0-20250815.
2025-10-03 22:41:19.828 [error] [/home/abhinav/.vscode/extensions/ms-python.vscode-python-envs-1.6.0-linux-x64]: Extension is not compatible with Code 1.103.2. Extension requires: ^1.104.0-20250815.
2025-10-03 22:41:19.829 [error] [/home/abhinav/.vscode/extensions/ms-python.vscode-python-envs-1.8.0-linux-x64]: Extension is not compatible with Code 1.103.2. Extension requires: ^1.104.0-20250815.
2025-10-03 22:46:20.791 [error] [/home/abhinav/.vscode/extensions/ms-python.vscode-python-envs-1.6.0-linux-x64]: Extension is not compatible with Code 1.103.2. Extension requires: ^1.104.0-20250815.
2025-10-03 22:46:20.793 [error] [/home/abhinav/.vscode/extensions/ms-python.vscode-python-envs-1.8.0-linux-x64]: Extension is not compatible with Code 1.103.2. Extension requires: ^1.104.0-20250815.
2025-10-03 22:51:21.277 [error] [/home/abhinav/.vscode/extensions/ms-python.vscode-python-envs-1.6.0-linux-x64]: Extension is not compatible with Code 1.103.2. Extension requires: ^1.104.0-20250815.
2025-10-03 22:51:21.280 [error] [/home/abhinav/.vscode/extensions/ms-python.vscode-python-envs-1.8.0-linux-x64]: Extension is not compatible with Code 1.103.2. Extension requires: ^1.104.0-20250815.
2025-10-03 22:56:22.227 [error] [/home/abhinav/.vscode/extensions/ms-python.vscode-python-envs-1.6.0-linux-x64]: Extension is not compatible with Code 1.103.2. Extension requires: ^1.104.0-20250815.
2025-10-03 22:56:22.232 [error] [/home/abhinav/.vscode/extensions/ms-python.vscode-python-envs-1.8.0-linux-x64]: Extension is not compatible with Code 1.103.2. Extension requires: ^1.104.0-20250815.
2025-10-03 23:01:22.656 [error] [/home/abhinav/.vscode/extensions/ms-python.vscode-python-envs-1.6.0-linux-x64]: Extension is not compatible with Code 1.103.2. Extension requires: ^1.104.0-20250815.
2025-10-03 23:01:22.660 [error] [/home/abhinav/.vscode/extensions/ms-python.vscode-python-envs-1.8.0-linux-x64]: Extension is not compatible with Code 1.103.2. Extension requires: ^1.104.0-20250815.
2025-10-03 23:06:23.083 [error] [/home/abhinav/.vscode/extensions/ms-python.vscode-python-envs-1.6.0-linux-x64]: Extension is not compatible with Code 1.103.2. Extension requires: ^1.104.0-20250815.
2025-10-03 23:06:23.086 [error] [/home/abhinav/.vscode/extensions/ms-python.vscode-python-envs-1.8.0-linux-x64]: Extension is not compatible with Code 1.103.2. Extension requires: ^1.104.0-20250815.
2025-10-03 23:11:24.250 [error] [/home/abhinav/.vscode/extensions/ms-python.vscode-python-envs-1.6.0-linux-x64]: Extension is not compatible with Code 1.103.2. Extension requires: ^1.104.0-20250815.
2025-10-03 23:11:24.254 [error] [/home/abhinav/.vscode/extensions/ms-python.vscode-python-envs-1.8.0-linux-x64]: Extension is not compatible with Code 1.103.2. Extension requires: ^1.104.0-20250815.
