2025-09-23 21:10:39.761 [info] Reading sessions from keychain...
2025-09-23 21:10:39.761 [info] Got stored sessions!
2025-09-23 21:10:39.761 [info] Got 1 verified sessions.
2025-09-23 21:10:39.761 [info] Getting sessions for all scopes...
2025-09-23 21:10:39.761 [info] Got 1 sessions for ...
2025-09-23 21:10:39.761 [info] Getting sessions for all scopes...
2025-09-23 21:10:39.761 [info] Got 1 sessions for ...
2025-09-23 21:10:39.761 [info] Getting sessions for all scopes...
2025-09-23 21:10:39.761 [info] Got 1 sessions for ...
2025-09-23 21:10:39.761 [info] Getting sessions for all scopes...
2025-09-23 21:10:39.761 [info] Got 1 sessions for ...
2025-09-23 21:10:39.761 [info] Getting sessions for user:email...
2025-09-23 21:10:39.761 [info] Got 1 sessions for user:email...
2025-09-23 21:10:39.761 [info] Getting sessions for all scopes...
2025-09-23 21:10:39.761 [info] Got 1 sessions for ...
2025-09-23 21:10:39.761 [info] Getting sessions for all scopes...
2025-09-23 21:10:39.761 [info] Got 1 sessions for ...
2025-09-23 21:10:39.761 [info] Getting sessions for all scopes...
2025-09-23 21:10:39.761 [info] Got 1 sessions for ...
2025-09-23 21:10:39.761 [info] Getting sessions for all scopes...
2025-09-23 21:10:39.761 [info] Got 1 sessions for ...
2025-09-23 21:10:39.761 [info] Getting sessions for all scopes...
2025-09-23 21:10:39.761 [info] Got 1 sessions for ...
2025-09-23 21:10:39.761 [info] Getting sessions for all scopes...
2025-09-23 21:10:39.761 [info] Got 1 sessions for ...
2025-09-23 21:10:39.761 [info] Getting sessions for all scopes...
2025-09-23 21:10:39.761 [info] Got 1 sessions for ...
2025-09-23 21:10:39.761 [info] Getting sessions for all scopes...
2025-09-23 21:10:39.761 [info] Got 1 sessions for ...
2025-09-23 21:10:39.761 [info] Getting sessions for all scopes...
2025-09-23 21:10:39.761 [info] Got 1 sessions for ...
2025-09-23 21:10:39.761 [info] Getting sessions for all scopes...
2025-09-23 21:10:39.761 [info] Got 1 sessions for ...
2025-09-23 21:10:39.761 [info] Getting sessions for all scopes...
2025-09-23 21:10:39.761 [info] Got 1 sessions for ...
2025-09-23 21:10:39.761 [info] Getting sessions for all scopes...
2025-09-23 21:10:39.761 [info] Got 1 sessions for ...
2025-09-23 21:10:42.440 [info] Getting sessions for all scopes...
2025-09-23 21:10:42.440 [info] Got 1 sessions for ...
2025-09-23 21:10:42.441 [info] Getting sessions for all scopes...
2025-09-23 21:10:42.441 [info] Got 1 sessions for ...
2025-09-23 21:10:42.441 [info] Getting sessions for all scopes...
2025-09-23 21:10:42.441 [info] Got 1 sessions for ...
2025-09-23 21:10:42.543 [info] Getting sessions for all scopes...
2025-09-23 21:10:42.543 [info] Got 1 sessions for ...
2025-09-23 21:10:42.543 [info] Getting sessions for all scopes...
2025-09-23 21:10:42.543 [info] Got 1 sessions for ...
2025-09-23 21:10:42.961 [info] Getting sessions for all scopes...
2025-09-23 21:10:42.961 [info] Got 1 sessions for ...
2025-09-23 21:10:42.962 [info] Getting sessions for read:user,repo,user:email,workflow...
2025-09-23 21:10:42.962 [info] Got 0 sessions for read:user,repo,user:email,workflow...
2025-09-23 21:10:42.966 [info] Getting sessions for all scopes...
2025-09-23 21:10:42.967 [info] Got 1 sessions for ...
2025-09-23 21:10:42.967 [info] Getting sessions for read:user,repo,user:email,workflow...
2025-09-23 21:10:42.967 [info] Got 0 sessions for read:user,repo,user:email,workflow...
2025-09-23 21:10:42.968 [info] Getting sessions for user:email...
2025-09-23 21:10:42.968 [info] Got 1 sessions for user:email...
2025-09-23 21:10:42.968 [info] Getting sessions for read:user,repo,user:email,workflow...
2025-09-23 21:10:42.969 [info] Got 0 sessions for read:user,repo,user:email,workflow...
2025-09-23 21:10:42.969 [info] Getting sessions for read:user...
2025-09-23 21:10:42.969 [info] Got 0 sessions for read:user...
2025-09-23 21:10:42.975 [info] Getting sessions for all scopes...
2025-09-23 21:10:42.975 [info] Got 1 sessions for ...
2025-09-23 21:10:42.975 [info] Getting sessions for user:email...
2025-09-23 21:10:42.975 [info] Got 1 sessions for user:email...
2025-09-23 21:10:42.979 [info] Getting sessions for read:user,repo,user:email,workflow...
2025-09-23 21:10:42.979 [info] Got 0 sessions for read:user,repo,user:email,workflow...
2025-09-23 21:10:43.091 [info] Getting sessions for all scopes...
2025-09-23 21:10:43.091 [info] Got 1 sessions for ...
2025-09-23 21:10:43.254 [info] Getting sessions for user:email...
2025-09-23 21:10:43.254 [info] Got 1 sessions for user:email...
2025-09-23 21:10:43.260 [info] Getting sessions for all scopes...
2025-09-23 21:10:43.260 [info] Got 1 sessions for ...
2025-09-23 21:10:43.261 [info] Getting sessions for read:user,repo,user:email,workflow...
2025-09-23 21:10:43.261 [info] Got 0 sessions for read:user,repo,user:email,workflow...
2025-09-23 21:10:43.262 [info] Getting sessions for user:email...
2025-09-23 21:10:43.262 [info] Got 1 sessions for user:email...
2025-09-23 21:10:43.787 [info] Getting sessions for all scopes...
2025-09-23 21:10:43.787 [info] Got 1 sessions for ...
2025-09-23 21:10:43.788 [info] Getting sessions for read:user,repo,user:email,workflow...
2025-09-23 21:10:43.788 [info] Got 0 sessions for read:user,repo,user:email,workflow...
2025-09-23 21:10:43.789 [info] Getting sessions for user:email...
2025-09-23 21:10:43.789 [info] Got 1 sessions for user:email...
2025-09-23 21:10:44.812 [info] Getting sessions for all scopes...
2025-09-23 21:10:44.812 [info] Got 1 sessions for ...
2025-09-23 21:10:44.828 [info] Getting sessions for all scopes...
2025-09-23 21:10:44.829 [info] Got 1 sessions for ...
2025-09-23 21:10:44.875 [info] Getting sessions for read:user,repo,user:email,workflow...
2025-09-23 21:10:44.875 [info] Got 0 sessions for read:user,repo,user:email,workflow...
2025-09-23 21:10:44.881 [info] Getting sessions for user:email...
2025-09-23 21:10:44.881 [info] Got 1 sessions for user:email...
2025-09-23 21:10:44.883 [info] Getting sessions for read:user,repo,user:email,workflow...
2025-09-23 21:10:44.883 [info] Got 0 sessions for read:user,repo,user:email,workflow...
2025-09-23 21:10:44.888 [info] Getting sessions for all scopes...
2025-09-23 21:10:44.888 [info] Got 1 sessions for ...
2025-09-23 21:10:44.893 [info] Getting sessions for read:user,repo,user:email,workflow...
2025-09-23 21:10:44.893 [info] Got 0 sessions for read:user,repo,user:email,workflow...
2025-09-23 21:10:44.898 [info] Getting sessions for user:email...
2025-09-23 21:10:44.898 [info] Got 1 sessions for user:email...
2025-09-23 21:10:45.111 [info] Getting sessions for all scopes...
2025-09-23 21:10:45.111 [info] Got 1 sessions for ...
2025-09-23 21:10:45.117 [info] Getting sessions for read:user,repo,user:email,workflow...
2025-09-23 21:10:45.117 [info] Got 0 sessions for read:user,repo,user:email,workflow...
2025-09-23 21:10:45.136 [info] Getting sessions for user:email...
2025-09-23 21:10:45.137 [info] Got 1 sessions for user:email...
2025-09-23 21:10:45.148 [info] Getting sessions for all scopes...
2025-09-23 21:10:45.148 [info] Got 1 sessions for ...
2025-09-23 21:10:45.155 [info] Getting sessions for all scopes...
2025-09-23 21:10:45.155 [info] Got 1 sessions for ...
2025-09-23 21:10:46.779 [info] Getting sessions for all scopes...
2025-09-23 21:10:46.780 [info] Got 1 sessions for ...
2025-09-23 21:10:51.187 [info] Getting sessions for all scopes...
2025-09-23 21:10:51.187 [info] Got 1 sessions for ...
2025-09-23 21:10:51.188 [info] Getting sessions for read:user,repo,user:email,workflow...
2025-09-23 21:10:51.188 [info] Got 0 sessions for read:user,repo,user:email,workflow...
2025-09-23 21:10:51.189 [info] Getting sessions for user:email...
2025-09-23 21:10:51.189 [info] Got 1 sessions for user:email...
2025-09-23 21:10:52.623 [info] Getting sessions for all scopes...
2025-09-23 21:10:52.623 [info] Got 1 sessions for ...
2025-09-23 21:10:52.625 [info] Getting sessions for read:user,repo,user:email,workflow...
2025-09-23 21:10:52.625 [info] Got 0 sessions for read:user,repo,user:email,workflow...
2025-09-23 21:10:52.627 [info] Getting sessions for user:email...
2025-09-23 21:10:52.627 [info] Got 1 sessions for user:email...
2025-09-23 21:10:54.022 [info] Getting sessions for all scopes...
2025-09-23 21:10:54.022 [info] Got 1 sessions for ...
2025-09-23 21:10:54.024 [info] Getting sessions for read:user,repo,user:email,workflow...
2025-09-23 21:10:54.024 [info] Got 0 sessions for read:user,repo,user:email,workflow...
2025-09-23 21:10:54.025 [info] Getting sessions for user:email...
2025-09-23 21:10:54.025 [info] Got 1 sessions for user:email...
2025-09-23 21:44:32.484 [info] Getting sessions for read:user,repo,user:email,workflow...
2025-09-23 21:44:32.484 [info] Got 0 sessions for read:user,repo,user:email,workflow...
2025-09-23 21:44:32.484 [info] Getting sessions for read:user...
2025-09-23 21:44:32.484 [info] Got 0 sessions for read:user...
2025-09-23 21:44:32.485 [info] Getting sessions for user:email...
2025-09-23 21:44:32.485 [info] Got 1 sessions for user:email...
