2025-09-24 20:59:19.165 [info] [main] Log level: Info
2025-09-24 20:59:19.165 [info] [main] Validating found git in: "git"
2025-09-24 20:59:19.165 [info] [main] Using git "2.51.0" from "git"
2025-09-24 20:59:19.165 [info] [Model][doInitialScan] Initial repository scan started
2025-09-24 20:59:19.165 [info] > git rev-parse --show-toplevel [18ms]
2025-09-24 20:59:19.165 [info] fatal: not a git repository (or any parent up to mount point /)
Stopping at filesystem boundary (GIT_DISCOVERY_ACROSS_FILESYSTEM not set).
2025-09-24 20:59:19.165 [info] > git rev-parse --show-toplevel [55ms]
2025-09-24 20:59:19.165 [info] fatal: not a git repository (or any parent up to mount point /)
Stopping at filesystem boundary (GIT_DISCOVERY_ACROSS_FILESYSTEM not set).
2025-09-24 20:59:19.165 [info] [Model][doInitialScan] Initial repository scan completed - repositories (0), closed repositories (0), parent repositories (0), unsafe repositories (0)
2025-09-24 20:59:19.493 [info] > git rev-parse --show-toplevel [158ms]
2025-09-24 20:59:19.493 [info] fatal: not a git repository (or any parent up to mount point /)
Stopping at filesystem boundary (GIT_DISCOVERY_ACROSS_FILESYSTEM not set).
2025-09-24 20:59:19.669 [info] > git rev-parse --show-toplevel [126ms]
2025-09-24 20:59:19.669 [info] fatal: not a git repository (or any parent up to mount point /)
Stopping at filesystem boundary (GIT_DISCOVERY_ACROSS_FILESYSTEM not set).
2025-09-24 20:59:19.962 [info] > git rev-parse --show-toplevel [285ms]
2025-09-24 20:59:19.962 [info] fatal: not a git repository (or any parent up to mount point /)
Stopping at filesystem boundary (GIT_DISCOVERY_ACROSS_FILESYSTEM not set).
2025-09-24 20:59:19.984 [info] > git rev-parse --show-toplevel [2ms]
2025-09-24 20:59:19.985 [info] fatal: not a git repository (or any parent up to mount point /)
Stopping at filesystem boundary (GIT_DISCOVERY_ACROSS_FILESYSTEM not set).
