2025-10-04 01:22:28.451 [info] Reading sessions from keychain...
2025-10-04 01:22:28.451 [info] Got stored sessions!
2025-10-04 01:22:28.451 [info] Got 1 verified sessions.
2025-10-04 01:22:28.451 [info] Getting sessions for all scopes...
2025-10-04 01:22:28.451 [info] Got 1 sessions for ...
2025-10-04 01:22:28.451 [info] Getting sessions for all scopes...
2025-10-04 01:22:28.451 [info] Got 1 sessions for ...
2025-10-04 01:22:28.451 [info] Getting sessions for all scopes...
2025-10-04 01:22:28.451 [info] Got 1 sessions for ...
2025-10-04 01:22:28.451 [info] Getting sessions for all scopes...
2025-10-04 01:22:28.451 [info] Got 1 sessions for ...
2025-10-04 01:22:28.451 [info] Getting sessions for user:email...
2025-10-04 01:22:28.451 [info] Got 1 sessions for user:email...
2025-10-04 01:22:28.451 [info] Getting sessions for all scopes...
2025-10-04 01:22:28.451 [info] Got 1 sessions for ...
2025-10-04 01:22:28.451 [info] Getting sessions for all scopes...
2025-10-04 01:22:28.451 [info] Got 1 sessions for ...
2025-10-04 01:22:28.451 [info] Getting sessions for all scopes...
2025-10-04 01:22:28.451 [info] Got 1 sessions for ...
2025-10-04 01:22:28.451 [info] Getting sessions for all scopes...
2025-10-04 01:22:28.451 [info] Got 1 sessions for ...
2025-10-04 01:22:28.451 [info] Getting sessions for all scopes...
2025-10-04 01:22:28.451 [info] Got 1 sessions for ...
2025-10-04 01:22:28.451 [info] Getting sessions for all scopes...
2025-10-04 01:22:28.451 [info] Got 1 sessions for ...
2025-10-04 01:22:28.451 [info] Getting sessions for all scopes...
2025-10-04 01:22:28.451 [info] Got 1 sessions for ...
2025-10-04 01:22:28.451 [info] Getting sessions for all scopes...
2025-10-04 01:22:28.451 [info] Got 1 sessions for ...
2025-10-04 01:22:28.451 [info] Getting sessions for all scopes...
2025-10-04 01:22:28.451 [info] Got 1 sessions for ...
2025-10-04 01:22:28.451 [info] Getting sessions for all scopes...
2025-10-04 01:22:28.451 [info] Got 1 sessions for ...
2025-10-04 01:22:28.451 [info] Getting sessions for all scopes...
2025-10-04 01:22:28.451 [info] Got 1 sessions for ...
2025-10-04 01:22:28.451 [info] Getting sessions for all scopes...
2025-10-04 01:22:28.451 [info] Got 1 sessions for ...
2025-10-04 01:22:30.708 [info] Getting sessions for all scopes...
2025-10-04 01:22:30.708 [info] Got 1 sessions for ...
2025-10-04 01:22:30.708 [info] Getting sessions for all scopes...
2025-10-04 01:22:30.708 [info] Got 1 sessions for ...
2025-10-04 01:22:30.708 [info] Getting sessions for all scopes...
2025-10-04 01:22:30.708 [info] Got 1 sessions for ...
2025-10-04 01:22:30.982 [info] Getting sessions for all scopes...
2025-10-04 01:22:30.982 [info] Got 1 sessions for ...
2025-10-04 01:22:30.982 [info] Getting sessions for all scopes...
2025-10-04 01:22:30.982 [info] Got 1 sessions for ...
2025-10-04 01:22:31.380 [info] Getting sessions for all scopes...
2025-10-04 01:22:31.380 [info] Got 1 sessions for ...
2025-10-04 01:22:31.381 [info] Getting sessions for read:user,repo,user:email,workflow...
2025-10-04 01:22:31.381 [info] Got 0 sessions for read:user,repo,user:email,workflow...
2025-10-04 01:22:31.381 [info] Getting sessions for all scopes...
2025-10-04 01:22:31.381 [info] Got 1 sessions for ...
2025-10-04 01:22:31.382 [info] Getting sessions for read:user,repo,user:email,workflow...
2025-10-04 01:22:31.382 [info] Got 0 sessions for read:user,repo,user:email,workflow...
2025-10-04 01:22:31.384 [info] Getting sessions for user:email...
2025-10-04 01:22:31.384 [info] Got 1 sessions for user:email...
2025-10-04 01:22:31.384 [info] Getting sessions for read:user,repo,user:email,workflow...
2025-10-04 01:22:31.384 [info] Got 0 sessions for read:user,repo,user:email,workflow...
2025-10-04 01:22:31.384 [info] Getting sessions for read:user...
2025-10-04 01:22:31.384 [info] Got 0 sessions for read:user...
2025-10-04 01:22:31.386 [info] Getting sessions for all scopes...
2025-10-04 01:22:31.386 [info] Got 1 sessions for ...
2025-10-04 01:22:31.386 [info] Getting sessions for user:email...
2025-10-04 01:22:31.386 [info] Got 1 sessions for user:email...
2025-10-04 01:22:31.391 [info] Getting sessions for read:user,repo,user:email,workflow...
2025-10-04 01:22:31.391 [info] Got 0 sessions for read:user,repo,user:email,workflow...
2025-10-04 01:22:31.548 [info] Getting sessions for user:email...
2025-10-04 01:22:31.548 [info] Got 1 sessions for user:email...
2025-10-04 01:22:31.556 [info] Getting sessions for all scopes...
2025-10-04 01:22:31.556 [info] Got 1 sessions for ...
2025-10-04 01:22:31.558 [info] Getting sessions for read:user,repo,user:email,workflow...
2025-10-04 01:22:31.558 [info] Got 0 sessions for read:user,repo,user:email,workflow...
2025-10-04 01:22:31.559 [info] Getting sessions for user:email...
2025-10-04 01:22:31.559 [info] Got 1 sessions for user:email...
2025-10-04 01:22:31.682 [info] Getting sessions for all scopes...
2025-10-04 01:22:31.682 [info] Got 1 sessions for ...
2025-10-04 01:22:31.945 [info] Getting sessions for all scopes...
2025-10-04 01:22:31.945 [info] Got 1 sessions for ...
2025-10-04 01:22:31.946 [info] Getting sessions for read:user,repo,user:email,workflow...
2025-10-04 01:22:31.946 [info] Got 0 sessions for read:user,repo,user:email,workflow...
2025-10-04 01:22:31.946 [info] Getting sessions for user:email...
2025-10-04 01:22:31.946 [info] Got 1 sessions for user:email...
2025-10-04 01:22:32.784 [info] Getting sessions for all scopes...
2025-10-04 01:22:32.784 [info] Got 1 sessions for ...
2025-10-04 01:22:32.784 [info] Getting sessions for all scopes...
2025-10-04 01:22:32.784 [info] Got 1 sessions for ...
2025-10-04 01:22:32.794 [info] Getting sessions for read:user,repo,user:email,workflow...
2025-10-04 01:22:32.794 [info] Got 0 sessions for read:user,repo,user:email,workflow...
2025-10-04 01:22:32.795 [info] Getting sessions for user:email...
2025-10-04 01:22:32.795 [info] Got 1 sessions for user:email...
2025-10-04 01:22:32.795 [info] Getting sessions for read:user,repo,user:email,workflow...
2025-10-04 01:22:32.795 [info] Got 0 sessions for read:user,repo,user:email,workflow...
2025-10-04 01:22:32.796 [info] Getting sessions for all scopes...
2025-10-04 01:22:32.796 [info] Got 1 sessions for ...
2025-10-04 01:22:32.797 [info] Getting sessions for read:user,repo,user:email,workflow...
2025-10-04 01:22:32.797 [info] Got 0 sessions for read:user,repo,user:email,workflow...
2025-10-04 01:22:32.797 [info] Getting sessions for user:email...
2025-10-04 01:22:32.797 [info] Got 1 sessions for user:email...
2025-10-04 01:22:32.861 [info] Getting sessions for all scopes...
2025-10-04 01:22:32.861 [info] Got 1 sessions for ...
2025-10-04 01:22:32.931 [info] Getting sessions for read:user,repo,user:email,workflow...
2025-10-04 01:22:32.931 [info] Got 0 sessions for read:user,repo,user:email,workflow...
2025-10-04 01:22:32.939 [info] Getting sessions for user:email...
2025-10-04 01:22:32.939 [info] Got 1 sessions for user:email...
2025-10-04 01:22:32.963 [info] Getting sessions for all scopes...
2025-10-04 01:22:32.963 [info] Got 1 sessions for ...
2025-10-04 01:22:32.966 [info] Getting sessions for all scopes...
2025-10-04 01:22:32.966 [info] Got 1 sessions for ...
2025-10-04 01:22:34.338 [info] Getting sessions for all scopes...
2025-10-04 01:22:34.338 [info] Got 1 sessions for ...
