2025-10-03 19:46:52.206 [info] Reading sessions from keychain...
2025-10-03 19:46:52.206 [info] Got stored sessions!
2025-10-03 19:46:52.206 [info] Got 1 verified sessions.
2025-10-03 19:46:52.206 [info] Getting sessions for all scopes...
2025-10-03 19:46:52.206 [info] Got 1 sessions for ...
2025-10-03 19:46:52.206 [info] Getting sessions for all scopes...
2025-10-03 19:46:52.206 [info] Got 1 sessions for ...
2025-10-03 19:46:52.206 [info] Getting sessions for all scopes...
2025-10-03 19:46:52.206 [info] Got 1 sessions for ...
2025-10-03 19:46:52.206 [info] Getting sessions for all scopes...
2025-10-03 19:46:52.206 [info] Got 1 sessions for ...
2025-10-03 19:46:52.206 [info] Getting sessions for all scopes...
2025-10-03 19:46:52.206 [info] Got 1 sessions for ...
2025-10-03 19:46:52.206 [info] Getting sessions for all scopes...
2025-10-03 19:46:52.206 [info] Got 1 sessions for ...
2025-10-03 19:46:52.206 [info] Getting sessions for all scopes...
2025-10-03 19:46:52.206 [info] Got 1 sessions for ...
2025-10-03 19:46:52.206 [info] Getting sessions for all scopes...
2025-10-03 19:46:52.206 [info] Got 1 sessions for ...
2025-10-03 19:46:52.206 [info] Getting sessions for all scopes...
2025-10-03 19:46:52.206 [info] Got 1 sessions for ...
2025-10-03 19:46:52.206 [info] Getting sessions for all scopes...
2025-10-03 19:46:52.206 [info] Got 1 sessions for ...
2025-10-03 19:46:52.206 [info] Getting sessions for all scopes...
2025-10-03 19:46:52.206 [info] Got 1 sessions for ...
2025-10-03 19:46:52.206 [info] Getting sessions for all scopes...
2025-10-03 19:46:52.206 [info] Got 1 sessions for ...
2025-10-03 19:46:52.206 [info] Getting sessions for all scopes...
2025-10-03 19:46:52.206 [info] Got 1 sessions for ...
2025-10-03 19:46:52.206 [info] Getting sessions for all scopes...
2025-10-03 19:46:52.206 [info] Got 1 sessions for ...
2025-10-03 19:46:52.206 [info] Getting sessions for all scopes...
2025-10-03 19:46:52.206 [info] Got 1 sessions for ...
2025-10-03 19:46:54.859 [info] Getting sessions for all scopes...
2025-10-03 19:46:54.859 [info] Got 1 sessions for ...
2025-10-03 19:46:54.859 [info] Getting sessions for all scopes...
2025-10-03 19:46:54.859 [info] Got 1 sessions for ...
2025-10-03 19:46:55.312 [info] Getting sessions for read:user,repo,user:email,workflow...
2025-10-03 19:46:55.312 [info] Got 0 sessions for read:user,repo,user:email,workflow...
2025-10-03 19:46:55.320 [info] Getting sessions for all scopes...
2025-10-03 19:46:55.320 [info] Got 1 sessions for ...
2025-10-03 19:46:55.323 [info] Getting sessions for all scopes...
2025-10-03 19:46:55.323 [info] Got 1 sessions for ...
2025-10-03 19:46:55.323 [info] Getting sessions for read:user,repo,user:email,workflow...
2025-10-03 19:46:55.323 [info] Got 0 sessions for read:user,repo,user:email,workflow...
2025-10-03 19:46:55.325 [info] Getting sessions for user:email...
2025-10-03 19:46:55.325 [info] Got 1 sessions for user:email...
2025-10-03 19:46:55.325 [info] Getting sessions for read:user,repo,user:email,workflow...
2025-10-03 19:46:55.325 [info] Got 0 sessions for read:user,repo,user:email,workflow...
2025-10-03 19:46:55.327 [info] Getting sessions for read:user...
2025-10-03 19:46:55.327 [info] Got 0 sessions for read:user...
2025-10-03 19:46:55.329 [info] Getting sessions for all scopes...
2025-10-03 19:46:55.329 [info] Got 1 sessions for ...
2025-10-03 19:46:55.330 [info] Getting sessions for user:email...
2025-10-03 19:46:55.330 [info] Got 1 sessions for user:email...
2025-10-03 19:46:55.333 [info] Getting sessions for read:user,repo,user:email,workflow...
2025-10-03 19:46:55.333 [info] Got 0 sessions for read:user,repo,user:email,workflow...
2025-10-03 19:46:55.457 [info] Getting sessions for user:email...
2025-10-03 19:46:55.457 [info] Got 1 sessions for user:email...
2025-10-03 19:46:55.488 [info] Getting sessions for all scopes...
2025-10-03 19:46:55.488 [info] Got 1 sessions for ...
2025-10-03 19:46:55.489 [info] Getting sessions for all scopes...
2025-10-03 19:46:55.489 [info] Got 1 sessions for ...
2025-10-03 19:46:55.489 [info] Getting sessions for read:user,repo,user:email,workflow...
2025-10-03 19:46:55.489 [info] Got 0 sessions for read:user,repo,user:email,workflow...
2025-10-03 19:46:55.490 [info] Getting sessions for user:email...
2025-10-03 19:46:55.491 [info] Got 1 sessions for user:email...
2025-10-03 19:46:56.175 [info] Getting sessions for all scopes...
2025-10-03 19:46:56.175 [info] Got 1 sessions for ...
2025-10-03 19:46:56.176 [info] Getting sessions for read:user,repo,user:email,workflow...
2025-10-03 19:46:56.176 [info] Got 0 sessions for read:user,repo,user:email,workflow...
2025-10-03 19:46:56.177 [info] Getting sessions for user:email...
2025-10-03 19:46:56.177 [info] Got 1 sessions for user:email...
2025-10-03 19:46:56.949 [info] Getting sessions for all scopes...
2025-10-03 19:46:56.949 [info] Got 1 sessions for ...
2025-10-03 19:46:56.949 [info] Getting sessions for all scopes...
2025-10-03 19:46:56.949 [info] Got 1 sessions for ...
2025-10-03 19:46:56.964 [info] Getting sessions for read:user,repo,user:email,workflow...
2025-10-03 19:46:56.964 [info] Got 0 sessions for read:user,repo,user:email,workflow...
2025-10-03 19:46:56.965 [info] Getting sessions for user:email...
2025-10-03 19:46:56.965 [info] Got 1 sessions for user:email...
2025-10-03 19:46:56.966 [info] Getting sessions for read:user,repo,user:email,workflow...
2025-10-03 19:46:56.966 [info] Got 0 sessions for read:user,repo,user:email,workflow...
2025-10-03 19:46:56.970 [info] Getting sessions for all scopes...
2025-10-03 19:46:56.970 [info] Got 1 sessions for ...
2025-10-03 19:46:56.971 [info] Getting sessions for read:user,repo,user:email,workflow...
2025-10-03 19:46:56.971 [info] Got 0 sessions for read:user,repo,user:email,workflow...
2025-10-03 19:46:56.974 [info] Getting sessions for user:email...
2025-10-03 19:46:56.974 [info] Got 1 sessions for user:email...
2025-10-03 19:46:57.049 [info] Getting sessions for all scopes...
2025-10-03 19:46:57.049 [info] Got 1 sessions for ...
2025-10-03 19:46:57.051 [info] Getting sessions for read:user,repo,user:email,workflow...
2025-10-03 19:46:57.051 [info] Got 0 sessions for read:user,repo,user:email,workflow...
2025-10-03 19:46:57.052 [info] Getting sessions for user:email...
2025-10-03 19:46:57.052 [info] Got 1 sessions for user:email...
2025-10-03 19:46:57.063 [info] Getting sessions for all scopes...
2025-10-03 19:46:57.063 [info] Got 1 sessions for ...
2025-10-03 19:46:57.064 [info] Getting sessions for all scopes...
2025-10-03 19:46:57.064 [info] Got 1 sessions for ...
2025-10-03 19:46:57.192 [info] Getting sessions for user:email...
2025-10-03 19:46:57.192 [info] Got 1 sessions for user:email...
2025-10-03 19:47:02.186 [info] Getting sessions for all scopes...
2025-10-03 19:47:02.186 [info] Got 1 sessions for ...
2025-10-03 19:47:02.951 [info] Getting sessions for all scopes...
2025-10-03 19:47:02.951 [info] Got 1 sessions for ...
2025-10-03 19:47:02.953 [info] Getting sessions for read:user,repo,user:email,workflow...
2025-10-03 19:47:02.953 [info] Got 0 sessions for read:user,repo,user:email,workflow...
2025-10-03 19:47:02.955 [info] Getting sessions for user:email...
2025-10-03 19:47:02.955 [info] Got 1 sessions for user:email...
2025-10-03 19:47:03.222 [info] Getting sessions for all scopes...
2025-10-03 19:47:03.222 [info] Got 1 sessions for ...
2025-10-03 19:47:03.222 [info] Getting sessions for all scopes...
2025-10-03 19:47:03.222 [info] Got 1 sessions for ...
2025-10-03 19:47:03.234 [info] Getting sessions for all scopes...
2025-10-03 19:47:03.234 [info] Got 1 sessions for ...
2025-10-03 19:47:03.885 [info] Getting sessions for all scopes...
2025-10-03 19:47:03.885 [info] Got 1 sessions for ...
2025-10-03 19:47:03.887 [info] Getting sessions for read:user,repo,user:email,workflow...
2025-10-03 19:47:03.887 [info] Got 0 sessions for read:user,repo,user:email,workflow...
2025-10-03 19:47:03.888 [info] Getting sessions for user:email...
2025-10-03 19:47:03.889 [info] Got 1 sessions for user:email...
2025-10-03 19:47:04.734 [info] Getting sessions for all scopes...
2025-10-03 19:47:04.734 [info] Got 1 sessions for ...
2025-10-03 19:47:04.736 [info] Getting sessions for read:user,repo,user:email,workflow...
2025-10-03 19:47:04.736 [info] Got 0 sessions for read:user,repo,user:email,workflow...
2025-10-03 19:47:04.738 [info] Getting sessions for user:email...
2025-10-03 19:47:04.738 [info] Got 1 sessions for user:email...
2025-10-03 20:57:15.018 [info] Getting sessions for read:user,repo,user:email,workflow...
2025-10-03 20:57:15.018 [info] Got 0 sessions for read:user,repo,user:email,workflow...
2025-10-03 20:57:15.046 [info] Getting sessions for read:user...
2025-10-03 20:57:15.046 [info] Got 0 sessions for read:user...
2025-10-03 20:57:15.048 [info] Getting sessions for user:email...
2025-10-03 20:57:15.048 [info] Got 1 sessions for user:email...
2025-10-03 21:22:15.106 [info] Getting sessions for read:user,repo,user:email,workflow...
2025-10-03 21:22:15.106 [info] Got 0 sessions for read:user,repo,user:email,workflow...
2025-10-03 21:22:15.109 [info] Getting sessions for read:user...
2025-10-03 21:22:15.109 [info] Got 0 sessions for read:user...
2025-10-03 21:22:15.110 [info] Getting sessions for user:email...
2025-10-03 21:22:15.110 [info] Got 1 sessions for user:email...
